Count: 127  Time=0.22s (28s)  Lock=0.00s (0s)  Rows=9899.2 (1257201), isuconp[isuconp]@localhost
  SELECT `id`, `user_id`, `body`, `mime`, `created_at` FROM `posts` WHERE `created_at` <= 'S' ORDER BY `created_at` DESC

Count: 546  Time=0.18s (97s)  Lock=0.00s (0s)  Rows=10022.7 (5472403), isuconp[isuconp]@localhost
  SELECT `id`, `user_id`, `body`, `mime`, `created_at` FROM `posts` ORDER BY `created_at` DESC

Count: 137  Time=0.16s (22s)  Lock=0.00s (0s)  Rows=1.0 (137), isuconp[isuconp]@localhost
  SELECT COUNT(*) AS count FROM `comments` WHERE `user_id` = N

Count: 46  Time=0.07s (3s)  Lock=0.00s (0s)  Rows=0.0 (0), isuconp[isuconp]@localhost
  INSERT INTO `posts` (`user_id`, `mime`, `imgdata`, `body`) VALUES (N,'S',_binary'S','S')

Count: 137  Time=0.05s (7s)  Lock=0.00s (0s)  Rows=10.4 (1427), isuconp[isuconp]@localhost
  SELECT `id`, `user_id`, `body`, `mime`, `created_at` FROM `posts` WHERE `user_id` = N ORDER BY `created_at` DESC

Count: 1  Time=0.02s (0s)  Lock=0.00s (0s)  Rows=0.0 (0), isuconp[isuconp]@localhost
  DELETE FROM posts WHERE id > N

Count: 137  Time=0.01s (1s)  Lock=0.00s (0s)  Rows=10.4 (1427), isuconp[isuconp]@localhost
  SELECT `id` FROM `posts` WHERE `user_id` = N

Count: 1  Time=0.01s (0s)  Lock=0.00s (0s)  Rows=0.0 (0), isuconp[isuconp]@localhost
  DELETE FROM comments WHERE id > N

Count: 10  Time=0.01s (0s)  Lock=0.00s (0s)  Rows=1.0 (10), isuconp[isuconp]@localhost
  SELECT COUNT(*) AS count FROM `comments` WHERE `post_id` IN (N, N, N, N, N, N, N, N, N, N, N, N)

Count: 1  Time=0.01s (0s)  Lock=0.00s (0s)  Rows=0.0 (0), isuconp[isuconp]@localhost
  DELETE FROM users WHERE id > N

Count: 51  Time=0.01s (0s)  Lock=0.00s (0s)  Rows=0.0 (0), isuconp[isuconp]@localhost
  INSERT INTO `comments` (`post_id`, `user_id`, `comment`) VALUES (N,N,'S')

Count: 1  Time=0.00s (0s)  Lock=0.00s (0s)  Rows=0.0 (0), isuconp[isuconp]@localhost
  UPDATE users SET del_flg = N

Count: 54  Time=0.00s (0s)  Lock=0.00s (0s)  Rows=0.0 (0), isuconp[isuconp]@localhost
  INSERT INTO `users` (`account_name`, `passhash`) VALUES ('S','S')

Count: 1  Time=0.00s (0s)  Lock=0.00s (0s)  Rows=0.0 (0), isuconp[isuconp]@localhost
  UPDATE users SET del_flg = N WHERE id % N = N

Count: 1  Time=0.00s (0s)  Lock=0.00s (0s)  Rows=0.0 (0), root[root]@localhost
  FLUSH LOGS

Count: 11301  Time=0.00s (18s)  Lock=0.00s (0s)  Rows=1.0 (11301), isuconp[isuconp]@localhost
  SELECT * FROM `posts` WHERE `id` = N

Count: 19  Time=0.00s (0s)  Lock=0.00s (0s)  Rows=1.0 (19), isuconp[isuconp]@localhost
  SELECT COUNT(*) AS count FROM `comments` WHERE `post_id` IN (N, N, N, N, N, N, N, N, N, N)

Count: 1  Time=0.00s (0s)  Lock=0.00s (0s)  Rows=1.0 (1), isuconp[isuconp]@localhost
  SELECT COUNT(*) AS count FROM `comments` WHERE `post_id` IN (N, N, N, N, N, N, N, N, N, N, N, N, N, N, N, N, N, N, N)

Count: 4  Time=0.00s (0s)  Lock=0.00s (0s)  Rows=1.0 (4), isuconp[isuconp]@localhost
  SELECT COUNT(*) AS count FROM `comments` WHERE `post_id` IN (N, N, N, N, N, N, N, N, N, N, N, N, N, N, N, N)

Count: 25  Time=0.00s (0s)  Lock=0.00s (0s)  Rows=1.0 (25), isuconp[isuconp]@localhost
  SELECT COUNT(*) AS count FROM `comments` WHERE `post_id` IN (N, N, N, N, N, N, N, N, N, N, N)

Count: 15  Time=0.00s (0s)  Lock=0.00s (0s)  Rows=1.0 (15), isuconp[isuconp]@localhost
  SELECT COUNT(*) AS count FROM `comments` WHERE `post_id` IN (N, N, N, N, N, N, N, N, N)

Count: 14  Time=0.00s (0s)  Lock=0.00s (0s)  Rows=1.0 (14), isuconp[isuconp]@localhost
  SELECT COUNT(*) AS count FROM `comments` WHERE `post_id` IN (N, N, N, N, N, N, N, N, N, N, N, N, N)

Count: 1003  Time=0.00s (0s)  Lock=0.00s (0s)  Rows=9.4 (9443), isuconp[isuconp]@localhost
  SELECT * FROM `comments` WHERE `post_id` = N ORDER BY `created_at` DESC

Count: 6  Time=0.00s (0s)  Lock=0.00s (0s)  Rows=1.0 (6), isuconp[isuconp]@localhost
  SELECT COUNT(*) AS count FROM `comments` WHERE `post_id` IN (N, N, N, N, N, N, N, N, N, N, N, N, N, N)

Count: 395  Time=0.00s (0s)  Lock=0.00s (0s)  Rows=0.8 (329), isuconp[isuconp]@localhost
  SELECT * FROM users WHERE account_name = 'S' AND del_flg = N

Count: 2  Time=0.00s (0s)  Lock=0.00s (0s)  Rows=1.0 (2), isuconp[isuconp]@localhost
  SELECT COUNT(*) AS count FROM `comments` WHERE `post_id` IN (N, N, N, N, N, N, N, N, N, N, N, N, N, N, N, N, N)

Count: 137  Time=0.00s (0s)  Lock=0.00s (0s)  Rows=1.0 (137), isuconp[isuconp]@localhost
  SELECT * FROM `users` WHERE `account_name` = 'S' AND `del_flg` = N

Count: 11  Time=0.00s (0s)  Lock=0.00s (0s)  Rows=1.0 (11), isuconp[isuconp]@localhost
  SELECT COUNT(*) AS count FROM `comments` WHERE `post_id` IN (N, N, N, N, N, N, N)

Count: 15164  Time=0.00s (7s)  Lock=0.00s (0s)  Rows=1.4 (20648), isuconp[isuconp]@localhost
  SELECT * FROM `comments` WHERE `post_id` = N ORDER BY `created_at` DESC LIMIT N

Count: 4  Time=0.00s (0s)  Lock=0.00s (0s)  Rows=1.0 (4), isuconp[isuconp]@localhost
  SELECT COUNT(*) AS count FROM `comments` WHERE `post_id` IN (N, N, N, N, N, N, N, N, N, N, N, N, N, N, N)

Count: 46920  Time=0.00s (21s)  Lock=0.00s (0s)  Rows=1.0 (46920), isuconp[isuconp]@localhost
  SELECT * FROM `users` WHERE `id` = N

Count: 9  Time=0.00s (0s)  Lock=0.00s (0s)  Rows=1.0 (9), isuconp[isuconp]@localhost
  SELECT COUNT(*) AS count FROM `comments` WHERE `post_id` IN (N, N, N, N, N, N)

Count: 16167  Time=0.00s (7s)  Lock=0.00s (0s)  Rows=1.0 (16167), isuconp[isuconp]@localhost
  SELECT COUNT(*) AS `count` FROM `comments` WHERE `post_id` = N

Count: 16  Time=0.00s (0s)  Lock=0.00s (0s)  Rows=1.0 (16), isuconp[isuconp]@localhost
  SELECT COUNT(*) AS count FROM `comments` WHERE `post_id` IN (N, N, N, N, N, N, N, N)

Count: 54  Time=0.00s (0s)  Lock=0.00s (0s)  Rows=0.0 (0), isuconp[isuconp]@localhost
  SELECT N FROM users WHERE `account_name` = 'S'

Count: 1  Time=0.00s (0s)  Lock=0.00s (0s)  Rows=1.0 (1), isuconp[isuconp]@localhost
  SELECT COUNT(*) AS count FROM `comments` WHERE `post_id` IN (N, N, N, N, N)

Count: 1  Time=0.00s (0s)  Lock=0.00s (0s)  Rows=1.0 (1), isuconp[isuconp]@localhost
  select @@version_comment limit N

Count: 11  Time=0.00s (0s)  Lock=0.00s (0s)  Rows=0.0 (0), isuconp[isuconp]@localhost
  SET NAMES utf8mb4

Count: 2  Time=0.00s (0s)  Lock=0.00s (0s)  Rows=0.0 (0), 2users@localhost
  #

Count: 2  Time=0.00s (0s)  Lock=0.00s (0s)  Rows=0.0 (0), 0users@0hosts
  administrator command: Quit

