
# 10.4s user time, 90ms system time, 43.06M rss, 50.24M vsz
# Current date: Wed Jul  6 21:40:00 2022
# Hostname: ip-172-31-43-134
# Files: /var/log/mysql/mysql-slow.log
# Overall: 92.53k total, 29 unique, 1.34k QPS, 3.17x concurrency _________
# Time range: 2022-07-06T12:38:31 to 2022-07-06T12:39:40
# Attribute          total     min     max     avg     95%  stddev  median
# ============     ======= ======= ======= ======= ======= ======= =======
# Exec time           219s     3us   399ms     2ms     3ms    18ms   176us
# Lock time          911ms       0    15ms     9us     4us   147us     2us
# Rows sent          6.52M       0   9.81k   73.89    2.90  821.93    0.99
# Rows examine      28.71M       0  97.71k  325.37   10.84   4.10k    0.99
# Query size        26.15M      10 1019.83k  296.31   80.10  13.44k   36.69

# Profile
# Rank Query ID                      Response time Calls R/Call V/M   Item
# ==== ============================= ============= ===== ====== ===== ====
#    1 0x4858CF4D8CAA743E839C127C... 97.6357 44.6%   546 0.1788  0.03 SELECT posts
#    2 0x7A12D0C8F433684C3027353C... 28.4975 13.0%   127 0.2244  0.04 SELECT posts
#    3 0xCDEB1AFF2AE2BE51B2ED5CF0... 22.2142 10.2%   137 0.1621  0.02 SELECT comments
#    4 0x396201721CD58410E070DA94... 21.9558 10.0% 46920 0.0005  0.00 SELECT users
#    5 0x19759A5557089FD5B718D440... 18.5939  8.5% 11301 0.0016  0.00 SELECT posts
#    6 0x624863D30DAC59FA16849282...  8.0970  3.7% 15164 0.0005  0.00 SELECT comments
#    7 0xE83DA93257C7B787C67B1B05...  7.5021  3.4%   137 0.0548  0.01 SELECT posts
#    8 0x422390B42D4DD86C7539A5F4...  7.3249  3.3% 16167 0.0005  0.00 SELECT comments
# MISC 0xMISC                         6.9380  3.2%  2034 0.0034   0.0 <21 ITEMS>

# Query 1: 8.67 QPS, 1.55x concurrency, ID 0x4858CF4D8CAA743E839C127C71B69E75 at byte 32991966
# Scores: V/M = 0.03
# Time range: 2022-07-06T12:38:36 to 2022-07-06T12:39:39
# Attribute    pct   total     min     max     avg     95%  stddev  median
# ============ === ======= ======= ======= ======= ======= ======= =======
# Count          0     546
# Exec time     44     98s    19ms   394ms   179ms   293ms    77ms   180ms
# Lock time      0     5ms     2us     1ms     8us     4us    57us     3us
# Rows sent     80   5.22M   9.77k   9.81k   9.79k   9.80k      23   9.33k
# Rows examine  36  10.44M  19.53k  19.62k  19.58k  19.40k       0  19.40k
# Query size     0  49.05k      92      92      92      92       0      92
# String:
# Databases    isuconp
# Hosts        localhost
# Users        isuconp
# Query_time distribution
#   1us
#  10us
# 100us
#   1ms
#  10ms  ##############
# 100ms  ################################################################
#    1s
#  10s+
# Tables
#    SHOW TABLE STATUS FROM `isuconp` LIKE 'posts'\G
#    SHOW CREATE TABLE `isuconp`.`posts`\G
# EXPLAIN /*!50100 PARTITIONS*/
SELECT `id`, `user_id`, `body`, `mime`, `created_at` FROM `posts` ORDER BY `created_at` DESC\G

# Query 2: 2.08 QPS, 0.47x concurrency, ID 0x7A12D0C8F433684C3027353C36CAB572 at byte 24023291
# Scores: V/M = 0.04
# Time range: 2022-07-06T12:38:38 to 2022-07-06T12:39:39
# Attribute    pct   total     min     max     avg     95%  stddev  median
# ============ === ======= ======= ======= ======= ======= ======= =======
# Count          0     127
# Exec time     13     28s    22ms   399ms   224ms   339ms    95ms   241ms
# Lock time      0   485us     2us    17us     3us     4us     1us     3us
# Rows sent     18   1.20M   9.57k   9.76k   9.67k   9.33k       0   9.33k
# Rows examine   8   2.41M  19.34k  19.57k  19.46k  19.40k  113.50  19.40k
# Query size     0  17.61k     142     142     142     142       0     142
# String:
# Databases    isuconp
# Hosts        localhost
# Users        isuconp
# Query_time distribution
#   1us
#  10us
# 100us
#   1ms
#  10ms  #########
# 100ms  ################################################################
#    1s
#  10s+
# Tables
#    SHOW TABLE STATUS FROM `isuconp` LIKE 'posts'\G
#    SHOW CREATE TABLE `isuconp`.`posts`\G
# EXPLAIN /*!50100 PARTITIONS*/
SELECT `id`, `user_id`, `body`, `mime`, `created_at` FROM `posts` WHERE `created_at` <= '2016-01-02T11:46:28+09:00' ORDER BY `created_at` DESC\G

# Query 3: 2.25 QPS, 0.36x concurrency, ID 0xCDEB1AFF2AE2BE51B2ED5CF03D4E749F at byte 24006450
# Scores: V/M = 0.02
# Time range: 2022-07-06T12:38:36 to 2022-07-06T12:39:37
# Attribute    pct   total     min     max     avg     95%  stddev  median
# ============ === ======= ======= ======= ======= ======= ======= =======
# Count          0     137
# Exec time     10     22s    33ms   295ms   162ms   266ms    62ms   155ms
# Lock time      0   653us     2us   153us     4us     4us    12us     2us
# Rows sent      0     137       1       1       1       1       0       1
# Rows examine  45  13.07M  97.66k  97.71k  97.68k  97.04k       0  97.04k
# Query size     0   8.28k      61      62   61.88   59.77       0   59.77
# String:
# Databases    isuconp
# Hosts        localhost
# Users        isuconp
# Query_time distribution
#   1us
#  10us
# 100us
#   1ms
#  10ms  ############
# 100ms  ################################################################
#    1s
#  10s+
# Tables
#    SHOW TABLE STATUS FROM `isuconp` LIKE 'comments'\G
#    SHOW CREATE TABLE `isuconp`.`comments`\G
# EXPLAIN /*!50100 PARTITIONS*/
SELECT COUNT(*) AS count FROM `comments` WHERE `user_id` = 427\G

# Query 4: 744.76 QPS, 0.35x concurrency, ID 0x396201721CD58410E070DA9421CA8C8D at byte 37932716
# Scores: V/M = 0.00
# Time range: 2022-07-06T12:38:36 to 2022-07-06T12:39:39
# Attribute    pct   total     min     max     avg     95%  stddev  median
# ============ === ======= ======= ======= ======= ======= ======= =======
# Count         50   46920
# Exec time     10     22s    76us    34ms   467us     2ms     1ms   138us
# Lock time     55   505ms     2us    15ms    10us     4us   161us     2us
# Rows sent      0  45.82k       1       1       1       1       0       1
# Rows examine   0  45.82k       1       1       1       1       0       1
# Query size     6   1.70M      36      39   37.88   36.69    0.18   36.69
# String:
# Databases    isuconp
# Hosts        localhost
# Users        isuconp
# Query_time distribution
#   1us
#  10us  #
# 100us  ################################################################
#   1ms  ######
#  10ms  #
# 100ms
#    1s
#  10s+
# Tables
#    SHOW TABLE STATUS FROM `isuconp` LIKE 'users'\G
#    SHOW CREATE TABLE `isuconp`.`users`\G
# EXPLAIN /*!50100 PARTITIONS*/
SELECT * FROM `users` WHERE `id` = 672\G

# Query 5: 176.58 QPS, 0.29x concurrency, ID 0x19759A5557089FD5B718D440CBBB5C55 at byte 27044919
# Scores: V/M = 0.00
# Time range: 2022-07-06T12:38:36 to 2022-07-06T12:39:40
# Attribute    pct   total     min     max     avg     95%  stddev  median
# ============ === ======= ======= ======= ======= ======= ======= =======
# Count         12   11301
# Exec time      8     19s   139us    51ms     2ms     7ms     3ms   467us
# Lock time     11   101ms     2us    15ms     8us     4us   162us     3us
# Rows sent      0  11.04k       1       1       1       1       0       1
# Rows examine   0  11.04k       1       1       1       1       0       1
# Query size     1 434.65k      36      40   39.38   38.53    0.29   38.53
# String:
# Databases    isuconp
# Hosts        localhost
# Users        isuconp
# Query_time distribution
#   1us
#  10us
# 100us  ################################################################
#   1ms  ###################################
#  10ms  ##
# 100ms
#    1s
#  10s+
# Tables
#    SHOW TABLE STATUS FROM `isuconp` LIKE 'posts'\G
#    SHOW CREATE TABLE `isuconp`.`posts`\G
# EXPLAIN /*!50100 PARTITIONS*/
SELECT * FROM `posts` WHERE `id` = 2823\G

# Query 6: 240.70 QPS, 0.13x concurrency, ID 0x624863D30DAC59FA16849282195BE09F at byte 6078122
# Scores: V/M = 0.00
# Time range: 2022-07-06T12:38:36 to 2022-07-06T12:39:39
# Attribute    pct   total     min     max     avg     95%  stddev  median
# ============ === ======= ======= ======= ======= ======= ======= =======
# Count         16   15164
# Exec time      3      8s    99us    29ms   533us     2ms     1ms   185us
# Lock time     11   105ms     2us     3ms     6us     4us    58us     2us
# Rows sent      0  20.16k       0       3    1.36    2.90    1.42       0
# Rows examine   0  20.16k       0       3    1.36    2.90    1.42       0
# Query size     4   1.19M      79      83   82.56   80.10    0.15   80.10
# String:
# Databases    isuconp
# Hosts        localhost
# Users        isuconp
# Query_time distribution
#   1us
#  10us
# 100us  ################################################################
#   1ms  #######
#  10ms  #
# 100ms
#    1s
#  10s+
# Tables
#    SHOW TABLE STATUS FROM `isuconp` LIKE 'comments'\G
#    SHOW CREATE TABLE `isuconp`.`comments`\G
# EXPLAIN /*!50100 PARTITIONS*/
SELECT * FROM `comments` WHERE `post_id` = 8004 ORDER BY `created_at` DESC LIMIT 3\G

# Query 7: 2.25 QPS, 0.12x concurrency, ID 0xE83DA93257C7B787C67B1B05D2469241 at byte 7249056
# Scores: V/M = 0.01
# Time range: 2022-07-06T12:38:36 to 2022-07-06T12:39:37
# Attribute    pct   total     min     max     avg     95%  stddev  median
# ============ === ======= ======= ======= ======= ======= ======= =======
# Count          0     137
# Exec time      3      8s     6ms   124ms    55ms   100ms    26ms    48ms
# Lock time      0     5ms     2us     1ms    33us    23us   165us     3us
# Rows sent      0   1.39k       5      19   10.42   14.52    2.67    9.83
# Rows examine   4   1.31M   9.77k   9.82k   9.80k   9.80k   26.50   9.80k
# Query size     0  15.24k     113     114  113.88  112.70       0  112.70
# String:
# Databases    isuconp
# Hosts        localhost
# Users        isuconp
# Query_time distribution
#   1us
#  10us
# 100us
#   1ms  #
#  10ms  ################################################################
# 100ms  #######
#    1s
#  10s+
# Tables
#    SHOW TABLE STATUS FROM `isuconp` LIKE 'posts'\G
#    SHOW CREATE TABLE `isuconp`.`posts`\G
# EXPLAIN /*!50100 PARTITIONS*/
SELECT `id`, `user_id`, `body`, `mime`, `created_at` FROM `posts` WHERE `user_id` = 974 ORDER BY `created_at` DESC\G

# Query 8: 256.62 QPS, 0.12x concurrency, ID 0x422390B42D4DD86C7539A5F45EB76A80 at byte 17954240
# Scores: V/M = 0.00
# Time range: 2022-07-06T12:38:36 to 2022-07-06T12:39:39
# Attribute    pct   total     min     max     avg     95%  stddev  median
# ============ === ======= ======= ======= ======= ======= ======= =======
# Count         17   16167
# Exec time      3      7s    97us    30ms   453us     2ms   978us   176us
# Lock time     18   171ms     2us     9ms    10us     4us   161us     2us
# Rows sent      0  15.79k       1       1       1       1       0       1
# Rows examine   0  75.09k       0      21    4.76   13.83    5.28    0.99
# Query size     3   1.01M      62      66   65.52   65.89    1.57   65.89
# String:
# Databases    isuconp
# Hosts        localhost
# Users        isuconp
# Query_time distribution
#   1us
#  10us  #
# 100us  ################################################################
#   1ms  ######
#  10ms  #
# 100ms
#    1s
#  10s+
# Tables
#    SHOW TABLE STATUS FROM `isuconp` LIKE 'comments'\G
#    SHOW CREATE TABLE `isuconp`.`comments`\G
# EXPLAIN /*!50100 PARTITIONS*/
SELECT COUNT(*) AS `count` FROM `comments` WHERE `post_id` = 10770\G
