+-------+-----+-----+-----+-----+-----+--------+--------------------+--------+--------+---------+--------+--------+--------+--------+--------+-------------+-------------+-------------+-------------+
| COUNT | 1XX | 2XX | 3XX | 4XX | 5XX | METHOD |        URI         |  MIN   |  MAX   |   SUM   |  AVG   |  P90   |  P95   |  P99   | STDDEV |  MIN(BODY)  |  MAX(BODY)  |  SUM(BODY)  |  AVG(BODY)  |
+-------+-----+-----+-----+-----+-----+--------+--------------------+--------+--------+---------+--------+--------+--------+--------+--------+-------------+-------------+-------------+-------------+
|     2 |   0 |   2 |   0 |   0 |   0 | GET    | /image/9980.jpg    |  0.000 |  0.000 |   0.000 |  0.000 |  0.000 |  0.000 |  0.000 |  0.000 |   96004.000 |   96011.000 |  192015.000 |   96007.500 |
|     2 |   0 |   2 |   0 |   0 |   0 | GET    | /image/9982.jpg    |  0.000 |  0.000 |   0.000 |  0.000 |  0.000 |  0.000 |  0.000 |  0.000 |  150039.000 |  150053.000 |  300092.000 |  150046.000 |
|     2 |   0 |   2 |   0 |   0 |   0 | GET    | /image/9983.jpg    |  0.000 |  0.000 |   0.000 |  0.000 |  0.000 |  0.000 |  0.000 |  0.000 |   98167.000 |   98174.000 |  196341.000 |   98170.500 |
|     2 |   0 |   2 |   0 |   0 |   0 | GET    | /image/9986.jpg    |  0.000 |  0.000 |   0.000 |  0.000 |  0.000 |  0.000 |  0.000 |  0.000 |   86716.000 |   86731.000 |  173447.000 |   86723.500 |
|     2 |   0 |   2 |   0 |   0 |   0 | GET    | /image/9987.jpg    |  0.000 |  0.000 |   0.000 |  0.000 |  0.000 |  0.000 |  0.000 |  0.000 |  367791.000 |  367792.000 |  735583.000 |  367791.500 |
|     2 |   0 |   2 |   0 |   0 |   0 | GET    | /image/9989.jpg    |  0.000 |  0.000 |   0.000 |  0.000 |  0.000 |  0.000 |  0.000 |  0.000 |  107591.000 |  107591.000 |  215182.000 |  107591.000 |
|     2 |   0 |   2 |   0 |   0 |   0 | GET    | /image/9991.jpg    |  0.000 |  0.000 |   0.000 |  0.000 |  0.000 |  0.000 |  0.000 |  0.000 |  153629.000 |  153644.000 |  307273.000 |  153636.500 |
|     5 |   0 |   5 |   0 |   0 |   0 | GET    | /css/style.css     |  0.000 |  0.000 |   0.000 |  0.000 |  0.000 |  0.000 |  0.000 |  0.000 |    1549.000 |    1549.000 |    7745.000 |    1549.000 |
|     2 |   0 |   2 |   0 |   0 |   0 | GET    | /image/9993.jpg    |  0.000 |  0.000 |   0.000 |  0.000 |  0.000 |  0.000 |  0.000 |  0.000 |   85631.000 |   85638.000 |  171269.000 |   85634.500 |
|     2 |   0 |   2 |   0 |   0 |   0 | GET    | /image/9994.jpg    |  0.000 |  0.000 |   0.000 |  0.000 |  0.000 |  0.000 |  0.000 |  0.000 |  105239.000 |  105246.000 |  210485.000 |  105242.500 |
|     1 |   0 |   0 |   0 |   1 |   0 | GET    | /admin/banned      |  0.000 |  0.000 |   0.000 |  0.000 |  0.000 |  0.000 |  0.000 |  0.000 |       0.000 |       0.000 |       0.000 |       0.000 |
|     2 |   0 |   2 |   0 |   0 |   0 | GET    | /image/9998.jpg    |  0.000 |  0.000 |   0.000 |  0.000 |  0.000 |  0.000 |  0.000 |  0.000 |   61739.000 |   61739.000 |  123478.000 |   61739.000 |
|     5 |   0 |   5 |   0 |   0 |   0 | GET    | /js/timeago.min.js |  0.000 |  0.000 |   0.000 |  0.000 |  0.000 |  0.000 |  0.000 |  0.000 |    1915.000 |    1915.000 |    9575.000 |    1915.000 |
|     2 |   0 |   2 |   0 |   0 |   0 | GET    | /image/9981.jpg    |  0.000 |  0.000 |   0.000 |  0.000 |  0.000 |  0.000 |  0.000 |  0.000 |   81479.000 |   81479.000 |  162958.000 |   81479.000 |
|     2 |   0 |   2 |   0 |   0 |   0 | GET    | /image/9988.jpg    |  0.004 |  0.004 |   0.004 |  0.002 |  0.004 |  0.004 |  0.004 |  0.002 |  111647.000 |  111647.000 |  223294.000 |  111647.000 |
|     1 |   0 |   1 |   0 |   0 |   0 | GET    | /image/1093.jpg    |  0.004 |  0.004 |   0.004 |  0.004 |  0.004 |  0.004 |  0.004 |  0.000 |  132822.000 |  132822.000 |  132822.000 |  132822.000 |
|     5 |   0 |   5 |   0 |   0 |   0 | GET    | /js/main.js        |  0.004 |  0.004 |   0.004 |  0.001 |  0.004 |  0.004 |  0.004 |  0.002 |    1824.000 |    1824.000 |    9120.000 |    1824.000 |
|     1 |   0 |   1 |   0 |   0 |   0 | GET    | /image/3649.jpg    |  0.004 |  0.004 |   0.004 |  0.004 |  0.004 |  0.004 |  0.004 |  0.000 |   64961.000 |   64961.000 |   64961.000 |   64961.000 |
|     2 |   0 |   2 |   0 |   0 |   0 | GET    | /image/9990.jpg    |  0.004 |  0.004 |   0.004 |  0.002 |  0.004 |  0.004 |  0.004 |  0.002 |  102494.000 |  102494.000 |  204988.000 |  102494.000 |
|     1 |   0 |   0 |   1 |   0 |   0 | POST   | /comment           |  0.004 |  0.004 |   0.004 |  0.004 |  0.004 |  0.004 |  0.004 |  0.000 |       0.000 |       0.000 |       0.000 |       0.000 |
|     2 |   0 |   2 |   0 |   0 |   0 | GET    | /image/9995.jpg    |  0.000 |  0.004 |   0.004 |  0.002 |  0.004 |  0.004 |  0.004 |  0.002 |  123488.000 |  123489.000 |  246977.000 |  123488.500 |
|     1 |   0 |   0 |   1 |   0 |   0 | GET    | /logout            |  0.004 |  0.004 |   0.004 |  0.004 |  0.004 |  0.004 |  0.004 |  0.000 |      24.000 |      24.000 |      24.000 |      24.000 |
|     2 |   0 |   2 |   0 |   0 |   0 | GET    | /image/9985.jpg    |  0.000 |  0.004 |   0.004 |  0.002 |  0.004 |  0.004 |  0.004 |  0.002 |   83371.000 |   83371.000 |  166742.000 |   83371.000 |
|     5 |   0 |   5 |   0 |   0 |   0 | GET    | /favicon.ico       |  0.000 |  0.004 |   0.008 |  0.002 |  0.004 |  0.004 |  0.004 |  0.002 |      43.000 |      43.000 |     215.000 |      43.000 |
|     2 |   0 |   2 |   0 |   0 |   0 | GET    | /image/9997.jpg    |  0.004 |  0.004 |   0.008 |  0.004 |  0.004 |  0.004 |  0.004 |  0.000 |  176607.000 |  176607.000 |  353214.000 |  176607.000 |
|     2 |   0 |   2 |   0 |   0 |   0 | GET    | /image/9996.jpg    |  0.004 |  0.004 |   0.008 |  0.004 |  0.004 |  0.004 |  0.004 |  0.000 |  375209.000 |  375210.000 |  750419.000 |  375209.500 |
|     2 |   0 |   2 |   0 |   0 |   0 | GET    | /image/9999.jpg    |  0.004 |  0.004 |   0.008 |  0.004 |  0.004 |  0.004 |  0.004 |  0.000 |   90020.000 |   90035.000 |  180055.000 |   90027.500 |
|     1 |   0 |   1 |   0 |   0 |   0 | GET    | /image/2626.jpg    |  0.012 |  0.012 |   0.012 |  0.012 |  0.012 |  0.012 |  0.012 |  0.000 |  110026.000 |  110026.000 |  110026.000 |  110026.000 |
|     1 |   0 |   1 |   0 |   0 |   0 | GET    | /image/2001.jpg    |  0.012 |  0.012 |   0.012 |  0.012 |  0.012 |  0.012 |  0.012 |  0.000 |  303404.000 |  303404.000 |  303404.000 |  303404.000 |
|     3 |   0 |   3 |   0 |   0 |   0 | GET    | /image/10015.png   |  0.004 |  0.004 |   0.012 |  0.004 |  0.004 |  0.004 |  0.004 |  0.000 |  892205.000 |  892685.000 | 2677517.000 |  892505.667 |
|     2 |   0 |   2 |   0 |   0 |   0 | GET    | /image/10000.png   |  0.004 |  0.008 |   0.012 |  0.006 |  0.008 |  0.008 |  0.008 |  0.002 | 1057690.000 | 1057811.000 | 2115501.000 | 1057750.500 |
|     1 |   0 |   1 |   0 |   0 |   0 | GET    | /image/1723.jpg    |  0.012 |  0.012 |   0.012 |  0.012 |  0.012 |  0.012 |  0.012 |  0.000 |  109626.000 |  109626.000 |  109626.000 |  109626.000 |
|     1 |   0 |   1 |   0 |   0 |   0 | GET    | /image/3474.jpg    |  0.012 |  0.012 |   0.012 |  0.012 |  0.012 |  0.012 |  0.012 |  0.000 |  158355.000 |  158355.000 |  158355.000 |  158355.000 |
|     2 |   0 |   2 |   0 |   0 |   0 | GET    | /image/4977.jpg    |  0.004 |  0.012 |   0.016 |  0.008 |  0.012 |  0.012 |  0.012 |  0.004 |   92115.000 |   92115.000 |  184230.000 |   92115.000 |
|    26 |   0 |  26 |   0 |   0 |   0 | GET    | /login             |  0.000 |  0.004 |   0.020 |  0.001 |  0.004 |  0.004 |  0.004 |  0.002 |     615.000 |     615.000 |   15990.000 |     615.000 |
|     2 |   0 |   2 |   0 |   0 |   0 | GET    | /image/9892.jpg    |  0.000 |  0.036 |   0.036 |  0.018 |  0.036 |  0.036 |  0.036 |  0.018 |  111554.000 |  111555.000 |  223109.000 |  111554.500 |
|     2 |   0 |   0 |   1 |   1 |   0 | POST   | /                  |  0.004 |  0.040 |   0.044 |  0.022 |  0.040 |  0.040 |  0.040 |  0.018 |       0.000 |       0.000 |       0.000 |       0.000 |
|     1 |   0 |   1 |   0 |   0 |   0 | GET    | /initialize        |  0.056 |  0.056 |   0.056 |  0.056 |  0.056 |  0.056 |  0.056 |  0.000 |       0.000 |       0.000 |       0.000 |       0.000 |
|     1 |   0 |   1 |   0 |   0 |   0 | GET    | /posts/10015       |  0.080 |  0.080 |   0.080 |  0.080 |  0.080 |  0.080 |  0.080 |  0.000 |     817.000 |     817.000 |     817.000 |     817.000 |
|     1 |   0 |   1 |   0 |   0 |   0 | GET    | /posts/9687        |  0.088 |  0.088 |   0.088 |  0.088 |  0.088 |  0.088 |  0.088 |  0.000 |    1597.000 |    1597.000 |    1597.000 |    1597.000 |
|     4 |   0 |   0 |   4 |   0 |   0 | POST   | /register          |  0.016 |  0.332 |   0.508 |  0.127 |  0.332 |  0.332 |  0.332 |  0.121 |       0.000 |       0.000 |       0.000 |       0.000 |
|     1 |   0 |   1 |   0 |   0 |   0 | GET    | /@jami             |  1.352 |  1.352 |   1.352 |  1.352 |  1.352 |  1.352 |  1.352 |  0.000 |    4780.000 |    4780.000 |    4780.000 |    4780.000 |
|     1 |   0 |   1 |   0 |   0 |   0 | GET    | /posts/9892        |  1.476 |  1.476 |   1.476 |  1.476 |  1.476 |  1.476 |  1.476 |  0.000 |    1221.000 |    1221.000 |    1221.000 |    1221.000 |
|     1 |   0 |   1 |   0 |   0 |   0 | GET    | /posts/4977        |  1.944 |  1.944 |   1.944 |  1.944 |  1.944 |  1.944 |  1.944 |  0.000 |    1357.000 |    1357.000 |    1357.000 |    1357.000 |
|    58 |   0 |   0 |  58 |   0 |   0 | POST   | /login             |  0.004 |  0.580 |   5.449 |  0.094 |  0.232 |  0.560 |  0.580 |  0.138 |       0.000 |       0.000 |       0.000 |       0.000 |
|     1 |   0 |   1 |   0 |   0 |   0 | GET    | /@janis            |  7.676 |  7.676 |   7.676 |  7.676 |  7.676 |  7.676 |  7.676 |  0.000 |    2688.000 |    2688.000 |    2688.000 |    2688.000 |
|     1 |   0 |   0 |   0 |   1 |   0 | GET    | /@dorothy          |  9.996 |  9.996 |   9.996 |  9.996 |  9.996 |  9.996 |  9.996 |  0.000 |       0.000 |       0.000 |       0.000 |       0.000 |
|     1 |   0 |   0 |   0 |   1 |   0 | GET    | /@jane             | 10.000 | 10.000 |  10.000 | 10.000 | 10.000 | 10.000 | 10.000 |  0.000 |       0.000 |       0.000 |       0.000 |       0.000 |
|     1 |   0 |   0 |   0 |   1 |   0 | GET    | /@noelle           | 10.000 | 10.000 |  10.000 | 10.000 | 10.000 | 10.000 | 10.000 |  0.000 |       0.000 |       0.000 |       0.000 |       0.000 |
|     1 |   0 |   0 |   0 |   1 |   0 | GET    | /@consuelo         | 10.000 | 10.000 |  10.000 | 10.000 | 10.000 | 10.000 | 10.000 |  0.000 |       0.000 |       0.000 |       0.000 |       0.000 |
|     1 |   0 |   0 |   0 |   1 |   0 | GET    | /@sue              | 10.000 | 10.000 |  10.000 | 10.000 | 10.000 | 10.000 | 10.000 |  0.000 |       0.000 |       0.000 |       0.000 |       0.000 |
|     1 |   0 |   0 |   0 |   1 |   0 | GET    | /@naomi            | 10.000 | 10.000 |  10.000 | 10.000 | 10.000 | 10.000 | 10.000 |  0.000 |       0.000 |       0.000 |       0.000 |       0.000 |
|     1 |   0 |   0 |   0 |   1 |   0 | GET    | /@viola            | 10.001 | 10.001 |  10.001 | 10.001 | 10.001 | 10.001 | 10.001 |  0.000 |       0.000 |       0.000 |       0.000 |       0.000 |
|     1 |   0 |   0 |   0 |   1 |   0 | GET    | /@cathy            | 10.001 | 10.001 |  10.001 | 10.001 | 10.001 | 10.001 | 10.001 |  0.000 |       0.000 |       0.000 |       0.000 |       0.000 |
|     1 |   0 |   0 |   0 |   1 |   0 | GET    | /@rosario          | 10.001 | 10.001 |  10.001 | 10.001 | 10.001 | 10.001 | 10.001 |  0.000 |       0.000 |       0.000 |       0.000 |       0.000 |
|     1 |   0 |   0 |   0 |   1 |   0 | GET    | /@joan             | 10.001 | 10.001 |  10.001 | 10.001 | 10.001 | 10.001 | 10.001 |  0.000 |       0.000 |       0.000 |       0.000 |       0.000 |
|     1 |   0 |   0 |   0 |   1 |   0 | GET    | /@ruby             | 10.008 | 10.008 |  10.008 | 10.008 | 10.008 | 10.008 | 10.008 |  0.000 |       0.000 |       0.000 |       0.000 |       0.000 |
|    61 |   0 |   7 |   0 |  54 |   0 | GET    | /                  |  1.700 | 10.008 | 547.949 |  8.983 | 10.001 | 10.008 | 10.008 |  2.619 |       0.000 |    6043.000 |   41314.000 |     677.279 |
+-------+-----+-----+-----+-----+-----+--------+--------------------+--------+--------+---------+--------+--------+--------+--------+--------+-------------+-------------+-------------+-------------+
