
# 9.6s user time, 60ms system time, 39.36M rss, 46.57M vsz
# Current date: Sun Jul  3 22:19:06 2022
# Hostname: ip-172-31-43-134
# Files: /var/log/mysql/mysql-slow.log
# Overall: 85.75k total, 26 unique, 1.26k QPS, 3.11x concurrency _________
# Time range: 2022-07-03T13:17:37 to 2022-07-03T13:18:45
# Attribute          total     min     max     avg     95%  stddev  median
# ============     ======= ======= ======= ======= ======= ======= =======
# Exec time           211s     3us   475ms     2ms     3ms    19ms   185us
# Lock time          973ms       0    14ms    11us     4us   142us     3us
# Rows sent          6.04M       0   9.81k   73.82    2.90  820.08    0.99
# Rows examine      27.29M       0  97.70k  333.68   10.84   4.18k    0.99
# Query size        26.43M      10 975.09k  323.25   80.10  14.41k   36.69

# Profile
# Rank Query ID                      Response time Calls R/Call V/M   Item
# ==== ============================= ============= ===== ====== ===== ====
#    1 0x4858CF4D8CAA743E839C127C... 93.7267 44.4%   511 0.1834  0.03 SELECT posts
#    2 0x7A12D0C8F433684C3027353C... 27.2670 12.9%   112 0.2435  0.03 SELECT posts
#    3 0xCDEB1AFF2AE2BE51B2ED5CF0... 22.2715 10.5%   133 0.1675  0.03 SELECT comments
#    4 0x396201721CD58410E070DA94... 21.9207 10.4% 43461 0.0005  0.00 SELECT users
#    5 0x19759A5557089FD5B718D440... 17.1212  8.1% 10481 0.0016  0.00 SELECT posts
#    6 0x624863D30DAC59FA16849282...  7.7105  3.6% 14041 0.0005  0.00 SELECT comments
#    7 0xE83DA93257C7B787C67B1B05...  7.2896  3.4%   133 0.0548  0.01 SELECT posts
#    8 0x422390B42D4DD86C7539A5F4...  6.9138  3.3% 14968 0.0005  0.00 SELECT comments
# MISC 0xMISC                         7.0878  3.4%  1909 0.0037   0.0 <18 ITEMS>

# Query 1: 8.24 QPS, 1.51x concurrency, ID 0x4858CF4D8CAA743E839C127C71B69E75 at byte 11888225
# Scores: V/M = 0.03
# Time range: 2022-07-03T13:17:42 to 2022-07-03T13:18:44
# Attribute    pct   total     min     max     avg     95%  stddev  median
# ============ === ======= ======= ======= ======= ======= ======= =======
# Count          0     511
# Exec time     44     94s    19ms   393ms   183ms   308ms    78ms   180ms
# Lock time      0     5ms     2us     1ms    10us     4us    67us     3us
# Rows sent     80   4.88M   9.77k   9.81k   9.79k   9.80k      21   9.33k
# Rows examine  35   9.77M  19.53k  19.61k  19.57k  19.40k       0  19.40k
# Query size     0  45.91k      92      92      92      92       0      92
# String:
# Databases    isuconp
# Hosts        localhost
# Users        isuconp
# Query_time distribution
#   1us
#  10us
# 100us
#   1ms
#  10ms  ############
# 100ms  ################################################################
#    1s
#  10s+
# Tables
#    SHOW TABLE STATUS FROM `isuconp` LIKE 'posts'\G
#    SHOW CREATE TABLE `isuconp`.`posts`\G
# EXPLAIN /*!50100 PARTITIONS*/
SELECT `id`, `user_id`, `body`, `mime`, `created_at` FROM `posts` ORDER BY `created_at` DESC\G

# Query 2: 1.87 QPS, 0.45x concurrency, ID 0x7A12D0C8F433684C3027353C36CAB572 at byte 22989966
# Scores: V/M = 0.03
# Time range: 2022-07-03T13:17:44 to 2022-07-03T13:18:44
# Attribute    pct   total     min     max     avg     95%  stddev  median
# ============ === ======= ======= ======= ======= ======= ======= =======
# Count          0     112
# Exec time     12     27s    43ms   475ms   243ms   374ms    92ms   253ms
# Lock time      0     6ms     3us     4ms    53us    17us   406us     3us
# Rows sent     17   1.06M   9.57k   9.75k   9.67k   9.33k       0   9.33k
# Rows examine   7   2.13M  19.34k  19.55k  19.45k  19.40k  108.50  19.40k
# Query size     0  15.53k     142     142     142     142       0     142
# String:
# Databases    isuconp
# Hosts        localhost
# Users        isuconp
# Query_time distribution
#   1us
#  10us
# 100us
#   1ms
#  10ms  #####
# 100ms  ################################################################
#    1s
#  10s+
# Tables
#    SHOW TABLE STATUS FROM `isuconp` LIKE 'posts'\G
#    SHOW CREATE TABLE `isuconp`.`posts`\G
# EXPLAIN /*!50100 PARTITIONS*/
SELECT `id`, `user_id`, `body`, `mime`, `created_at` FROM `posts` WHERE `created_at` <= '2016-01-02T11:44:22+09:00' ORDER BY `created_at` DESC\G

# Query 3: 2.18 QPS, 0.37x concurrency, ID 0xCDEB1AFF2AE2BE51B2ED5CF03D4E749F at byte 24481936
# Scores: V/M = 0.03
# Time range: 2022-07-03T13:17:42 to 2022-07-03T13:18:43
# Attribute    pct   total     min     max     avg     95%  stddev  median
# ============ === ======= ======= ======= ======= ======= ======= =======
# Count          0     133
# Exec time     10     22s    19ms   315ms   167ms   279ms    67ms   155ms
# Lock time      0   584us     3us   122us     4us     4us    10us     2us
# Rows sent      0     133       1       1       1       1       0       1
# Rows examine  46  12.69M  97.66k  97.70k  97.68k  97.04k       0  97.04k
# Query size     0   8.04k      61      62   61.92   59.77       0   59.77
# String:
# Databases    isuconp
# Hosts        localhost
# Users        isuconp
# Query_time distribution
#   1us
#  10us
# 100us
#   1ms
#  10ms  ##############
# 100ms  ################################################################
#    1s
#  10s+
# Tables
#    SHOW TABLE STATUS FROM `isuconp` LIKE 'comments'\G
#    SHOW CREATE TABLE `isuconp`.`comments`\G
# EXPLAIN /*!50100 PARTITIONS*/
SELECT COUNT(*) AS count FROM `comments` WHERE `user_id` = 524\G

# Query 4: 700.98 QPS, 0.35x concurrency, ID 0x396201721CD58410E070DA9421CA8C8D at byte 5159641
# Scores: V/M = 0.00
# Time range: 2022-07-03T13:17:42 to 2022-07-03T13:18:44
# Attribute    pct   total     min     max     avg     95%  stddev  median
# ============ === ======= ======= ======= ======= ======= ======= =======
# Count         50   43461
# Exec time     10     22s    79us    37ms   504us     2ms     1ms   144us
# Lock time     54   527ms     2us    12ms    12us     4us   152us     3us
# Rows sent      0  42.44k       1       1       1       1       0       1
# Rows examine   0  42.44k       1       1       1       1       0       1
# Query size     5   1.57M      36      39   37.90   36.69    0.17   36.69
# String:
# Databases    isuconp
# Hosts        localhost
# Users        isuconp
# Query_time distribution
#   1us
#  10us  #
# 100us  ################################################################
#   1ms  #######
#  10ms  #
# 100ms
#    1s
#  10s+
# Tables
#    SHOW TABLE STATUS FROM `isuconp` LIKE 'users'\G
#    SHOW CREATE TABLE `isuconp`.`users`\G
# EXPLAIN /*!50100 PARTITIONS*/
SELECT * FROM `users` WHERE `id` = 548\G

# Query 5: 166.37 QPS, 0.27x concurrency, ID 0x19759A5557089FD5B718D440CBBB5C55 at byte 22577309
# Scores: V/M = 0.00
# Time range: 2022-07-03T13:17:42 to 2022-07-03T13:18:45
# Attribute    pct   total     min     max     avg     95%  stddev  median
# ============ === ======= ======= ======= ======= ======= ======= =======
# Count         12   10481
# Exec time      8     17s   154us    34ms     2ms     7ms     3ms   541us
# Lock time     12   122ms     2us    14ms    11us     5us   178us     3us
# Rows sent      0  10.24k       1       1       1       1       0       1
# Rows examine   0  10.24k       1       1       1       1       0       1
# Query size     1 403.11k      36      40   39.38   38.53    0.31   38.53
# String:
# Databases    isuconp
# Hosts        localhost
# Users        isuconp
# Query_time distribution
#   1us
#  10us
# 100us  ################################################################
#   1ms  #######################################
#  10ms  ##
# 100ms
#    1s
#  10s+
# Tables
#    SHOW TABLE STATUS FROM `isuconp` LIKE 'posts'\G
#    SHOW CREATE TABLE `isuconp`.`posts`\G
# EXPLAIN /*!50100 PARTITIONS*/
SELECT * FROM `posts` WHERE `id` = 10000\G

# Query 6: 226.47 QPS, 0.12x concurrency, ID 0x624863D30DAC59FA16849282195BE09F at byte 10130021
# Scores: V/M = 0.00
# Time range: 2022-07-03T13:17:42 to 2022-07-03T13:18:44
# Attribute    pct   total     min     max     avg     95%  stddev  median
# ============ === ======= ======= ======= ======= ======= ======= =======
# Count         16   14041
# Exec time      3      8s   104us    30ms   549us     2ms     1ms   194us
# Lock time     14   144ms     2us     7ms    10us     4us   109us     3us
# Rows sent      0  18.45k       0       3    1.35    2.90    1.44       0
# Rows examine   0  18.45k       0       3    1.35    2.90    1.44       0
# Query size     4   1.11M      79      83   82.56   80.10    0.15   80.10
# String:
# Databases    isuconp
# Hosts        localhost
# Users        isuconp
# Query_time distribution
#   1us
#  10us
# 100us  ################################################################
#   1ms  ########
#  10ms  #
# 100ms
#    1s
#  10s+
# Tables
#    SHOW TABLE STATUS FROM `isuconp` LIKE 'comments'\G
#    SHOW CREATE TABLE `isuconp`.`comments`\G
# EXPLAIN /*!50100 PARTITIONS*/
SELECT * FROM `comments` WHERE `post_id` = 10681 ORDER BY `created_at` DESC LIMIT 3\G

# Query 7: 2.18 QPS, 0.12x concurrency, ID 0xE83DA93257C7B787C67B1B05D2469241 at byte 31638124
# Scores: V/M = 0.01
# Time range: 2022-07-03T13:17:42 to 2022-07-03T13:18:43
# Attribute    pct   total     min     max     avg     95%  stddev  median
# ============ === ======= ======= ======= ======= ======= ======= =======
# Count          0     133
# Exec time      3      7s     6ms   139ms    55ms    91ms    26ms    51ms
# Lock time      0   584us     2us    51us     4us     4us     4us     3us
# Rows sent      0   1.28k       2      21    9.88   15.25    3.27    8.91
# Rows examine   4   1.27M   9.77k   9.82k   9.80k   9.80k   23.50   9.33k
# Query size     0  14.80k     113     114  113.92  112.70       0  112.70
# String:
# Databases    isuconp
# Hosts        localhost
# Users        isuconp
# Query_time distribution
#   1us
#  10us
# 100us
#   1ms  #
#  10ms  ################################################################
# 100ms  ###
#    1s
#  10s+
# Tables
#    SHOW TABLE STATUS FROM `isuconp` LIKE 'posts'\G
#    SHOW CREATE TABLE `isuconp`.`posts`\G
# EXPLAIN /*!50100 PARTITIONS*/
SELECT `id`, `user_id`, `body`, `mime`, `created_at` FROM `posts` WHERE `user_id` = 289 ORDER BY `created_at` DESC\G

# Query 8: 241.42 QPS, 0.11x concurrency, ID 0x422390B42D4DD86C7539A5F45EB76A80 at byte 36209842
# Scores: V/M = 0.00
# Time range: 2022-07-03T13:17:42 to 2022-07-03T13:18:44
# Attribute    pct   total     min     max     avg     95%  stddev  median
# ============ === ======= ======= ======= ======= ======= ======= =======
# Count         17   14968
# Exec time      3      7s   103us    29ms   461us     2ms     1ms   185us
# Lock time     14   143ms     2us     8ms     9us     4us   106us     3us
# Rows sent      0  14.62k       1       1       1       1       0       1
# Rows examine   0  70.24k       0      21    4.81   13.83    5.34       0
# Query size     3 957.70k      62      66   65.52   65.89    1.57   65.89
# String:
# Databases    isuconp
# Hosts        localhost
# Users        isuconp
# Query_time distribution
#   1us
#  10us
# 100us  ################################################################
#   1ms  ######
#  10ms  #
# 100ms
#    1s
#  10s+
# Tables
#    SHOW TABLE STATUS FROM `isuconp` LIKE 'comments'\G
#    SHOW CREATE TABLE `isuconp`.`comments`\G
# EXPLAIN /*!50100 PARTITIONS*/
SELECT COUNT(*) AS `count` FROM `comments` WHERE `post_id` = 10712\G
