
# 125.5s user time, 820ms system time, 30.99M rss, 37.89M vsz
# Current date: Thu Jul  7 03:18:05 2022
# Hostname: ip-172-31-43-134
# Files: /var/log/mysql/mysql-slow.log
# Overall: 722.40k total, 26 unique, 3.69k QPS, 7.55x concurrency ________
# Time range: 2022-07-06T18:14:30 to 2022-07-06T18:17:46
# Attribute          total     min     max     avg     95%  stddev  median
# ============     ======= ======= ======= ======= ======= ======= =======
# Exec time          1479s     4us   458ms     2ms     4ms     4ms     2ms
# Lock time            73s       0    29ms   100us     1ms   387us     2us
# Rows sent          1.05M       0   9.75k    1.53    2.90   38.95    0.99
# Rows examine      24.96M       0  97.73k   36.23   11.95   1.63k    0.99
# Query size        38.19M      10     453   55.44   80.10   27.70   36.69

# Profile
# Rank Query ID                     Response time  Calls  R/Call V/M   Ite
# ==== ============================ ============== ====== ====== ===== ===
#    1 0x396201721CD58410E070DA9... 736.9952 49.8% 387866 0.0019  0.00 SELECT users
#    2 0x624863D30DAC59FA1684928... 349.8949 23.7% 162275 0.0022  0.00 SELECT comments
#    3 0x422390B42D4DD86C7539A5F... 318.0342 21.5% 163693 0.0019  0.00 SELECT comments
#    4 0xCDEB1AFF2AE2BE51B2ED5CF...  42.0312  2.8%    199 0.2112  0.03 SELECT comments
# MISC 0xMISC                        32.0005  2.2%   8366 0.0038   0.0 <22 ITEMS>

# Query 1: 2.02k QPS, 3.84x concurrency, ID 0x396201721CD58410E070DA9421CA8C8D at byte 10569393
# This item is included in the report because it matches --limit.
# Scores: V/M = 0.00
# Time range: 2022-07-06T18:14:34 to 2022-07-06T18:17:46
# Attribute    pct   total     min     max     avg     95%  stddev  median
# ============ === ======= ======= ======= ======= ======= ======= =======
# Count         53  387866
# Exec time     49    737s    77us   381ms     2ms     3ms     2ms     2ms
# Lock time     73     53s     2us    29ms   137us     1ms   444us     2us
# Rows sent     35 378.78k       1       1       1       1       0       1
# Rows examine   1 378.78k       1       1       1       1       0       1
# Query size    36  14.02M      36      39   37.89   36.69    0.18   36.69
# String:
# Databases    isuconp
# Hosts        localhost
# Users        isuconp
# Query_time distribution
#   1us
#  10us  #
# 100us  ##################################
#   1ms  ################################################################
#  10ms  #
# 100ms  #
#    1s
#  10s+
# Tables
#    SHOW TABLE STATUS FROM `isuconp` LIKE 'users'\G
#    SHOW CREATE TABLE `isuconp`.`users`\G
# EXPLAIN /*!50100 PARTITIONS*/
SELECT * FROM `users` WHERE `id` = 458\G

# Query 2: 845.18 QPS, 1.82x concurrency, ID 0x624863D30DAC59FA16849282195BE09F at byte 33547116
# This item is included in the report because it matches --limit.
# Scores: V/M = 0.00
# Time range: 2022-07-06T18:14:34 to 2022-07-06T18:17:46
# Attribute    pct   total     min     max     avg     95%  stddev  median
# ============ === ======= ======= ======= ======= ======= ======= =======
# Count         22  162275
# Exec time     23    350s   102us    50ms     2ms     5ms     2ms     2ms
# Lock time     10      8s     2us    22ms    46us     3us   278us     2us
# Rows sent     33 364.89k       0       3    2.30    2.90    1.22    2.90
# Rows examine   1 364.89k       0       3    2.30    2.90    1.22    2.90
# Query size    33  12.71M      79      83   82.15   80.10    0.33   80.10
# String:
# Databases    isuconp
# Hosts        localhost
# Users        isuconp
# Query_time distribution
#   1us
#  10us
# 100us  ################################################
#   1ms  ################################################################
#  10ms  #
# 100ms
#    1s
#  10s+
# Tables
#    SHOW TABLE STATUS FROM `isuconp` LIKE 'comments'\G
#    SHOW CREATE TABLE `isuconp`.`comments`\G
# EXPLAIN /*!50100 PARTITIONS*/
SELECT * FROM `comments` WHERE `post_id` = 8456 ORDER BY `created_at` DESC LIMIT 3\G

# Query 3: 852.57 QPS, 1.66x concurrency, ID 0x422390B42D4DD86C7539A5F45EB76A80 at byte 31095627
# This item is included in the report because it matches --limit.
# Scores: V/M = 0.00
# Time range: 2022-07-06T18:14:34 to 2022-07-06T18:17:46
# Attribute    pct   total     min     max     avg     95%  stddev  median
# ============ === ======= ======= ======= ======= ======= ======= =======
# Count         22  163693
# Exec time     21    318s    97us    57ms     2ms     4ms     2ms     2ms
# Lock time     16     12s     2us    10ms    71us    19us   332us     2us
# Rows sent     14 159.86k       1       1       1       1       0       1
# Rows examine   4   1.20M       0      23    7.70   14.52    4.94    8.91
# Query size    26  10.17M      62      66   65.15   65.89    1.33   62.76
# String:
# Databases    isuconp
# Hosts        localhost
# Users        isuconp
# Query_time distribution
#   1us
#  10us  #
# 100us  ###################################################
#   1ms  ################################################################
#  10ms  #
# 100ms
#    1s
#  10s+
# Tables
#    SHOW TABLE STATUS FROM `isuconp` LIKE 'comments'\G
#    SHOW CREATE TABLE `isuconp`.`comments`\G
# EXPLAIN /*!50100 PARTITIONS*/
SELECT COUNT(*) AS `count` FROM `comments` WHERE `post_id` = 11089\G

# Query 4: 3.26 QPS, 0.69x concurrency, ID 0xCDEB1AFF2AE2BE51B2ED5CF03D4E749F at byte 60909605
# This item is included in the report because it matches --limit.
# Scores: V/M = 0.03
# Time range: 2022-07-06T18:14:34 to 2022-07-06T18:15:35
# Attribute    pct   total     min     max     avg     95%  stddev  median
# ============ === ======= ======= ======= ======= ======= ======= =======
# Count          0     199
# Exec time      2     42s    28ms   447ms   211ms   356ms    77ms   198ms
# Lock time      0     5ms     2us     3ms    23us     3us   213us     2us
# Rows sent      0     199       1       1       1       1       0       1
# Rows examine  76  18.99M  97.66k  97.73k  97.69k  97.04k    0.00  97.04k
# Query size     0  12.03k      61      62   61.89   59.77       0   59.77
# String:
# Databases    isuconp
# Hosts        localhost
# Users        isuconp
# Query_time distribution
#   1us
#  10us
# 100us
#   1ms
#  10ms  ###
# 100ms  ################################################################
#    1s
#  10s+
# Tables
#    SHOW TABLE STATUS FROM `isuconp` LIKE 'comments'\G
#    SHOW CREATE TABLE `isuconp`.`comments`\G
# EXPLAIN /*!50100 PARTITIONS*/
SELECT COUNT(*) AS count FROM `comments` WHERE `user_id` = 547\G
