
# 10s user time, 80ms system time, 30.68M rss, 37.77M vsz
# Current date: Wed Jul  6 23:51:42 2022
# Hostname: ip-172-31-43-134
# Files: /var/log/mysql/mysql-slow.log
# Overall: 97.15k total, 26 unique, 1.47k QPS, 3.89x concurrency _________
# Time range: 2022-07-06T14:50:15 to 2022-07-06T14:51:21
# Attribute          total     min     max     avg     95%  stddev  median
# ============     ======= ======= ======= ======= ======= ======= =======
# Exec time           256s     4us   409ms     3ms     3ms    21ms   152us
# Lock time          888ms       0    19ms     9us     3us   146us     2us
# Rows sent          8.37M       0   9.82k   90.30    2.90  912.25    0.99
# Rows examine      32.75M       0  97.70k  353.53   10.84   4.13k    0.99
# Query size         5.00M      10     220   53.95   80.10   19.54   36.69

# Profile
# Rank Query ID                      Response time  Calls R/Call V/M   Ite
# ==== ============================= ============== ===== ====== ===== ===
#    1 0x4858CF4D8CAA743E839C127C... 135.3912 52.8%   706 0.1918  0.03 SELECT posts
#    2 0x7A12D0C8F433684C3027353C...  37.3094 14.5%   160 0.2332  0.04 SELECT posts
#    3 0x396201721CD58410E070DA94...  25.6129 10.0% 53182 0.0005  0.00 SELECT users
#    4 0xCDEB1AFF2AE2BE51B2ED5CF0...  23.8788  9.3%   140 0.1706  0.03 SELECT comments
#    5 0x624863D30DAC59FA16849282...   9.9373  3.9% 18962 0.0005  0.00 SELECT comments
#    6 0x422390B42D4DD86C7539A5F4...   9.2177  3.6% 19950 0.0005  0.00 SELECT comments
#    7 0xE83DA93257C7B787C67B1B05...   7.3670  2.9%   140 0.0526  0.01 SELECT posts
# MISC 0xMISC                          7.7389  3.0%  3907 0.0020   0.0 <19 ITEMS>

# Query 1: 11.39 QPS, 2.18x concurrency, ID 0x4858CF4D8CAA743E839C127C71B69E75 at byte 2402320
# Scores: V/M = 0.03
# Time range: 2022-07-06T14:50:19 to 2022-07-06T14:51:21
# Attribute    pct   total     min     max     avg     95%  stddev  median
# ============ === ======= ======= ======= ======= ======= ======= =======
# Count          0     706
# Exec time     52    135s    25ms   373ms   192ms   293ms    77ms   198ms
# Lock time      0     4ms     2us   810us     6us     3us    37us     2us
# Rows sent     80   6.75M   9.77k   9.82k   9.79k   9.80k   25.50   9.33k
# Rows examine  41  13.50M  19.53k  19.63k  19.58k  19.40k       0  19.40k
# Query size     1  63.43k      92      92      92      92       0      92
# String:
# Databases    isuconp
# Hosts        localhost
# Users        isuconp
# Query_time distribution
#   1us
#  10us
# 100us
#   1ms
#  10ms  ############
# 100ms  ################################################################
#    1s
#  10s+
# Tables
#    SHOW TABLE STATUS FROM `isuconp` LIKE 'posts'\G
#    SHOW CREATE TABLE `isuconp`.`posts`\G
# EXPLAIN /*!50100 PARTITIONS*/
SELECT `id`, `user_id`, `body`, `mime`, `created_at` FROM `posts` ORDER BY `created_at` DESC\G

# Query 2: 2.67 QPS, 0.62x concurrency, ID 0x7A12D0C8F433684C3027353C36CAB572 at byte 19449091
# Scores: V/M = 0.04
# Time range: 2022-07-06T14:50:21 to 2022-07-06T14:51:21
# Attribute    pct   total     min     max     avg     95%  stddev  median
# ============ === ======= ======= ======= ======= ======= ======= =======
# Count          0     160
# Exec time     14     37s    29ms   409ms   233ms   374ms    93ms   241ms
# Lock time      0   745us     2us    81us     4us     3us     7us     3us
# Rows sent     18   1.51M   9.57k   9.76k   9.66k   9.33k       0   9.33k
# Rows examine   9   3.04M  19.34k  19.57k  19.46k  19.40k     115  19.40k
# Query size     0  22.19k     142     142     142     142       0     142
# String:
# Databases    isuconp
# Hosts        localhost
# Users        isuconp
# Query_time distribution
#   1us
#  10us
# 100us
#   1ms
#  10ms  ###########
# 100ms  ################################################################
#    1s
#  10s+
# Tables
#    SHOW TABLE STATUS FROM `isuconp` LIKE 'posts'\G
#    SHOW CREATE TABLE `isuconp`.`posts`\G
# EXPLAIN /*!50100 PARTITIONS*/
SELECT `id`, `user_id`, `body`, `mime`, `created_at` FROM `posts` WHERE `created_at` <= '2016-01-02T11:44:30+09:00' ORDER BY `created_at` DESC\G

# Query 3: 857.77 QPS, 0.41x concurrency, ID 0x396201721CD58410E070DA9421CA8C8D at byte 633538
# Scores: V/M = 0.00
# Time range: 2022-07-06T14:50:19 to 2022-07-06T14:51:21
# Attribute    pct   total     min     max     avg     95%  stddev  median
# ============ === ======= ======= ======= ======= ======= ======= =======
# Count         54   53182
# Exec time      9     26s    77us    42ms   481us     2ms     1ms   125us
# Lock time     54   487ms     2us    19ms     9us     3us   148us     2us
# Rows sent      0  51.94k       1       1       1       1       0       1
# Rows examine   0  51.94k       1       1       1       1       0       1
# Query size    38   1.92M      36      39   37.89   36.69    0.16   36.69
# String:
# Databases    isuconp
# Hosts        localhost
# Users        isuconp
# Query_time distribution
#   1us
#  10us  #
# 100us  ################################################################
#   1ms  #######
#  10ms  #
# 100ms
#    1s
#  10s+
# Tables
#    SHOW TABLE STATUS FROM `isuconp` LIKE 'users'\G
#    SHOW CREATE TABLE `isuconp`.`users`\G
# EXPLAIN /*!50100 PARTITIONS*/
SELECT * FROM `users` WHERE `id` = 425\G

# Query 4: 2.30 QPS, 0.39x concurrency, ID 0xCDEB1AFF2AE2BE51B2ED5CF03D4E749F at byte 6787799
# Scores: V/M = 0.03
# Time range: 2022-07-06T14:50:19 to 2022-07-06T14:51:20
# Attribute    pct   total     min     max     avg     95%  stddev  median
# ============ === ======= ======= ======= ======= ======= ======= =======
# Count          0     140
# Exec time      9     24s    18ms   377ms   171ms   293ms    72ms   171ms
# Lock time      0   831us     2us   306us     5us     4us    25us     2us
# Rows sent      0     140       1       1       1       1       0       1
# Rows examine  40  13.35M  97.66k  97.70k  97.68k  97.04k       0  97.04k
# Query size     0   8.46k      61      62   61.91   59.77       0   59.77
# String:
# Databases    isuconp
# Hosts        localhost
# Users        isuconp
# Query_time distribution
#   1us
#  10us
# 100us
#   1ms
#  10ms  ###############
# 100ms  ################################################################
#    1s
#  10s+
# Tables
#    SHOW TABLE STATUS FROM `isuconp` LIKE 'comments'\G
#    SHOW CREATE TABLE `isuconp`.`comments`\G
# EXPLAIN /*!50100 PARTITIONS*/
SELECT COUNT(*) AS count FROM `comments` WHERE `user_id` = 217\G

# Query 5: 305.84 QPS, 0.16x concurrency, ID 0x624863D30DAC59FA16849282195BE09F at byte 13398617
# Scores: V/M = 0.00
# Time range: 2022-07-06T14:50:19 to 2022-07-06T14:51:21
# Attribute    pct   total     min     max     avg     95%  stddev  median
# ============ === ======= ======= ======= ======= ======= ======= =======
# Count         19   18962
# Exec time      3     10s    98us    45ms   524us     2ms     1ms   167us
# Lock time     20   185ms     2us    13ms     9us     3us   162us     2us
# Rows sent      0  22.50k       0       3    1.22    2.90    1.41       0
# Rows examine   0  22.50k       0       3    1.22    2.90    1.41       0
# Query size    29   1.49M      79      83   82.61   80.10    0.13   80.10
# String:
# Databases    isuconp
# Hosts        localhost
# Users        isuconp
# Query_time distribution
#   1us
#  10us  #
# 100us  ################################################################
#   1ms  ########
#  10ms  #
# 100ms
#    1s
#  10s+
# Tables
#    SHOW TABLE STATUS FROM `isuconp` LIKE 'comments'\G
#    SHOW CREATE TABLE `isuconp`.`comments`\G
# EXPLAIN /*!50100 PARTITIONS*/
SELECT * FROM `comments` WHERE `post_id` = 9848 ORDER BY `created_at` DESC LIMIT 3\G

# Query 6: 321.77 QPS, 0.15x concurrency, ID 0x422390B42D4DD86C7539A5F45EB76A80 at byte 20742982
# Scores: V/M = 0.00
# Time range: 2022-07-06T14:50:19 to 2022-07-06T14:51:21
# Attribute    pct   total     min     max     avg     95%  stddev  median
# ============ === ======= ======= ======= ======= ======= ======= =======
# Count         20   19950
# Exec time      3      9s    95us    31ms   462us     2ms     1ms   159us
# Lock time     19   175ms     2us    11ms     8us     3us   135us     2us
# Rows sent      0  19.48k       1       1       1       1       0       1
# Rows examine   0  83.34k       0      21    4.28   13.83    5.22       0
# Query size    24   1.25M      62      66   65.58   65.89    1.55   65.89
# String:
# Databases    isuconp
# Hosts        localhost
# Users        isuconp
# Query_time distribution
#   1us
#  10us  #
# 100us  ################################################################
#   1ms  #######
#  10ms  #
# 100ms
#    1s
#  10s+
# Tables
#    SHOW TABLE STATUS FROM `isuconp` LIKE 'comments'\G
#    SHOW CREATE TABLE `isuconp`.`comments`\G
# EXPLAIN /*!50100 PARTITIONS*/
SELECT COUNT(*) AS `count` FROM `comments` WHERE `post_id` = 10893\G

# Query 7: 2.30 QPS, 0.12x concurrency, ID 0xE83DA93257C7B787C67B1B05D2469241 at byte 21937413
# Scores: V/M = 0.01
# Time range: 2022-07-06T14:50:19 to 2022-07-06T14:51:20
# Attribute    pct   total     min     max     avg     95%  stddev  median
# ============ === ======= ======= ======= ======= ======= ======= =======
# Count          0     140
# Exec time      2      7s     6ms   124ms    53ms    95ms    26ms    51ms
# Lock time      0   490us     2us    16us     3us     3us     1us     2us
# Rows sent      0   1.30k       3      20    9.54   13.83    2.78    9.83
# Rows examine   4   1.34M   9.77k   9.83k   9.80k   9.80k   27.50   9.80k
# Query size     0  15.57k     113     114  113.91  112.70       0  112.70
# String:
# Databases    isuconp
# Hosts        localhost
# Users        isuconp
# Query_time distribution
#   1us
#  10us
# 100us
#   1ms  #
#  10ms  ################################################################
# 100ms  ###
#    1s
#  10s+
# Tables
#    SHOW TABLE STATUS FROM `isuconp` LIKE 'posts'\G
#    SHOW CREATE TABLE `isuconp`.`posts`\G
# EXPLAIN /*!50100 PARTITIONS*/
SELECT `id`, `user_id`, `body`, `mime`, `created_at` FROM `posts` WHERE `user_id` = 78 ORDER BY `created_at` DESC\G
