
# 9.9s user time, 80ms system time, 49.07M rss, 56.20M vsz
# Current date: Wed Jul  6 21:34:33 2022
# Hostname: ip-172-31-43-134
# Files: /var/log/mysql/mysql-slow.log
# Overall: 88.36k total, 30 unique, 1.34k QPS, 3.19x concurrency _________
# Time range: 2022-07-06T12:33:06 to 2022-07-06T12:34:12
# Attribute          total     min     max     avg     95%  stddev  median
# ============     ======= ======= ======= ======= ======= ======= =======
# Exec time           211s     4us   405ms     2ms     4ms    18ms   176us
# Lock time          819ms       0    12ms     9us     4us   125us     3us
# Rows sent          6.31M       0   9.81k   74.83    2.90  826.88    0.99
# Rows examine      28.05M       0  97.71k  332.94   10.84   4.16k    0.99
# Query size        24.23M      10 953.55k  287.50   80.10  13.00k   36.69

# Profile
# Rank Query ID                      Response time Calls R/Call V/M   Item
# ==== ============================= ============= ===== ====== ===== ====
#    1 0x4858CF4D8CAA743E839C127C... 93.1738 44.3%   533 0.1748  0.03 SELECT posts
#    2 0x7A12D0C8F433684C3027353C... 25.8920 12.3%   118 0.2194  0.03 SELECT posts
#    3 0xCDEB1AFF2AE2BE51B2ED5CF0... 21.0921 10.0%   135 0.1562  0.02 SELECT comments
#    4 0x396201721CD58410E070DA94... 20.9986 10.0% 44608 0.0005  0.00 SELECT users
#    5 0x19759A5557089FD5B718D440... 19.7553  9.4% 10764 0.0018  0.00 SELECT posts
#    6 0x624863D30DAC59FA16849282...  7.8894  3.7% 14611 0.0005  0.00 SELECT comments
#    7 0xE83DA93257C7B787C67B1B05...  7.4028  3.5%   135 0.0548  0.01 SELECT posts
#    8 0x422390B42D4DD86C7539A5F4...  7.2443  3.4% 15528 0.0005  0.00 SELECT comments
# MISC 0xMISC                         7.0844  3.4%  1924 0.0037   0.0 <22 ITEMS>

# Query 1: 8.60 QPS, 1.50x concurrency, ID 0x4858CF4D8CAA743E839C127C71B69E75 at byte 15890254
# Scores: V/M = 0.03
# Time range: 2022-07-06T12:33:10 to 2022-07-06T12:34:12
# Attribute    pct   total     min     max     avg     95%  stddev  median
# ============ === ======= ======= ======= ======= ======= ======= =======
# Count          0     533
# Exec time     44     93s    24ms   405ms   175ms   293ms    78ms   180ms
# Lock time      0     4ms     2us     1ms     7us     4us    57us     3us
# Rows sent     80   5.09M   9.77k   9.81k   9.79k   9.80k   22.50   9.33k
# Rows examine  36  10.19M  19.53k  19.62k  19.57k  19.40k       0  19.40k
# Query size     0  47.89k      92      92      92      92       0      92
# String:
# Databases    isuconp
# Hosts        localhost
# Users        isuconp
# Query_time distribution
#   1us
#  10us
# 100us
#   1ms
#  10ms  ################
# 100ms  ################################################################
#    1s
#  10s+
# Tables
#    SHOW TABLE STATUS FROM `isuconp` LIKE 'posts'\G
#    SHOW CREATE TABLE `isuconp`.`posts`\G
# EXPLAIN /*!50100 PARTITIONS*/
SELECT `id`, `user_id`, `body`, `mime`, `created_at` FROM `posts` ORDER BY `created_at` DESC\G

# Query 2: 1.97 QPS, 0.43x concurrency, ID 0x7A12D0C8F433684C3027353C36CAB572 at byte 42336013
# Scores: V/M = 0.03
# Time range: 2022-07-06T12:33:12 to 2022-07-06T12:34:12
# Attribute    pct   total     min     max     avg     95%  stddev  median
# ============ === ======= ======= ======= ======= ======= ======= =======
# Count          0     118
# Exec time     12     26s    38ms   401ms   219ms   339ms    79ms   208ms
# Lock time      0   968us     3us   465us     8us     7us    40us     3us
# Rows sent     17   1.11M   9.57k   9.76k   9.66k   9.33k       0   9.33k
# Rows examine   7   2.24M  19.34k  19.56k  19.45k  19.40k     110  19.40k
# Query size     0  16.36k     142     142     142     142       0     142
# String:
# Databases    isuconp
# Hosts        localhost
# Users        isuconp
# Query_time distribution
#   1us
#  10us
# 100us
#   1ms
#  10ms  ######
# 100ms  ################################################################
#    1s
#  10s+
# Tables
#    SHOW TABLE STATUS FROM `isuconp` LIKE 'posts'\G
#    SHOW CREATE TABLE `isuconp`.`posts`\G
# EXPLAIN /*!50100 PARTITIONS*/
SELECT `id`, `user_id`, `body`, `mime`, `created_at` FROM `posts` WHERE `created_at` <= '2016-01-02T11:44:50+09:00' ORDER BY `created_at` DESC\G

# Query 3: 2.21 QPS, 0.35x concurrency, ID 0xCDEB1AFF2AE2BE51B2ED5CF03D4E749F at byte 15599882
# Scores: V/M = 0.02
# Time range: 2022-07-06T12:33:10 to 2022-07-06T12:34:11
# Attribute    pct   total     min     max     avg     95%  stddev  median
# ============ === ======= ======= ======= ======= ======= ======= =======
# Count          0     135
# Exec time     10     21s    31ms   318ms   156ms   253ms    61ms   155ms
# Lock time      0     4ms     2us     3ms    27us     4us   234us     3us
# Rows sent      0     135       1       1       1       1       0       1
# Rows examine  45  12.88M  97.66k  97.71k  97.68k  97.04k       0  97.04k
# Query size     0   8.16k      61      62   61.92   59.77       0   59.77
# String:
# Databases    isuconp
# Hosts        localhost
# Users        isuconp
# Query_time distribution
#   1us
#  10us
# 100us
#   1ms
#  10ms  #############
# 100ms  ################################################################
#    1s
#  10s+
# Tables
#    SHOW TABLE STATUS FROM `isuconp` LIKE 'comments'\G
#    SHOW CREATE TABLE `isuconp`.`comments`\G
# EXPLAIN /*!50100 PARTITIONS*/
SELECT COUNT(*) AS count FROM `comments` WHERE `user_id` = 444\G

# Query 4: 719.48 QPS, 0.34x concurrency, ID 0x396201721CD58410E070DA9421CA8C8D at byte 40519456
# Scores: V/M = 0.00
# Time range: 2022-07-06T12:33:10 to 2022-07-06T12:34:12
# Attribute    pct   total     min     max     avg     95%  stddev  median
# ============ === ======= ======= ======= ======= ======= ======= =======
# Count         50   44608
# Exec time      9     21s    78us    44ms   470us     2ms     1ms   138us
# Lock time     51   423ms     2us    12ms     9us     4us   133us     2us
# Rows sent      0  43.56k       1       1       1       1       0       1
# Rows examine   0  43.56k       1       1       1       1       0       1
# Query size     6   1.61M      36      39   37.88   36.69    0.17   36.69
# String:
# Databases    isuconp
# Hosts        localhost
# Users        isuconp
# Query_time distribution
#   1us
#  10us  #
# 100us  ################################################################
#   1ms  ######
#  10ms  #
# 100ms
#    1s
#  10s+
# Tables
#    SHOW TABLE STATUS FROM `isuconp` LIKE 'users'\G
#    SHOW CREATE TABLE `isuconp`.`users`\G
# EXPLAIN /*!50100 PARTITIONS*/
SELECT * FROM `users` WHERE `id` = 424\G

# Query 5: 173.61 QPS, 0.32x concurrency, ID 0x19759A5557089FD5B718D440CBBB5C55 at byte 34445708
# Scores: V/M = 0.00
# Time range: 2022-07-06T12:33:10 to 2022-07-06T12:34:12
# Attribute    pct   total     min     max     avg     95%  stddev  median
# ============ === ======= ======= ======= ======= ======= ======= =======
# Count         12   10764
# Exec time      9     20s   140us    44ms     2ms     8ms     3ms   541us
# Lock time      9    74ms     2us     3ms     6us     5us    54us     3us
# Rows sent      0  10.51k       1       1       1       1       0       1
# Rows examine   0  10.51k       1       1       1       1       0       1
# Query size     1 414.13k      36      40   39.40   38.53    0.26   38.53
# String:
# Databases    isuconp
# Hosts        localhost
# Users        isuconp
# Query_time distribution
#   1us
#  10us
# 100us  ################################################################
#   1ms  #########################################
#  10ms  ###
# 100ms
#    1s
#  10s+
# Tables
#    SHOW TABLE STATUS FROM `isuconp` LIKE 'posts'\G
#    SHOW CREATE TABLE `isuconp`.`posts`\G
# EXPLAIN /*!50100 PARTITIONS*/
SELECT * FROM `posts` WHERE `id` = 10738\G

# Query 6: 235.66 QPS, 0.13x concurrency, ID 0x624863D30DAC59FA16849282195BE09F at byte 20779529
# Scores: V/M = 0.00
# Time range: 2022-07-06T12:33:10 to 2022-07-06T12:34:12
# Attribute    pct   total     min     max     avg     95%  stddev  median
# ============ === ======= ======= ======= ======= ======= ======= =======
# Count         16   14611
# Exec time      3      8s   104us    50ms   539us     2ms     1ms   185us
# Lock time     18   148ms     2us     7ms    10us     4us   135us     2us
# Rows sent      0  19.32k       0       3    1.35    2.90    1.44       0
# Rows examine   0  19.32k       0       3    1.35    2.90    1.44       0
# Query size     4   1.15M      79      83   82.56   80.10    0.12   80.10
# String:
# Databases    isuconp
# Hosts        localhost
# Users        isuconp
# Query_time distribution
#   1us
#  10us
# 100us  ################################################################
#   1ms  ########
#  10ms  #
# 100ms
#    1s
#  10s+
# Tables
#    SHOW TABLE STATUS FROM `isuconp` LIKE 'comments'\G
#    SHOW CREATE TABLE `isuconp`.`comments`\G
# EXPLAIN /*!50100 PARTITIONS*/
SELECT * FROM `comments` WHERE `post_id` = 3036 ORDER BY `created_at` DESC LIMIT 3\G

# Query 7: 2.25 QPS, 0.12x concurrency, ID 0xE83DA93257C7B787C67B1B05D2469241 at byte 28355944
# Scores: V/M = 0.01
# Time range: 2022-07-06T12:33:10 to 2022-07-06T12:34:10
# Attribute    pct   total     min     max     avg     95%  stddev  median
# ============ === ======= ======= ======= ======= ======= ======= =======
# Count          0     135
# Exec time      3      7s     6ms   127ms    55ms   100ms    26ms    51ms
# Lock time      0   627us     3us    82us     4us     4us     7us     3us
# Rows sent      0   1.29k       4      19    9.75   13.83    2.97    9.83
# Rows examine   4   1.29M   9.77k   9.82k   9.80k   9.80k      24   9.33k
# Query size     0  15.02k     113     114  113.92  112.70       0  112.70
# String:
# Databases    isuconp
# Hosts        localhost
# Users        isuconp
# Query_time distribution
#   1us
#  10us
# 100us
#   1ms  #
#  10ms  ################################################################
# 100ms  ####
#    1s
#  10s+
# Tables
#    SHOW TABLE STATUS FROM `isuconp` LIKE 'posts'\G
#    SHOW CREATE TABLE `isuconp`.`posts`\G
# EXPLAIN /*!50100 PARTITIONS*/
SELECT `id`, `user_id`, `body`, `mime`, `created_at` FROM `posts` WHERE `user_id` = 287 ORDER BY `created_at` DESC\G

# Query 8: 250.45 QPS, 0.12x concurrency, ID 0x422390B42D4DD86C7539A5F45EB76A80 at byte 29678645
# Scores: V/M = 0.00
# Time range: 2022-07-06T12:33:10 to 2022-07-06T12:34:12
# Attribute    pct   total     min     max     avg     95%  stddev  median
# ============ === ======= ======= ======= ======= ======= ======= =======
# Count         17   15528
# Exec time      3      7s    99us    29ms   466us     2ms     1ms   176us
# Lock time     18   150ms     2us     9ms     9us     4us   132us     2us
# Rows sent      0  15.16k       1       1       1       1       0       1
# Rows examine   0  72.32k       0      21    4.77   13.83    5.31       0
# Query size     4 993.61k      62      66   65.52   65.89    1.57   65.89
# String:
# Databases    isuconp
# Hosts        localhost
# Users        isuconp
# Query_time distribution
#   1us
#  10us
# 100us  ################################################################
#   1ms  ######
#  10ms  #
# 100ms
#    1s
#  10s+
# Tables
#    SHOW TABLE STATUS FROM `isuconp` LIKE 'comments'\G
#    SHOW CREATE TABLE `isuconp`.`comments`\G
# EXPLAIN /*!50100 PARTITIONS*/
SELECT COUNT(*) AS `count` FROM `comments` WHERE `post_id` = 10748\G
