
# 9.4s user time, 80ms system time, 38.29M rss, 45.36M vsz
# Current date: Sun Jul  3 20:59:04 2022
# Hostname: ip-172-31-43-134
# Files: /var/log/mysql/mysql-slow.log
# Overall: 85.11k total, 26 unique, 1.23k QPS, 2.86x concurrency _________
# Time range: 2022-07-03T11:57:34 to 2022-07-03T11:58:43
# Attribute          total     min     max     avg     95%  stddev  median
# ============     ======= ======= ======= ======= ======= ======= =======
# Exec time           197s     3us   452ms     2ms     3ms    18ms   167us
# Lock time             1s       0    17ms    11us     4us   169us     3us
# Rows sent          6.12M       0   9.81k   75.41    2.90  829.04    0.99
# Rows examine      26.54M       0  97.71k  326.99   10.84   4.10k    0.99
# Query size        24.53M      10   1.14M  302.23   80.10  13.73k   36.69

# Profile
# Rank Query ID                      Response time Calls R/Call V/M   Item
# ==== ============================= ============= ===== ====== ===== ====
#    1 0x4858CF4D8CAA743E839C127C... 91.5371 46.4%   516 0.1774  0.04 SELECT posts
#    2 0x7A12D0C8F433684C3027353C... 25.8075 13.1%   116 0.2225  0.03 SELECT posts
#    3 0x396201721CD58410E070DA94... 19.2768  9.8% 42855 0.0004  0.00 SELECT users
#    4 0xCDEB1AFF2AE2BE51B2ED5CF0... 19.1178  9.7%   125 0.1529  0.03 SELECT comments
#    5 0x19759A5557089FD5B718D440... 14.8297  7.5% 10360 0.0014  0.00 SELECT posts
#    6 0x624863D30DAC59FA16849282...  7.0285  3.6% 14160 0.0005  0.00 SELECT comments
#    7 0x422390B42D4DD86C7539A5F4...  6.5075  3.3% 15021 0.0004  0.00 SELECT comments
#    8 0xE83DA93257C7B787C67B1B05...  6.0929  3.1%   125 0.0487  0.02 SELECT posts
# MISC 0xMISC                         7.1661  3.6%  1827 0.0039   0.0 <18 ITEMS>

# Query 1: 8.19 QPS, 1.45x concurrency, ID 0x4858CF4D8CAA743E839C127C71B69E75 at byte 12383134
# Scores: V/M = 0.04
# Time range: 2022-07-03T11:57:40 to 2022-07-03T11:58:43
# Attribute    pct   total     min     max     avg     95%  stddev  median
# ============ === ======= ======= ======= ======= ======= ======= =======
# Count          0     516
# Exec time     46     92s    20ms   445ms   177ms   308ms    81ms   171ms
# Lock time      0     6ms     2us     3ms    11us     4us   145us     3us
# Rows sent     80   4.93M   9.77k   9.81k   9.79k   9.80k   21.50   9.33k
# Rows examine  37   9.86M  19.53k  19.62k  19.57k  19.40k       0  19.40k
# Query size     0  46.36k      92      92      92      92       0      92
# String:
# Databases    isuconp
# Hosts        localhost
# Users        isuconp
# Query_time distribution
#   1us
#  10us
# 100us
#   1ms
#  10ms  ################
# 100ms  ################################################################
#    1s
#  10s+
# Tables
#    SHOW TABLE STATUS FROM `isuconp` LIKE 'posts'\G
#    SHOW CREATE TABLE `isuconp`.`posts`\G
# EXPLAIN /*!50100 PARTITIONS*/
SELECT `id`, `user_id`, `body`, `mime`, `created_at` FROM `posts` ORDER BY `created_at` DESC\G

# Query 2: 1.93 QPS, 0.43x concurrency, ID 0x7A12D0C8F433684C3027353C36CAB572 at byte 12386695
# Scores: V/M = 0.03
# Time range: 2022-07-03T11:57:43 to 2022-07-03T11:58:43
# Attribute    pct   total     min     max     avg     95%  stddev  median
# ============ === ======= ======= ======= ======= ======= ======= =======
# Count          0     116
# Exec time     13     26s    28ms   452ms   222ms   339ms    87ms   208ms
# Lock time      0   944us     3us   474us     8us     5us    42us     3us
# Rows sent     17   1.09M   9.57k   9.76k   9.66k   9.33k       0   9.33k
# Rows examine   8   2.20M  19.34k  19.55k  19.45k  19.40k  106.50  19.40k
# Query size     0  16.09k     142     142     142     142       0     142
# String:
# Databases    isuconp
# Hosts        localhost
# Users        isuconp
# Query_time distribution
#   1us
#  10us
# 100us
#   1ms
#  10ms  ####
# 100ms  ################################################################
#    1s
#  10s+
# Tables
#    SHOW TABLE STATUS FROM `isuconp` LIKE 'posts'\G
#    SHOW CREATE TABLE `isuconp`.`posts`\G
# EXPLAIN /*!50100 PARTITIONS*/
SELECT `id`, `user_id`, `body`, `mime`, `created_at` FROM `posts` WHERE `created_at` <= '2016-01-02T11:43:43+09:00' ORDER BY `created_at` DESC\G

# Query 3: 680.24 QPS, 0.31x concurrency, ID 0x396201721CD58410E070DA9421CA8C8D at byte 16533521
# Scores: V/M = 0.00
# Time range: 2022-07-03T11:57:40 to 2022-07-03T11:58:43
# Attribute    pct   total     min     max     avg     95%  stddev  median
# ============ === ======= ======= ======= ======= ======= ======= =======
# Count         50   42855
# Exec time      9     19s    79us    36ms   449us     2ms     1ms   138us
# Lock time     49   494ms     2us    17ms    11us     4us   151us     3us
# Rows sent      0  41.85k       1       1       1       1       0       1
# Rows examine   0  41.85k       1       1       1       1       0       1
# Query size     6   1.55M      36      39   37.89   36.69    0.17   36.69
# String:
# Databases    isuconp
# Hosts        localhost
# Users        isuconp
# Query_time distribution
#   1us
#  10us  #
# 100us  ################################################################
#   1ms  #####
#  10ms  #
# 100ms
#    1s
#  10s+
# Tables
#    SHOW TABLE STATUS FROM `isuconp` LIKE 'users'\G
#    SHOW CREATE TABLE `isuconp`.`users`\G
# EXPLAIN /*!50100 PARTITIONS*/
SELECT * FROM `users` WHERE `id` = 334\G

# Query 4: 2.02 QPS, 0.31x concurrency, ID 0xCDEB1AFF2AE2BE51B2ED5CF03D4E749F at byte 38532430
# Scores: V/M = 0.03
# Time range: 2022-07-03T11:57:40 to 2022-07-03T11:58:42
# Attribute    pct   total     min     max     avg     95%  stddev  median
# ============ === ======= ======= ======= ======= ======= ======= =======
# Count          0     125
# Exec time      9     19s    22ms   314ms   153ms   253ms    65ms   134ms
# Lock time      0     4ms     2us     4ms    35us     4us   339us     3us
# Rows sent      0     125       1       1       1       1       0       1
# Rows examine  44  11.92M  97.66k  97.71k  97.68k  97.04k       0  97.04k
# Query size     0   7.56k      61      62   61.90   59.77       0   59.77
# String:
# Databases    isuconp
# Hosts        localhost
# Users        isuconp
# Query_time distribution
#   1us
#  10us
# 100us
#   1ms
#  10ms  ################
# 100ms  ################################################################
#    1s
#  10s+
# Tables
#    SHOW TABLE STATUS FROM `isuconp` LIKE 'comments'\G
#    SHOW CREATE TABLE `isuconp`.`comments`\G
# EXPLAIN /*!50100 PARTITIONS*/
SELECT COUNT(*) AS count FROM `comments` WHERE `user_id` = 529\G

# Query 5: 164.44 QPS, 0.24x concurrency, ID 0x19759A5557089FD5B718D440CBBB5C55 at byte 38532701
# Scores: V/M = 0.00
# Time range: 2022-07-03T11:57:40 to 2022-07-03T11:58:43
# Attribute    pct   total     min     max     avg     95%  stddev  median
# ============ === ======= ======= ======= ======= ======= ======= =======
# Count         12   10360
# Exec time      7     15s   144us    34ms     1ms     6ms     2ms   403us
# Lock time     13   136ms     2us    10ms    13us     4us   207us     3us
# Rows sent      0  10.12k       1       1       1       1       0       1
# Rows examine   0  10.12k       1       1       1       1       0       1
# Query size     1 398.59k      36      40   39.40   38.53    0.26   38.53
# String:
# Databases    isuconp
# Hosts        localhost
# Users        isuconp
# Query_time distribution
#   1us
#  10us
# 100us  ################################################################
#   1ms  ###############################
#  10ms  ##
# 100ms
#    1s
#  10s+
# Tables
#    SHOW TABLE STATUS FROM `isuconp` LIKE 'posts'\G
#    SHOW CREATE TABLE `isuconp`.`posts`\G
# EXPLAIN /*!50100 PARTITIONS*/
SELECT * FROM `posts` WHERE `id` = 10263\G

# Query 6: 224.76 QPS, 0.11x concurrency, ID 0x624863D30DAC59FA16849282195BE09F at byte 42601415
# Scores: V/M = 0.00
# Time range: 2022-07-03T11:57:40 to 2022-07-03T11:58:43
# Attribute    pct   total     min     max     avg     95%  stddev  median
# ============ === ======= ======= ======= ======= ======= ======= =======
# Count         16   14160
# Exec time      3      7s   103us    27ms   496us     2ms     1ms   185us
# Lock time     18   187ms     2us    14ms    13us     4us   204us     3us
# Rows sent      0  18.62k       0       3    1.35    2.90    1.44       0
# Rows examine   0  18.62k       0       3    1.35    2.90    1.44       0
# Query size     4   1.11M      79      83   82.56   80.10    0.12   80.10
# String:
# Databases    isuconp
# Hosts        localhost
# Users        isuconp
# Query_time distribution
#   1us
#  10us
# 100us  ################################################################
#   1ms  ######
#  10ms  #
# 100ms
#    1s
#  10s+
# Tables
#    SHOW TABLE STATUS FROM `isuconp` LIKE 'comments'\G
#    SHOW CREATE TABLE `isuconp`.`comments`\G
# EXPLAIN /*!50100 PARTITIONS*/
SELECT * FROM `comments` WHERE `post_id` = 1348 ORDER BY `created_at` DESC LIMIT 3\G

# Query 7: 238.43 QPS, 0.10x concurrency, ID 0x422390B42D4DD86C7539A5F45EB76A80 at byte 35067128
# Scores: V/M = 0.00
# Time range: 2022-07-03T11:57:40 to 2022-07-03T11:58:43
# Attribute    pct   total     min     max     avg     95%  stddev  median
# ============ === ======= ======= ======= ======= ======= ======= =======
# Count         17   15021
# Exec time      3      7s   101us    34ms   433us     2ms     1ms   167us
# Lock time     14   142ms     2us    10ms     9us     4us   126us     3us
# Rows sent      0  14.67k       1       1       1       1       0       1
# Rows examine   0  69.73k       0      22    4.75   13.83    5.31       0
# Query size     3 961.21k      62      66   65.53   65.89    1.56   65.89
# String:
# Databases    isuconp
# Hosts        localhost
# Users        isuconp
# Query_time distribution
#   1us
#  10us
# 100us  ################################################################
#   1ms  #####
#  10ms  #
# 100ms
#    1s
#  10s+
# Tables
#    SHOW TABLE STATUS FROM `isuconp` LIKE 'comments'\G
#    SHOW CREATE TABLE `isuconp`.`comments`\G
# EXPLAIN /*!50100 PARTITIONS*/
SELECT COUNT(*) AS `count` FROM `comments` WHERE `post_id` = 10277\G

# Query 8: 2.05 QPS, 0.10x concurrency, ID 0xE83DA93257C7B787C67B1B05D2469241 at byte 8877342
# Scores: V/M = 0.02
# Time range: 2022-07-03T11:57:40 to 2022-07-03T11:58:41
# Attribute    pct   total     min     max     avg     95%  stddev  median
# ============ === ======= ======= ======= ======= ======= ======= =======
# Count          0     125
# Exec time      3      6s     6ms   154ms    49ms   100ms    27ms    42ms
# Lock time      0   635us     3us   125us     5us     4us    10us     3us
# Rows sent      0   1.23k       4      20   10.06   13.83    2.51    9.83
# Rows examine   4   1.20M   9.77k   9.82k   9.80k   9.80k   22.50   9.33k
# Query size     0  13.90k     113     114  113.90  112.70       0  112.70
# String:
# Databases    isuconp
# Hosts        localhost
# Users        isuconp
# Query_time distribution
#   1us
#  10us
# 100us
#   1ms  #
#  10ms  ################################################################
# 100ms  ######
#    1s
#  10s+
# Tables
#    SHOW TABLE STATUS FROM `isuconp` LIKE 'posts'\G
#    SHOW CREATE TABLE `isuconp`.`posts`\G
# EXPLAIN /*!50100 PARTITIONS*/
SELECT `id`, `user_id`, `body`, `mime`, `created_at` FROM `posts` WHERE `user_id` = 483 ORDER BY `created_at` DESC\G
