
# 52.9s user time, 380ms system time, 30.95M rss, 37.88M vsz
# Current date: Fri Jul  8 00:27:44 2022
# Hostname: ip-172-31-43-134
# Files: /var/log/mysql/mysql-slow.log
# Overall: 322.80k total, 26 unique, 2.69k QPS, 3.90x concurrency ________
# Time range: 2022-07-07T15:25:17 to 2022-07-07T15:27:17
# Attribute          total     min     max     avg     95%  stddev  median
# ============     ======= ======= ======= ======= ======= ======= =======
# Exec time           468s     3us   452ms     1ms     5ms     3ms   273us
# Lock time             5s       0    18ms    16us     4us   179us     3us
# Rows sent        732.90k       0   9.75k    2.32    2.90   58.27    0.99
# Rows examine       9.21M       0   9.88k   29.91   14.52  470.24    5.75
# Query size        70.96M      10     453  230.52  400.73  168.48   65.89

# Profile
# Rank Query ID                     Response time  Calls  R/Call V/M   Ite
# ==== ============================ ============== ====== ====== ===== ===
#    1 0x58CDBEF53804905081DDA03... 254.4472 54.3% 153258 0.0017  0.00 SELECT comments users
#    2 0x422390B42D4DD86C7539A5F... 163.2659 34.9% 156036 0.0010  0.00 SELECT comments
#    3 0xE83DA93257C7B787C67B1B0...  21.7484  4.6%    360 0.0604  0.03 SELECT posts
#    4 0x19759A5557089FD5B718D44...   8.2891  1.8%   3229 0.0026  0.01 SELECT posts
# MISC 0xMISC                        20.5000  4.4%   9920 0.0021   0.0 <22 ITEMS>

# Query 1: 1.33k QPS, 2.21x concurrency, ID 0x58CDBEF53804905081DDA03BEE24EFEE at byte 60310980
# This item is included in the report because it matches --limit.
# Scores: V/M = 0.00
# Time range: 2022-07-07T15:25:22 to 2022-07-07T15:27:17
# Attribute    pct   total     min     max     avg     95%  stddev  median
# ============ === ======= ======= ======= ======= ======= ======= =======
# Count         47  153258
# Exec time     54    254s   144us    53ms     2ms     5ms     2ms   301us
# Lock time     44      2s     2us    18ms    15us     4us   172us     3us
# Rows sent     50 370.90k       0       3    2.48    2.90    1.10    2.90
# Rows examine   7 741.81k       0       6    4.96    5.75    2.17    5.75
# Query size    82  58.62M     398     402  401.09  400.73       2  400.73
# String:
# Databases    isuconp
# Hosts        localhost
# Users        isuconp
# Query_time distribution
#   1us
#  10us
# 100us  ################################################################
#   1ms  #########################################
#  10ms  #
# 100ms
#    1s
#  10s+
# Tables
#    SHOW TABLE STATUS FROM `isuconp` LIKE 'comments'\G
#    SHOW CREATE TABLE `isuconp`.`comments`\G
#    SHOW TABLE STATUS FROM `isuconp` LIKE 'users'\G
#    SHOW CREATE TABLE `isuconp`.`users`\G
# EXPLAIN /*!50100 PARTITIONS*/
SELECT c.id AS id, c.post_id AS post_id, c.user_id AS user_id, c.comment AS comment, c.created_at AS created_at, u.id AS user_user_id, u.account_name AS user_account_name, u.passhash AS user_passhash, u.authority AS user_authority, u.del_flg AS user_del_flg, u.created_at AS user_created_at FROM `comments` c JOIN `users` u ON c.user_id = u.id WHERE c.post_id = 9907 ORDER BY c.created_at DESC LIMIT 3\G

# Query 2: 1.36k QPS, 1.42x concurrency, ID 0x422390B42D4DD86C7539A5F45EB76A80 at byte 44076550
# This item is included in the report because it matches --limit.
# Scores: V/M = 0.00
# Time range: 2022-07-07T15:25:22 to 2022-07-07T15:27:17
# Attribute    pct   total     min     max     avg     95%  stddev  median
# ============ === ======= ======= ======= ======= ======= ======= =======
# Count         48  156036
# Exec time     34    163s   102us    51ms     1ms     3ms     1ms   185us
# Lock time     51      3s     2us    16ms    17us     3us   177us     2us
# Rows sent     20 152.38k       1       1       1       1       0       1
# Rows examine  13   1.24M       0      23    8.30   14.52    4.64    8.91
# Query size    13   9.68M      62      66   65.08   65.89    1.19   62.76
# String:
# Databases    isuconp
# Hosts        localhost
# Users        isuconp
# Query_time distribution
#   1us
#  10us
# 100us  ################################################################
#   1ms  ################################
#  10ms  #
# 100ms
#    1s
#  10s+
# Tables
#    SHOW TABLE STATUS FROM `isuconp` LIKE 'comments'\G
#    SHOW CREATE TABLE `isuconp`.`comments`\G
# EXPLAIN /*!50100 PARTITIONS*/
SELECT COUNT(*) AS `count` FROM `comments` WHERE `post_id` = 9175\G

# Query 3: 6 QPS, 0.36x concurrency, ID 0xE83DA93257C7B787C67B1B05D2469241 at byte 62441643
# This item is included in the report because it matches --limit.
# Scores: V/M = 0.03
# Time range: 2022-07-07T15:25:22 to 2022-07-07T15:26:22
# Attribute    pct   total     min     max     avg     95%  stddev  median
# ============ === ======= ======= ======= ======= ======= ======= =======
# Count          0     360
# Exec time      4     22s     6ms   232ms    60ms   134ms    40ms    48ms
# Lock time      0     1ms     2us    86us     4us     3us     4us     3us
# Rows sent      0   3.54k       2      20   10.06   15.25    3.07    9.83
# Rows examine  37   3.45M   9.77k   9.88k   9.82k   9.80k   57.50   9.80k
# Query size     0  40.04k     113     114  113.90  112.70       0  112.70
# String:
# Databases    isuconp
# Hosts        localhost
# Users        isuconp
# Query_time distribution
#   1us
#  10us
# 100us
#   1ms  #
#  10ms  ################################################################
# 100ms  #############
#    1s
#  10s+
# Tables
#    SHOW TABLE STATUS FROM `isuconp` LIKE 'posts'\G
#    SHOW CREATE TABLE `isuconp`.`posts`\G
# EXPLAIN /*!50100 PARTITIONS*/
SELECT `id`, `user_id`, `body`, `mime`, `created_at` FROM `posts` WHERE `user_id` = 973 ORDER BY `created_at` DESC\G

# Query 4: 52.93 QPS, 0.14x concurrency, ID 0x19759A5557089FD5B718D440CBBB5C55 at byte 42288912
# This item is included in the report because it matches --limit.
# Scores: V/M = 0.01
# Time range: 2022-07-07T15:25:22 to 2022-07-07T15:26:23
# Attribute    pct   total     min     max     avg     95%  stddev  median
# ============ === ======= ======= ======= ======= ======= ======= =======
# Count          1    3229
# Exec time      1      8s   130us    78ms     3ms    10ms     4ms   626us
# Lock time      0    32ms     2us     6ms    10us     3us   134us     3us
# Rows sent      0   3.15k       1       1       1       1       0       1
# Rows examine   0   3.15k       1       1       1       1       0       1
# Query size     0 122.76k      36      40   38.93   38.53    0.55   38.53
# String:
# Databases    isuconp
# Hosts        localhost
# Users        isuconp
# Query_time distribution
#   1us
#  10us
# 100us  ################################################################
#   1ms  ############################################
#  10ms  ######
# 100ms
#    1s
#  10s+
# Tables
#    SHOW TABLE STATUS FROM `isuconp` LIKE 'posts'\G
#    SHOW CREATE TABLE `isuconp`.`posts`\G
# EXPLAIN /*!50100 PARTITIONS*/
SELECT * FROM `posts` WHERE `id` = 6071\G
