
# 9.8s user time, 90ms system time, 39.59M rss, 46.81M vsz
# Current date: Sun Jul  3 18:39:01 2022
# Hostname: ip-172-31-43-134
# Files: /var/log/mysql/mysql-slow.log
# Overall: 86.86k total, 26 unique, 1.32k QPS, 2.50x concurrency _________
# Time range: 2022-07-03T09:37:34 to 2022-07-03T09:38:40
# Attribute          total     min     max     avg     95%  stddev  median
# ============     ======= ======= ======= ======= ======= ======= =======
# Exec time           165s     2us   426ms     2ms     3ms    16ms   167us
# Lock time          869ms       0    19ms    10us     4us   156us     3us
# Rows sent          5.77M       0   9.81k   69.68    2.90  797.54    0.99
# Rows examine      25.27M       0  97.70k  305.08    9.83   3.97k    0.99
# Query size        22.61M      10 1019.52k  272.91   80.10  13.06k   36.69

# Profile
# Rank Query ID                      Response time Calls R/Call V/M   Item
# ==== ============================= ============= ===== ====== ===== ====
#    1 0x4858CF4D8CAA743E839C127C... 71.5928 43.4%   491 0.1458  0.04 SELECT posts
#    2 0x7A12D0C8F433684C3027353C... 20.3494 12.3%   105 0.1938  0.05 SELECT posts
#    3 0x396201721CD58410E070DA94... 17.6326 10.7% 39916 0.0004  0.00 SELECT users
#    4 0xCDEB1AFF2AE2BE51B2ED5CF0... 16.7798 10.2%   120 0.1398  0.03 SELECT comments
#    5 0x19759A5557089FD5B718D440... 12.7825  7.7%  9347 0.0014  0.01 SELECT posts
#    6 0x624863D30DAC59FA16849282...  6.7974  4.1% 13342 0.0005  0.00 SELECT comments
#    7 0x422390B42D4DD86C7539A5F4...  6.1590  3.7% 14098 0.0004  0.00 SELECT comments
#    8 0xE83DA93257C7B787C67B1B05...  5.5661  3.4%   120 0.0464  0.01 SELECT posts
# MISC 0xMISC                         7.3139  4.4%  9317 0.0008   0.0 <18 ITEMS>

# Query 1: 7.92 QPS, 1.15x concurrency, ID 0x4858CF4D8CAA743E839C127C71B69E75 at byte 13362491
# Scores: V/M = 0.04
# Time range: 2022-07-03T09:37:38 to 2022-07-03T09:38:40
# Attribute    pct   total     min     max     avg     95%  stddev  median
# ============ === ======= ======= ======= ======= ======= ======= =======
# Count          0     491
# Exec time     43     72s    30ms   392ms   146ms   279ms    76ms   128ms
# Lock time      0     2ms     2us   295us     4us     4us    13us     3us
# Rows sent     81   4.69M   9.77k   9.81k   9.79k   9.80k   21.50   9.33k
# Rows examine  37   9.38M  19.53k  19.62k  19.57k  19.40k       0  19.40k
# Query size     0  44.11k      92      92      92      92       0      92
# String:
# Databases    isuconp
# Hosts        localhost
# Users        isuconp
# Query_time distribution
#   1us
#  10us
# 100us
#   1ms
#  10ms  ##############################
# 100ms  ################################################################
#    1s
#  10s+
# Tables
#    SHOW TABLE STATUS FROM `isuconp` LIKE 'posts'\G
#    SHOW CREATE TABLE `isuconp`.`posts`\G
# EXPLAIN /*!50100 PARTITIONS*/
SELECT `id`, `user_id`, `body`, `mime`, `created_at` FROM `posts` ORDER BY `created_at` DESC\G

# Query 2: 1.72 QPS, 0.33x concurrency, ID 0x7A12D0C8F433684C3027353C36CAB572 at byte 13363902
# Scores: V/M = 0.05
# Time range: 2022-07-03T09:37:39 to 2022-07-03T09:38:40
# Attribute    pct   total     min     max     avg     95%  stddev  median
# ============ === ======= ======= ======= ======= ======= ======= =======
# Count          0     105
# Exec time     12     20s    38ms   426ms   194ms   356ms    94ms   171ms
# Lock time      0   554us     2us   147us     5us     4us    13us     3us
# Rows sent     17 1015.98k   9.58k   9.76k   9.68k   9.33k       0   9.33k
# Rows examine   7   2.00M  19.36k  19.56k  19.46k  19.40k     102  19.40k
# Query size     0  14.56k     142     142     142     142       0     142
# String:
# Databases    isuconp
# Hosts        localhost
# Users        isuconp
# Query_time distribution
#   1us
#  10us
# 100us
#   1ms
#  10ms  #########
# 100ms  ################################################################
#    1s
#  10s+
# Tables
#    SHOW TABLE STATUS FROM `isuconp` LIKE 'posts'\G
#    SHOW CREATE TABLE `isuconp`.`posts`\G
# EXPLAIN /*!50100 PARTITIONS*/
SELECT `id`, `user_id`, `body`, `mime`, `created_at` FROM `posts` WHERE `created_at` <= '2016-01-02T11:44:42+09:00' ORDER BY `created_at` DESC\G

# Query 3: 643.81 QPS, 0.28x concurrency, ID 0x396201721CD58410E070DA9421CA8C8D at byte 3469169
# Scores: V/M = 0.00
# Time range: 2022-07-03T09:37:38 to 2022-07-03T09:38:40
# Attribute    pct   total     min     max     avg     95%  stddev  median
# ============ === ======= ======= ======= ======= ======= ======= =======
# Count         45   39916
# Exec time     10     18s    83us    64ms   441us     2ms     1ms   138us
# Lock time     49   426ms     2us    19ms    10us     4us   165us     3us
# Rows sent      0  38.98k       1       1       1       1       0       1
# Rows examine   0  38.98k       1       1       1       1       0       1
# Query size     6   1.44M      36      39   37.88   36.69    0.17   36.69
# String:
# Databases    isuconp
# Hosts        localhost
# Users        isuconp
# Query_time distribution
#   1us
#  10us  #
# 100us  ################################################################
#   1ms  #####
#  10ms  #
# 100ms
#    1s
#  10s+
# Tables
#    SHOW TABLE STATUS FROM `isuconp` LIKE 'users'\G
#    SHOW CREATE TABLE `isuconp`.`users`\G
# EXPLAIN /*!50100 PARTITIONS*/
SELECT * FROM `users` WHERE `id` = 583\G

# Query 4: 1.97 QPS, 0.28x concurrency, ID 0xCDEB1AFF2AE2BE51B2ED5CF03D4E749F at byte 13361104
# Scores: V/M = 0.03
# Time range: 2022-07-03T09:37:38 to 2022-07-03T09:38:39
# Attribute    pct   total     min     max     avg     95%  stddev  median
# ============ === ======= ======= ======= ======= ======= ======= =======
# Count          0     120
# Exec time     10     17s    17ms   331ms   140ms   253ms    64ms   128ms
# Lock time      0   449us     2us     7us     3us     4us       0     3us
# Rows sent      0     120       1       1       1       1       0       1
# Rows examine  45  11.45M  97.66k  97.70k  97.68k  97.04k       0  97.04k
# Query size     0   7.26k      61      62   61.92   59.77       0   59.77
# String:
# Databases    isuconp
# Hosts        localhost
# Users        isuconp
# Query_time distribution
#   1us
#  10us
# 100us
#   1ms
#  10ms  #####################
# 100ms  ################################################################
#    1s
#  10s+
# Tables
#    SHOW TABLE STATUS FROM `isuconp` LIKE 'comments'\G
#    SHOW CREATE TABLE `isuconp`.`comments`\G
# EXPLAIN /*!50100 PARTITIONS*/
SELECT COUNT(*) AS count FROM `comments` WHERE `user_id` = 37\G

# Query 5: 150.76 QPS, 0.21x concurrency, ID 0x19759A5557089FD5B718D440CBBB5C55 at byte 3536238
# Scores: V/M = 0.01
# Time range: 2022-07-03T09:37:38 to 2022-07-03T09:38:40
# Attribute    pct   total     min     max     avg     95%  stddev  median
# ============ === ======= ======= ======= ======= ======= ======= =======
# Count         10    9347
# Exec time      7     13s   151us   201ms     1ms     5ms     4ms   384us
# Lock time     11   101ms     2us    13ms    10us     4us   169us     3us
# Rows sent      0   9.13k       1       1       1       1       0       1
# Rows examine   0   9.13k       1       1       1       1       0       1
# Query size     1 359.64k      37      40   39.40   38.53    0.26   38.53
# String:
# Databases    isuconp
# Hosts        localhost
# Users        isuconp
# Query_time distribution
#   1us
#  10us
# 100us  ################################################################
#   1ms  ############################
#  10ms  #
# 100ms  #
#    1s
#  10s+
# Tables
#    SHOW TABLE STATUS FROM `isuconp` LIKE 'posts'\G
#    SHOW CREATE TABLE `isuconp`.`posts`\G
# EXPLAIN /*!50100 PARTITIONS*/
SELECT * FROM `posts` WHERE `id` = 9982\G

# Query 6: 215.19 QPS, 0.11x concurrency, ID 0x624863D30DAC59FA16849282195BE09F at byte 27830837
# Scores: V/M = 0.00
# Time range: 2022-07-03T09:37:38 to 2022-07-03T09:38:40
# Attribute    pct   total     min     max     avg     95%  stddev  median
# ============ === ======= ======= ======= ======= ======= ======= =======
# Count         15   13342
# Exec time      4      7s   106us    38ms   509us     2ms     1ms   185us
# Lock time     19   169ms     2us     8ms    12us     4us   173us     3us
# Rows sent      0  17.58k       0       3    1.35    2.90    1.44       0
# Rows examine   0  17.58k       0       3    1.35    2.90    1.44       0
# Query size     4   1.05M      80      83   82.56   80.10    0.09   80.10
# String:
# Databases    isuconp
# Hosts        localhost
# Users        isuconp
# Query_time distribution
#   1us
#  10us
# 100us  ################################################################
#   1ms  ######
#  10ms  #
# 100ms
#    1s
#  10s+
# Tables
#    SHOW TABLE STATUS FROM `isuconp` LIKE 'comments'\G
#    SHOW CREATE TABLE `isuconp`.`comments`\G
# EXPLAIN /*!50100 PARTITIONS*/
SELECT * FROM `comments` WHERE `post_id` = 10208 ORDER BY `created_at` DESC LIMIT 3\G

# Query 7: 227.39 QPS, 0.10x concurrency, ID 0x422390B42D4DD86C7539A5F45EB76A80 at byte 15481797
# Scores: V/M = 0.00
# Time range: 2022-07-03T09:37:38 to 2022-07-03T09:38:40
# Attribute    pct   total     min     max     avg     95%  stddev  median
# ============ === ======= ======= ======= ======= ======= ======= =======
# Count         16   14098
# Exec time      3      6s   105us    64ms   436us     2ms     1ms   176us
# Lock time     17   154ms     2us    13ms    10us     4us   156us     3us
# Rows sent      0  13.77k       1       1       1       1       0       1
# Rows examine   0  65.51k       0      21    4.76   13.83    5.31       0
# Query size     3 902.19k      63      66   65.53   65.89    1.50   65.89
# String:
# Databases    isuconp
# Hosts        localhost
# Users        isuconp
# Query_time distribution
#   1us
#  10us
# 100us  ################################################################
#   1ms  #####
#  10ms  #
# 100ms
#    1s
#  10s+
# Tables
#    SHOW TABLE STATUS FROM `isuconp` LIKE 'comments'\G
#    SHOW CREATE TABLE `isuconp`.`comments`\G
# EXPLAIN /*!50100 PARTITIONS*/
SELECT COUNT(*) AS `count` FROM `comments` WHERE `post_id` = 7185\G

# Query 8: 1.97 QPS, 0.09x concurrency, ID 0xE83DA93257C7B787C67B1B05D2469241 at byte 21890784
# Scores: V/M = 0.01
# Time range: 2022-07-03T09:37:38 to 2022-07-03T09:38:39
# Attribute    pct   total     min     max     avg     95%  stddev  median
# ============ === ======= ======= ======= ======= ======= ======= =======
# Count          0     120
# Exec time      3      6s     8ms   134ms    46ms    91ms    26ms    42ms
# Lock time      0   850us     2us   368us     7us     4us    33us     3us
# Rows sent      0   1.13k       4      19    9.63   14.52    2.86    9.83
# Rows examine   4   1.15M   9.77k   9.82k   9.79k   9.80k   23.50   9.33k
# Query size     0  13.35k     113     114  113.92  112.70       0  112.70
# String:
# Databases    isuconp
# Hosts        localhost
# Users        isuconp
# Query_time distribution
#   1us
#  10us
# 100us
#   1ms  #
#  10ms  ################################################################
# 100ms  ###
#    1s
#  10s+
# Tables
#    SHOW TABLE STATUS FROM `isuconp` LIKE 'posts'\G
#    SHOW CREATE TABLE `isuconp`.`posts`\G
# EXPLAIN /*!50100 PARTITIONS*/
SELECT `id`, `user_id`, `body`, `mime`, `created_at` FROM `posts` WHERE `user_id` = 794 ORDER BY `created_at` DESC\G
