
# 32s user time, 210ms system time, 30.80M rss, 37.76M vsz
# Current date: Tue Jul 12 23:08:16 2022
# Hostname: ip-172-31-43-134
# Files: /var/log/mysql/mysql-slow.log
# Overall: 187.74k total, 26 unique, 1.81k QPS, 3.15x concurrency ________
# Time range: 2022-07-12T14:06:19 to 2022-07-12T14:08:03
# Attribute          total     min     max     avg     95%  stddev  median
# ============     ======= ======= ======= ======= ======= ======= =======
# Exec time           328s     3us   195ms     2ms     6ms     3ms   332us
# Lock time             3s       0    16ms    18us     4us   164us     3us
# Rows sent        700.50k       0   9.76k    3.82    7.70  101.07    0.99
# Rows examine       9.85M       0  10.10k   55.02   23.65  668.65    5.75
# Query size        30.73M      10     489  171.66  258.32  115.53   69.19

# Profile
# Rank Query ID                      Response time  Calls R/Call V/M   Ite
# ==== ============================= ============== ===== ====== ===== ===
#    1 0x5D2CFA6F9FBD8D5803685079... 164.5392 50.2% 81775 0.0020  0.00 SELECT comments users
#    2 0x422390B42D4DD86C7539A5F4... 116.0704 35.4% 81818 0.0014  0.00 SELECT comments
#    3 0xE83DA93257C7B787C67B1B05...  14.1639  4.3%   413 0.0343  0.01 SELECT posts
#    4 0x19759A5557089FD5B718D440...  10.1885  3.1%  2690 0.0038  0.00 SELECT posts
#    5 0x0DF1D96EA2D63D829F9C74E8...   6.1843  1.9%  7125 0.0009  0.00 SELECT posts users
#    6 0xC9383ACA6FF14C29E819735F...   4.6285  1.4%   413 0.0112  0.00 SELECT posts
# MISC 0xMISC                         11.7912  3.6% 13506 0.0009   0.0 <20 ITEMS>

# Query 1: 817.75 QPS, 1.65x concurrency, ID 0x5D2CFA6F9FBD8D5803685079562D8627 at byte 32338826
# Scores: V/M = 0.00
# Time range: 2022-07-12T14:06:23 to 2022-07-12T14:08:03
# Attribute    pct   total     min     max     avg     95%  stddev  median
# ============ === ======= ======= ======= ======= ======= ======= =======
# Count         43   81775
# Exec time     50    165s   140us    58ms     2ms     7ms     2ms   384us
# Lock time     56      2s     2us    12ms    23us     4us   197us     3us
# Rows sent     33 237.29k       0       3    2.97    2.90    0.27    2.90
# Rows examine   4 474.58k       0       6    5.94    5.75    0.54    5.75
# Query size    67  20.89M     265     269  267.87  258.32       0  258.32
# String:
# Databases    isuconp
# Hosts        localhost
# Users        isuconp
# Query_time distribution
#   1us
#  10us
# 100us  ################################################################
#   1ms  #############################################
#  10ms  #
# 100ms
#    1s
#  10s+
# Tables
#    SHOW TABLE STATUS FROM `isuconp` LIKE 'comments'\G
#    SHOW CREATE TABLE `isuconp`.`comments`\G
#    SHOW TABLE STATUS FROM `isuconp` LIKE 'users'\G
#    SHOW CREATE TABLE `isuconp`.`users`\G
# EXPLAIN /*!50100 PARTITIONS*/
SELECT c.id AS 'id', c.post_id AS 'post_id', c.user_id AS 'user_id', c.comment AS 'comment', c.created_at AS 'created_at', u.account_name AS `u.account_name` FROM `comments` c JOIN `users` u ON c.user_id = u.id WHERE c.post_id = 4960 ORDER BY c.created_at DESC LIMIT 3\G

# Query 2: 818.18 QPS, 1.16x concurrency, ID 0x422390B42D4DD86C7539A5F45EB76A80 at byte 50325259
# Scores: V/M = 0.00
# Time range: 2022-07-12T14:06:23 to 2022-07-12T14:08:03
# Attribute    pct   total     min     max     avg     95%  stddev  median
# ============ === ======= ======= ======= ======= ======= ======= =======
# Count         43   81818
# Exec time     35    116s   107us    31ms     1ms     5ms     2ms   236us
# Lock time     36      1s     2us    10ms    15us     3us   133us     3us
# Rows sent     11  79.90k       1       1       1       1       0       1
# Rows examine   7 791.18k       0      23    9.90   14.52    3.19    9.83
# Query size    16   5.06M      62      66   64.87   62.76    0.30   62.76
# String:
# Databases    isuconp
# Hosts        localhost
# Users        isuconp
# Query_time distribution
#   1us
#  10us
# 100us  ################################################################
#   1ms  #####################################
#  10ms  #
# 100ms
#    1s
#  10s+
# Tables
#    SHOW TABLE STATUS FROM `isuconp` LIKE 'comments'\G
#    SHOW CREATE TABLE `isuconp`.`comments`\G
# EXPLAIN /*!50100 PARTITIONS*/
SELECT COUNT(*) AS `count` FROM `comments` WHERE `post_id` = 3600\G

# Query 3: 6.88 QPS, 0.24x concurrency, ID 0xE83DA93257C7B787C67B1B05D2469241 at byte 14313179
# Scores: V/M = 0.01
# Time range: 2022-07-12T14:06:23 to 2022-07-12T14:07:23
# Attribute    pct   total     min     max     avg     95%  stddev  median
# ============ === ======= ======= ======= ======= ======= ======= =======
# Count          0     413
# Exec time      4     14s     7ms    86ms    34ms    61ms    14ms    30ms
# Lock time      0     2ms     3us   487us     5us     3us    24us     3us
# Rows sent      0   4.10k       2      18   10.15   14.52    2.88    9.83
# Rows examine  40   4.01M   9.77k  10.10k   9.94k   9.80k  116.02   9.80k
# Query size     0  45.95k     113     114  113.92  112.70       0  112.70
# String:
# Databases    isuconp
# Hosts        localhost
# Users        isuconp
# Query_time distribution
#   1us
#  10us
# 100us
#   1ms  #
#  10ms  ################################################################
# 100ms
#    1s
#  10s+
# Tables
#    SHOW TABLE STATUS FROM `isuconp` LIKE 'posts'\G
#    SHOW CREATE TABLE `isuconp`.`posts`\G
# EXPLAIN /*!50100 PARTITIONS*/
SELECT `id`, `user_id`, `body`, `mime`, `created_at` FROM `posts` WHERE `user_id` = 825 ORDER BY `created_at` DESC\G

# Query 4: 44.10 QPS, 0.17x concurrency, ID 0x19759A5557089FD5B718D440CBBB5C55 at byte 19791242
# Scores: V/M = 0.00
# Time range: 2022-07-12T14:06:23 to 2022-07-12T14:07:24
# Attribute    pct   total     min     max     avg     95%  stddev  median
# ============ === ======= ======= ======= ======= ======= ======= =======
# Count          1    2690
# Exec time      3     10s    97us    47ms     4ms    11ms     4ms     3ms
# Lock time      0    19ms     2us     1ms     6us     4us    39us     3us
# Rows sent      0   2.63k       1       1       1       1       0       1
# Rows examine   0   2.63k       1       1       1       1       0       1
# Query size     0 102.62k      36      40   39.07   38.53    0.49   38.53
# String:
# Databases    isuconp
# Hosts        localhost
# Users        isuconp
# Query_time distribution
#   1us
#  10us  #
# 100us  #################################
#   1ms  ################################################################
#  10ms  ########
# 100ms
#    1s
#  10s+
# Tables
#    SHOW TABLE STATUS FROM `isuconp` LIKE 'posts'\G
#    SHOW CREATE TABLE `isuconp`.`posts`\G
# EXPLAIN /*!50100 PARTITIONS*/
SELECT * FROM `posts` WHERE `id` = 3204\G

# Query 5: 116.80 QPS, 0.10x concurrency, ID 0x0DF1D96EA2D63D829F9C74E83E5DB087 at byte 30670
# Scores: V/M = 0.00
# Time range: 2022-07-12T14:06:23 to 2022-07-12T14:07:24
# Attribute    pct   total     min     max     avg     95%  stddev  median
# ============ === ======= ======= ======= ======= ======= ======= =======
# Count          3    7125
# Exec time      1      6s   210us    31ms   867us     3ms     2ms   424us
# Lock time      2    93ms     2us    16ms    13us     4us   211us     3us
# Rows sent     19 139.16k      20      20      20      20       0      20
# Rows examine   2 278.89k      40      44   40.08   38.53    0.48   38.53
# Query size    10   3.32M     489     489     489     489       0     489
# String:
# Databases    isuconp
# Hosts        localhost
# Users        isuconp
# Query_time distribution
#   1us
#  10us
# 100us  ################################################################
#   1ms  ###########
#  10ms  #
# 100ms
#    1s
#  10s+
# Tables
#    SHOW TABLE STATUS FROM `isuconp` LIKE 'posts'\G
#    SHOW CREATE TABLE `isuconp`.`posts`\G
#    SHOW TABLE STATUS FROM `isuconp` LIKE 'users'\G
#    SHOW CREATE TABLE `isuconp`.`users`\G
# EXPLAIN /*!50100 PARTITIONS*/
SELECT `posts`.`id` AS id, `posts`.`user_id` AS user_id, `posts`.`body` AS body, `posts`.`mime` AS mime, `posts`.`created_at` AS created_at, `users`.`id` AS 'u.id', `users`.`account_name` AS 'u.account_name', `users`.`passhash` AS 'u.passhash', `users`.`authority` AS 'u.authority', `users`.`del_flg` AS 'u.del_flg', `users`.`created_at` AS 'u.created_at' FROM `posts` JOIN `users` ON `posts`.`user_id` = `users`.`id` WHERE `users`.`del_flg` = 0 ORDER BY `posts`.`created_at` DESC LIMIT 20\G

# Query 6: 6.88 QPS, 0.08x concurrency, ID 0xC9383ACA6FF14C29E819735F00B6DBDF at byte 22848318
# Scores: V/M = 0.00
# Time range: 2022-07-12T14:06:23 to 2022-07-12T14:07:23
# Attribute    pct   total     min     max     avg     95%  stddev  median
# ============ === ======= ======= ======= ======= ======= ======= =======
# Count          0     413
# Exec time      1      5s     2ms    61ms    11ms    23ms     7ms     9ms
# Lock time      0     5ms     2us     1ms    10us     3us    85us     3us
# Rows sent      0   4.10k       2      18   10.15   14.52    2.88    9.83
# Rows examine  40   4.01M   9.77k  10.09k   9.93k   9.80k  134.74   9.80k
# Query size     0  18.52k      45      46   45.92   44.60       0   44.60
# String:
# Databases    isuconp
# Hosts        localhost
# Users        isuconp
# Query_time distribution
#   1us
#  10us
# 100us
#   1ms  ################################################################
#  10ms  ##############################################################
# 100ms
#    1s
#  10s+
# Tables
#    SHOW TABLE STATUS FROM `isuconp` LIKE 'posts'\G
#    SHOW CREATE TABLE `isuconp`.`posts`\G
# EXPLAIN /*!50100 PARTITIONS*/
SELECT `id` FROM `posts` WHERE `user_id` = 836\G
