
# 180ms user time, 0 system time, 30.07M rss, 36.98M vsz
# Current date: Tue Jul 12 22:37:13 2022
# Hostname: ip-172-31-43-134
# Files: /var/log/mysql/mysql-slow.log
# Overall: 83 total, 16 unique, 11.86 QPS, 0.01x concurrency _____________
# Time range: 2022-07-12T13:37:03 to 2022-07-12T13:37:10
# Attribute          total     min     max     avg     95%  stddev  median
# ============     ======= ======= ======= ======= ======= ======= =======
# Exec time           65ms     3us    11ms   787us     4ms     2ms   236us
# Lock time          260us       0    19us     3us     3us     1us     2us
# Rows sent            339       0      20    4.08   19.46    6.43    0.99
# Rows examine       3.69k       0    1000   45.54   42.48  155.94    5.75
# Query size        13.70k      10     489     169  487.09  158.82   62.76

# Profile
# Rank Query ID                         Response time Calls R/Call V/M   I
# ==== ================================ ============= ===== ====== ===== =
#    1 0x6EE137E0EE921F80EABA3715641...  0.0109 16.7%     1 0.0109  0.00 DELETE users
#    2 0xC182E5D3B725AAE1C750ACFD63F...  0.0103 15.7%     1 0.0103  0.00 DELETE comments
#    3 0x8E77BF9E944532A0429655D084E...  0.0077 11.7%     1 0.0077  0.00 UPDATE users
#    4 0x577B225755F9F47B35AAC715039...  0.0058  8.9%     1 0.0058  0.00 FLUSH
#    5 0x5D2CFA6F9FBD8D5803685079562...  0.0053  8.1%    20 0.0003  0.00 SELECT comments users
#    6 0x77938F0C35A5722A798DE77E477...  0.0052  8.0%     1 0.0052  0.00 DELETE posts
#    7 0xD64F7712CF69E90773EF81E54CB...  0.0046  7.0%     1 0.0046  0.00 UPDATE users
#    8 0x422390B42D4DD86C7539A5F45EB...  0.0041  6.3%    20 0.0002  0.00 SELECT comments
#    9 0x0DF1D96EA2D63D829F9C74E83E5...  0.0037  5.6%    12 0.0003  0.00 SELECT posts users
#   10 0x26489ECBE26887E480CA8067F97...  0.0024  3.7%     1 0.0024  0.00 INSERT users
#   11 0xA047A0D0BA167343E5B367867F4...  0.0019  2.8%     7 0.0003  0.00 SELECT users
#   12 0x396201721CD58410E070DA9421C...  0.0019  2.8%    12 0.0002  0.00 SELECT users
# MISC 0xMISC                            0.0017  2.6%     5 0.0003   0.0 <4 ITEMS>

# Query 1: 0 QPS, 0x concurrency, ID 0x6EE137E0EE921F80EABA37156419AD82 at byte 1459
# This item is included in the report because it matches --limit.
# Scores: V/M = 0.00
# Time range: all events occurred at 2022-07-12T13:37:09
# Attribute    pct   total     min     max     avg     95%  stddev  median
# ============ === ======= ======= ======= ======= ======= ======= =======
# Count          1       1
# Exec time     16    11ms    11ms    11ms    11ms    11ms       0    11ms
# Lock time      7    19us    19us    19us    19us    19us       0    19us
# Rows sent      0       0       0       0       0       0       0       0
# Rows examine  11     422     422     422     422     422       0     422
# Query size     0      33      33      33      33      33       0      33
# String:
# Databases    isuconp
# Hosts        localhost
# Users        isuconp
# Query_time distribution
#   1us
#  10us
# 100us
#   1ms
#  10ms  ################################################################
# 100ms
#    1s
#  10s+
# Tables
#    SHOW TABLE STATUS FROM `isuconp` LIKE 'users'\G
#    SHOW CREATE TABLE `isuconp`.`users`\G
DELETE FROM users WHERE id > 1000\G
# Converted for EXPLAIN
# EXPLAIN /*!50100 PARTITIONS*/
select * from  users WHERE id > 1000\G

# Query 2: 0 QPS, 0x concurrency, ID 0xC182E5D3B725AAE1C750ACFD63FEE0DD at byte 1938
# This item is included in the report because it matches --limit.
# Scores: V/M = 0.00
# Time range: all events occurred at 2022-07-12T13:37:09
# Attribute    pct   total     min     max     avg     95%  stddev  median
# ============ === ======= ======= ======= ======= ======= ======= =======
# Count          1       1
# Exec time     15    10ms    10ms    10ms    10ms    10ms       0    10ms
# Lock time      1     4us     4us     4us     4us     4us       0     4us
# Rows sent      0       0       0       0       0       0       0       0
# Rows examine   5     222     222     222     222     222       0     222
# Query size     0      38      38      38      38      38       0      38
# String:
# Databases    isuconp
# Hosts        localhost
# Users        isuconp
# Query_time distribution
#   1us
#  10us
# 100us
#   1ms
#  10ms  ################################################################
# 100ms
#    1s
#  10s+
# Tables
#    SHOW TABLE STATUS FROM `isuconp` LIKE 'comments'\G
#    SHOW CREATE TABLE `isuconp`.`comments`\G
DELETE FROM comments WHERE id > 100000\G
# Converted for EXPLAIN
# EXPLAIN /*!50100 PARTITIONS*/
select * from  comments WHERE id > 100000\G

# Query 3: 0 QPS, 0x concurrency, ID 0x8E77BF9E944532A0429655D084E8660D at byte 2182
# This item is included in the report because it matches --limit.
# Scores: V/M = 0.00
# Time range: all events occurred at 2022-07-12T13:37:09
# Attribute    pct   total     min     max     avg     95%  stddev  median
# ============ === ======= ======= ======= ======= ======= ======= =======
# Count          1       1
# Exec time     11     8ms     8ms     8ms     8ms     8ms       0     8ms
# Lock time      1     4us     4us     4us     4us     4us       0     4us
# Rows sent      0       0       0       0       0       0       0       0
# Rows examine  26    1000    1000    1000    1000    1000       0    1000
# Query size     0      28      28      28      28      28       0      28
# String:
# Databases    isuconp
# Hosts        localhost
# Users        isuconp
# Query_time distribution
#   1us
#  10us
# 100us
#   1ms  ################################################################
#  10ms
# 100ms
#    1s
#  10s+
# Tables
#    SHOW TABLE STATUS FROM `isuconp` LIKE 'users'\G
#    SHOW CREATE TABLE `isuconp`.`users`\G
UPDATE users SET del_flg = 0\G
# Converted for EXPLAIN
# EXPLAIN /*!50100 PARTITIONS*/
select  del_flg = 0 from users \G

# Query 4: 0 QPS, 0x concurrency, ID 0x577B225755F9F47B35AAC71503957920 at byte 0
# This item is included in the report because it matches --limit.
# Scores: V/M = 0.00
# Time range: all events occurred at 2022-07-12T13:37:03
# Attribute    pct   total     min     max     avg     95%  stddev  median
# ============ === ======= ======= ======= ======= ======= ======= =======
# Count          1       1
# Exec time      8     6ms     6ms     6ms     6ms     6ms       0     6ms
# Lock time      0       0       0       0       0       0       0       0
# Rows sent      0       0       0       0       0       0       0       0
# Rows examine   0       0       0       0       0       0       0       0
# Query size     0      10      10      10      10      10       0      10
# String:
# Hosts        localhost
# Users        root
# Query_time distribution
#   1us
#  10us
# 100us
#   1ms  ################################################################
#  10ms
# 100ms
#    1s
#  10s+
FLUSH LOGS\G

# Query 5: 0 QPS, 0x concurrency, ID 0x5D2CFA6F9FBD8D5803685079562D8627 at byte 9337
# This item is included in the report because it matches --limit.
# Scores: V/M = 0.00
# Time range: all events occurred at 2022-07-12T13:37:09
# Attribute    pct   total     min     max     avg     95%  stddev  median
# ============ === ======= ======= ======= ======= ======= ======= =======
# Count         24      20
# Exec time      8     5ms   244us   324us   266us   301us    20us   247us
# Lock time     22    59us     2us     5us     2us     2us       0     2us
# Rows sent     17      60       3       3       3       3       0       3
# Rows examine   3     120       6       6       6       6       0       6
# Query size    38   5.24k     268     269  268.05  258.32       0  258.32
# String:
# Databases    isuconp
# Hosts        localhost
# Users        isuconp
# Query_time distribution
#   1us
#  10us
# 100us  ################################################################
#   1ms
#  10ms
# 100ms
#    1s
#  10s+
# Tables
#    SHOW TABLE STATUS FROM `isuconp` LIKE 'comments'\G
#    SHOW CREATE TABLE `isuconp`.`comments`\G
#    SHOW TABLE STATUS FROM `isuconp` LIKE 'users'\G
#    SHOW CREATE TABLE `isuconp`.`users`\G
# EXPLAIN /*!50100 PARTITIONS*/
SELECT c.id AS 'id', c.post_id AS 'post_id', c.user_id AS 'user_id', c.comment AS 'comment', c.created_at AS 'created_at', u.account_name AS `u.account_name` FROM `comments` c JOIN `users` u ON c.user_id = u.id WHERE c.post_id = 9993 ORDER BY c.created_at DESC LIMIT 3\G

# Query 6: 0 QPS, 0x concurrency, ID 0x77938F0C35A5722A798DE77E477DF648 at byte 1698
# This item is included in the report because it matches --limit.
# Scores: V/M = 0.00
# Time range: all events occurred at 2022-07-12T13:37:09
# Attribute    pct   total     min     max     avg     95%  stddev  median
# ============ === ======= ======= ======= ======= ======= ======= =======
# Count          1       1
# Exec time      8     5ms     5ms     5ms     5ms     5ms       0     5ms
# Lock time      1     4us     4us     4us     4us     4us       0     4us
# Rows sent      0       0       0       0       0       0       0       0
# Rows examine   7     277     277     277     277     277       0     277
# Query size     0      34      34      34      34      34       0      34
# String:
# Databases    isuconp
# Hosts        localhost
# Users        isuconp
# Query_time distribution
#   1us
#  10us
# 100us
#   1ms  ################################################################
#  10ms
# 100ms
#    1s
#  10s+
# Tables
#    SHOW TABLE STATUS FROM `isuconp` LIKE 'posts'\G
#    SHOW CREATE TABLE `isuconp`.`posts`\G
DELETE FROM posts WHERE id > 10000\G
# Converted for EXPLAIN
# EXPLAIN /*!50100 PARTITIONS*/
select * from  posts WHERE id > 10000\G

# Query 7: 0 QPS, 0x concurrency, ID 0xD64F7712CF69E90773EF81E54CB8E3C1 at byte 2417
# This item is included in the report because it matches --limit.
# Scores: V/M = 0.00
# Time range: all events occurred at 2022-07-12T13:37:09
# Attribute    pct   total     min     max     avg     95%  stddev  median
# ============ === ======= ======= ======= ======= ======= ======= =======
# Count          1       1
# Exec time      7     5ms     5ms     5ms     5ms     5ms       0     5ms
# Lock time      1     4us     4us     4us     4us     4us       0     4us
# Rows sent      0       0       0       0       0       0       0       0
# Rows examine  26    1000    1000    1000    1000    1000       0    1000
# Query size     0      46      46      46      46      46       0      46
# String:
# Databases    isuconp
# Hosts        localhost
# Users        isuconp
# Query_time distribution
#   1us
#  10us
# 100us
#   1ms  ################################################################
#  10ms
# 100ms
#    1s
#  10s+
# Tables
#    SHOW TABLE STATUS FROM `isuconp` LIKE 'users'\G
#    SHOW CREATE TABLE `isuconp`.`users`\G
UPDATE users SET del_flg = 1 WHERE id % 50 = 0\G
# Converted for EXPLAIN
# EXPLAIN /*!50100 PARTITIONS*/
select  del_flg = 1 from users where  id % 50 = 0\G

# Query 8: 0 QPS, 0x concurrency, ID 0x422390B42D4DD86C7539A5F45EB76A80 at byte 3874
# This item is included in the report because it matches --limit.
# Scores: V/M = 0.00
# Time range: all events occurred at 2022-07-12T13:37:09
# Attribute    pct   total     min     max     avg     95%  stddev  median
# ============ === ======= ======= ======= ======= ======= ======= =======
# Count         24      20
# Exec time      6     4ms   129us     1ms   205us   167us   252us   144us
# Lock time     21    57us     2us     3us     2us     2us       0     2us
# Rows sent      5      20       1       1       1       1       0       1
# Rows examine   5     192       5      18    9.60   13.83    3.23    9.83
# Query size     9   1.27k      65      66   65.05   62.76    0.50   62.76
# String:
# Databases    isuconp
# Hosts        localhost
# Users        isuconp
# Query_time distribution
#   1us
#  10us
# 100us  ################################################################
#   1ms  ###
#  10ms
# 100ms
#    1s
#  10s+
# Tables
#    SHOW TABLE STATUS FROM `isuconp` LIKE 'comments'\G
#    SHOW CREATE TABLE `isuconp`.`comments`\G
# EXPLAIN /*!50100 PARTITIONS*/
SELECT COUNT(*) AS `count` FROM `comments` WHERE `post_id` = 10000\G

# Query 9: 12 QPS, 0.00x concurrency, ID 0x0DF1D96EA2D63D829F9C74E83E5DB087 at byte 18949
# This item is included in the report because it matches --limit.
# Scores: V/M = 0.00
# Time range: 2022-07-12T13:37:09 to 2022-07-12T13:37:10
# Attribute    pct   total     min     max     avg     95%  stddev  median
# ============ === ======= ======= ======= ======= ======= ======= =======
# Count         14      12
# Exec time      5     4ms   245us   438us   305us   366us    57us   273us
# Lock time     14    38us     2us     5us     3us     3us       0     2us
# Rows sent     70     240      20      20      20      20       0      20
# Rows examine  13     528      44      44      44      44       0      44
# Query size    41   5.73k     489     489     489     489       0     489
# String:
# Databases    isuconp
# Hosts        localhost
# Users        isuconp
# Query_time distribution
#   1us
#  10us
# 100us  ################################################################
#   1ms
#  10ms
# 100ms
#    1s
#  10s+
# Tables
#    SHOW TABLE STATUS FROM `isuconp` LIKE 'posts'\G
#    SHOW CREATE TABLE `isuconp`.`posts`\G
#    SHOW TABLE STATUS FROM `isuconp` LIKE 'users'\G
#    SHOW CREATE TABLE `isuconp`.`users`\G
# EXPLAIN /*!50100 PARTITIONS*/
SELECT `posts`.`id` AS id, `posts`.`user_id` AS user_id, `posts`.`body` AS body, `posts`.`mime` AS mime, `posts`.`created_at` AS created_at, `users`.`id` AS 'u.id', `users`.`account_name` AS 'u.account_name', `users`.`passhash` AS 'u.passhash', `users`.`authority` AS 'u.authority', `users`.`del_flg` AS 'u.del_flg', `users`.`created_at` AS 'u.created_at' FROM `posts` JOIN `users` ON `posts`.`user_id` = `users`.`id` WHERE `users`.`del_flg` = 0 ORDER BY `posts`.`created_at` DESC LIMIT 20\G

# Query 10: 0 QPS, 0x concurrency, ID 0x26489ECBE26887E480CA8067F971EA04 at byte 29036
# This item is included in the report because it matches --limit.
# Scores: V/M = 0.00
# Time range: all events occurred at 2022-07-12T13:37:10
# Attribute    pct   total     min     max     avg     95%  stddev  median
# ============ === ======= ======= ======= ======= ======= ======= =======
# Count          1       1
# Exec time      3     2ms     2ms     2ms     2ms     2ms       0     2ms
# Lock time      0     2us     2us     2us     2us     2us       0     2us
# Rows sent      0       0       0       0       0       0       0       0
# Rows examine   0       0       0       0       0       0       0       0
# Query size     1     216     216     216     216     216       0     216
# String:
# Databases    isuconp
# Hosts        localhost
# Users        isuconp
# Query_time distribution
#   1us
#  10us
# 100us
#   1ms  ################################################################
#  10ms
# 100ms
#    1s
#  10s+
# Tables
#    SHOW TABLE STATUS FROM `isuconp` LIKE 'users'\G
#    SHOW CREATE TABLE `isuconp`.`users`\G
INSERT INTO `users` (`account_name`, `passhash`) VALUES ('8abO7vO3IYsYl4DbKAUdiXXaV','df9c9a9eafb6dccc86aeba26f8345516a0b0346367776661d8092db5e33653430af3280244d0180dd22be3324ef171ec1e4b41b9be8e97395cfafd39c8809037')\G

# Query 11: 7 QPS, 0.00x concurrency, ID 0xA047A0D0BA167343E5B367867F4BDDDD at byte 2670
# This item is included in the report because it matches --limit.
# Scores: V/M = 0.00
# Time range: 2022-07-12T13:37:09 to 2022-07-12T13:37:10
# Attribute    pct   total     min     max     avg     95%  stddev  median
# ============ === ======= ======= ======= ======= ======= ======= =======
# Count          8       7
# Exec time      2     2ms   140us   912us   265us   881us   254us   159us
# Lock time     10    27us     3us     5us     3us     4us       0     3us
# Rows sent      1       6       0       1    0.86    0.99    0.35    0.99
# Rows examine   0       6       0       1    0.86    0.99    0.35    0.99
# Query size     3     461      63      69   65.86   65.89    1.55   65.89
# String:
# Databases    isuconp
# Hosts        localhost
# Users        isuconp
# Query_time distribution
#   1us
#  10us
# 100us  ################################################################
#   1ms
#  10ms
# 100ms
#    1s
#  10s+
# Tables
#    SHOW TABLE STATUS FROM `isuconp` LIKE 'users'\G
#    SHOW CREATE TABLE `isuconp`.`users`\G
# EXPLAIN /*!50100 PARTITIONS*/
SELECT * FROM users WHERE account_name = 'rena' AND del_flg = 0\G

# Query 12: 12 QPS, 0.00x concurrency, ID 0x396201721CD58410E070DA9421CA8C8D at byte 18707
# This item is included in the report because it matches --limit.
# Scores: V/M = 0.00
# Time range: 2022-07-12T13:37:09 to 2022-07-12T13:37:10
# Attribute    pct   total     min     max     avg     95%  stddev  median
# ============ === ======= ======= ======= ======= ======= ======= =======
# Count         14      12
# Exec time      2     2ms   116us   258us   154us   159us    31us   144us
# Lock time     15    40us     3us     4us     3us     3us       0     2us
# Rows sent      3      12       1       1       1       1       0       1
# Rows examine   0      12       1       1       1       1       0       1
# Query size     3     458      38      39   38.17   38.53    0.50   36.69
# String:
# Databases    isuconp
# Hosts        localhost
# Users        isuconp
# Query_time distribution
#   1us
#  10us
# 100us  ################################################################
#   1ms
#  10ms
# 100ms
#    1s
#  10s+
# Tables
#    SHOW TABLE STATUS FROM `isuconp` LIKE 'users'\G
#    SHOW CREATE TABLE `isuconp`.`users`\G
# EXPLAIN /*!50100 PARTITIONS*/
SELECT * FROM `users` WHERE `id` = 504\G
