+-------+-----+-----+-----+-----+-----+--------+--------------------+-------+-------+-------+-------+-------+-------+-------+--------+-----------+-----------+-----------+-----------+
| COUNT | 1XX | 2XX | 3XX | 4XX | 5XX | METHOD |        URI         |  MIN  |  MAX  |  SUM  |  AVG  |  P90  |  P95  |  P99  | STDDEV | MIN(BODY) | MAX(BODY) | SUM(BODY) | AVG(BODY) |
+-------+-----+-----+-----+-----+-----+--------+--------------------+-------+-------+-------+-------+-------+-------+-------+--------+-----------+-----------+-----------+-----------+
|     7 |   0 |   7 |   0 |   0 |   0 | GET    | /                  | 0.080 | 0.096 | 0.588 | 0.084 | 0.096 | 0.096 | 0.096 |  0.005 |  5735.000 |  6041.000 | 41077.000 |  5868.143 |
|     7 |   0 |   0 |   7 |   0 |   0 | POST   | /login             | 0.008 | 0.012 | 0.064 | 0.009 | 0.012 | 0.012 | 0.012 |  0.004 |     0.000 |     0.000 |     0.000 |     0.000 |
|     1 |   0 |   1 |   0 |   0 |   0 | GET    | /@\w+              | 0.044 | 0.044 | 0.044 | 0.044 | 0.044 | 0.044 | 0.044 |  0.000 |  3747.000 |  3747.000 |  3747.000 |  3747.000 |
|    40 |   0 |  40 |   0 |   0 |   0 | GET    | /image/\d+         | 0.000 | 0.004 | 0.040 | 0.001 | 0.004 | 0.004 | 0.004 |  0.002 |     0.000 |     0.000 |     0.000 |     0.000 |
|     1 |   0 |   1 |   0 |   0 |   0 | GET    | /initialize        | 0.040 | 0.040 | 0.040 | 0.040 | 0.040 | 0.040 | 0.040 |  0.000 |     0.000 |     0.000 |     0.000 |     0.000 |
|     1 |   0 |   1 |   0 |   0 |   0 | GET    | /posts/[0-9]+      | 0.012 | 0.012 | 0.012 | 0.012 | 0.012 | 0.012 | 0.012 |  0.000 |  1417.000 |  1417.000 |  1417.000 |  1417.000 |
|     1 |   0 |   0 |   1 |   0 |   0 | POST   | /register          | 0.012 | 0.012 | 0.012 | 0.012 | 0.012 | 0.012 | 0.012 |  0.000 |     0.000 |     0.000 |     0.000 |     0.000 |
|     2 |   0 |   1 |   0 |   1 |   0 | POST   | /                  | 0.004 | 0.004 | 0.008 | 0.004 | 0.004 | 0.004 | 0.004 |  0.000 |     0.000 |     0.000 |     0.000 |     0.000 |
|     2 |   0 |   2 |   0 |   0 |   0 | GET    | /login             | 0.000 | 0.004 | 0.004 | 0.002 | 0.004 | 0.004 | 0.004 |  0.002 |   615.000 |   615.000 |  1230.000 |   615.000 |
|     1 |   0 |   0 |   1 |   0 |   0 | POST   | /comment           | 0.004 | 0.004 | 0.004 | 0.004 | 0.004 | 0.004 | 0.004 |  0.000 |     0.000 |     0.000 |     0.000 |     0.000 |
|     2 |   0 |   1 |   1 |   0 |   0 | GET    | /favicon.ico       | 0.000 | 0.000 | 0.000 | 0.000 | 0.000 | 0.000 | 0.000 |  0.000 |     0.000 |    43.000 |    43.000 |    21.500 |
|     2 |   0 |   1 |   1 |   0 |   0 | GET    | /js/timeago.min.js | 0.000 | 0.000 | 0.000 | 0.000 | 0.000 | 0.000 | 0.000 |  0.000 |     0.000 |  1097.000 |  1097.000 |   548.500 |
|     2 |   0 |   1 |   1 |   0 |   0 | GET    | /js/main.js        | 0.000 | 0.000 | 0.000 | 0.000 | 0.000 | 0.000 | 0.000 |  0.000 |     0.000 |   830.000 |   830.000 |   415.000 |
|     2 |   0 |   1 |   1 |   0 |   0 | GET    | /css/style.css     | 0.000 | 0.000 | 0.000 | 0.000 | 0.000 | 0.000 | 0.000 |  0.000 |     0.000 |   553.000 |   553.000 |   276.500 |
|     1 |   0 |   0 |   1 |   0 |   0 | GET    | /logout            | 0.000 | 0.000 | 0.000 | 0.000 | 0.000 | 0.000 | 0.000 |  0.000 |    24.000 |    24.000 |    24.000 |    24.000 |
|     1 |   0 |   0 |   0 |   1 |   0 | GET    | /admin/banned      | 0.000 | 0.000 | 0.000 | 0.000 | 0.000 | 0.000 | 0.000 |  0.000 |     0.000 |     0.000 |     0.000 |     0.000 |
+-------+-----+-----+-----+-----+-----+--------+--------------------+-------+-------+-------+-------+-------+-------+-------+--------+-----------+-----------+-----------+-----------+
