
# 31.6s user time, 220ms system time, 30.96M rss, 37.79M vsz
# Current date: Sun Jul 10 01:03:26 2022
# Hostname: ip-172-31-43-134
# Files: /var/log/mysql/mysql-slow.log
# Overall: 175.75k total, 26 unique, 1.69k QPS, 3.02x concurrency ________
# Time range: 2022-07-09T16:01:30 to 2022-07-09T16:03:14
# Attribute          total     min     max     avg     95%  stddev  median
# ============     ======= ======= ======= ======= ======= ======= =======
# Exec time           314s     3us   264ms     2ms     6ms     4ms   348us
# Lock time             3s       0    11ms    19us     4us   166us     3us
# Rows sent          1.01M       0   9.76k    6.01    7.70  173.51    0.99
# Rows examine       9.83M       0  10.08k   58.64   24.84  692.97    5.75
# Query size        38.49M      10     453  229.66  381.65  162.67   72.65

# Profile
# Rank Query ID                      Response time  Calls R/Call V/M   Ite
# ==== ============================= ============== ===== ====== ===== ===
#    1 0x11B7CBE9FB76E517F2616DCA... 161.0153 51.3% 76491 0.0021  0.00 SELECT comments users
#    2 0x422390B42D4DD86C7539A5F4... 106.4257 33.9% 76359 0.0014  0.00 SELECT comments
#    3 0xE83DA93257C7B787C67B1B05...  13.6254  4.3%   399 0.0341  0.01 SELECT posts
#    4 0x7A12D0C8F433684C3027353C...   7.0833  2.3%    58 0.1221  0.02 SELECT posts
#    5 0x19759A5557089FD5B718D440...   6.7722  2.2%  2577 0.0026  0.00 SELECT posts
#    6 0x950C46DB6E4968E364E3DC83...   5.4641  1.7%  6729 0.0008  0.00 SELECT posts users
# MISC 0xMISC                         13.4951  4.3% 13140 0.0010   0.0 <20 ITEMS>

# Query 1: 772.64 QPS, 1.63x concurrency, ID 0x11B7CBE9FB76E517F2616DCA9ABF9101 at byte 59401459
# Scores: V/M = 0.00
# Time range: 2022-07-09T16:01:35 to 2022-07-09T16:03:14
# Attribute    pct   total     min     max     avg     95%  stddev  median
# ============ === ======= ======= ======= ======= ======= ======= =======
# Count         43   76491
# Exec time     51    161s   158us    93ms     2ms     7ms     3ms   424us
# Lock time     50      2s     2us    11ms    22us     4us   193us     3us
# Rows sent     21 221.96k       0       3    2.97    2.90    0.27    2.90
# Rows examine   4 443.93k       0       6    5.94    5.75    0.53    5.75
# Query size    75  29.17M     397     401  399.87  381.65    1.70  381.65
# String:
# Databases    isuconp
# Hosts        localhost
# Users        isuconp
# Query_time distribution
#   1us
#  10us
# 100us  ################################################################
#   1ms  ################################################
#  10ms  #
# 100ms
#    1s
#  10s+
# Tables
#    SHOW TABLE STATUS FROM `isuconp` LIKE 'comments'\G
#    SHOW CREATE TABLE `isuconp`.`comments`\G
#    SHOW TABLE STATUS FROM `isuconp` LIKE 'users'\G
#    SHOW CREATE TABLE `isuconp`.`users`\G
# EXPLAIN /*!50100 PARTITIONS*/
SELECT c.id AS 'id', c.post_id AS 'post_id', c.user_id AS 'user_id', c.comment AS 'comment', c.created_at AS 'created_at', u.id AS 'u.id', u.account_name AS 'u.account_name', u.passhash AS 'u.passhash', u.authority AS 'u.authority', u.del_flg AS 'u.del_flg', u.created_at AS 'u.created_at' FROM `comments` c JOIN `users` u ON c.user_id = u.id WHERE c.post_id = 1106 ORDER BY c.created_at DESC LIMIT 3\G

# Query 2: 771.30 QPS, 1.08x concurrency, ID 0x422390B42D4DD86C7539A5F45EB76A80 at byte 11365849
# Scores: V/M = 0.00
# Time range: 2022-07-09T16:01:35 to 2022-07-09T16:03:14
# Attribute    pct   total     min     max     avg     95%  stddev  median
# ============ === ======= ======= ======= ======= ======= ======= =======
# Count         43   76359
# Exec time     33    106s   103us    27ms     1ms     5ms     2ms   236us
# Lock time     44      1s     2us     7ms    19us     3us   157us     3us
# Rows sent      7  74.57k       1       1       1       1       0       1
# Rows examine   7 739.20k       0      23    9.91   14.52    3.19    9.83
# Query size    12   4.72M      62      66   64.87   62.76    0.29   62.76
# String:
# Databases    isuconp
# Hosts        localhost
# Users        isuconp
# Query_time distribution
#   1us
#  10us
# 100us  ################################################################
#   1ms  ######################################
#  10ms  #
# 100ms
#    1s
#  10s+
# Tables
#    SHOW TABLE STATUS FROM `isuconp` LIKE 'comments'\G
#    SHOW CREATE TABLE `isuconp`.`comments`\G
# EXPLAIN /*!50100 PARTITIONS*/
SELECT COUNT(*) AS `count` FROM `comments` WHERE `post_id` = 7748\G

# Query 3: 4.34 QPS, 0.15x concurrency, ID 0xE83DA93257C7B787C67B1B05D2469241 at byte 70044068
# Scores: V/M = 0.01
# Time range: 2022-07-09T16:01:35 to 2022-07-09T16:03:07
# Attribute    pct   total     min     max     avg     95%  stddev  median
# ============ === ======= ======= ======= ======= ======= ======= =======
# Count          0     399
# Exec time      4     14s     6ms   147ms    34ms    61ms    16ms    30ms
# Lock time      0     2ms     2us    67us     4us     4us     4us     3us
# Rows sent      0   4.06k       2      19   10.43   15.25    3.02    9.83
# Rows examine  39   3.87M   9.77k  10.08k   9.93k   9.80k  124.01   9.80k
# Query size     0  44.39k     113     114  113.91  112.70       0  112.70
# String:
# Databases    isuconp
# Hosts        localhost
# Users        isuconp
# Query_time distribution
#   1us
#  10us
# 100us
#   1ms  #
#  10ms  ################################################################
# 100ms  #
#    1s
#  10s+
# Tables
#    SHOW TABLE STATUS FROM `isuconp` LIKE 'posts'\G
#    SHOW CREATE TABLE `isuconp`.`posts`\G
# EXPLAIN /*!50100 PARTITIONS*/
SELECT `id`, `user_id`, `body`, `mime`, `created_at` FROM `posts` WHERE `user_id` = 519 ORDER BY `created_at` DESC\G

# Query 4: 0.97 QPS, 0.12x concurrency, ID 0x7A12D0C8F433684C3027353C36CAB572 at byte 31458846
# Scores: V/M = 0.02
# Time range: 2022-07-09T16:01:35 to 2022-07-09T16:02:35
# Attribute    pct   total     min     max     avg     95%  stddev  median
# ============ === ======= ======= ======= ======= ======= ======= =======
# Count          0      58
# Exec time      2      7s    53ms   254ms   122ms   198ms    43ms   110ms
# Lock time      0   331us     3us    88us     5us     4us    11us     3us
# Rows sent     54 565.58k   9.75k   9.76k   9.75k   9.33k       0   9.33k
# Rows examine   5 565.58k   9.75k   9.76k   9.75k   9.33k       0   9.33k
# Query size     0   8.04k     142     142     142     142       0     142
# String:
# Databases    isuconp
# Hosts        localhost
# Users        isuconp
# Query_time distribution
#   1us
#  10us
# 100us
#   1ms
#  10ms  ##########################
# 100ms  ################################################################
#    1s
#  10s+
# Tables
#    SHOW TABLE STATUS FROM `isuconp` LIKE 'posts'\G
#    SHOW CREATE TABLE `isuconp`.`posts`\G
# EXPLAIN /*!50100 PARTITIONS*/
SELECT `id`, `user_id`, `body`, `mime`, `created_at` FROM `posts` WHERE `created_at` <= '2016-01-02T11:46:28+09:00' ORDER BY `created_at` DESC\G

# Query 5: 42.95 QPS, 0.11x concurrency, ID 0x19759A5557089FD5B718D440CBBB5C55 at byte 3066963
# Scores: V/M = 0.00
# Time range: 2022-07-09T16:01:35 to 2022-07-09T16:02:35
# Attribute    pct   total     min     max     avg     95%  stddev  median
# ============ === ======= ======= ======= ======= ======= ======= =======
# Count          1    2577
# Exec time      2      7s   113us    36ms     3ms     8ms     3ms     2ms
# Lock time      0    17ms     2us     2ms     6us     4us    46us     3us
# Rows sent      0   2.52k       1       1       1       1       0       1
# Rows examine   0   2.52k       1       1       1       1       0       1
# Query size     0  98.32k      36      40   39.07   38.53    0.49   38.53
# String:
# Databases    isuconp
# Hosts        localhost
# Users        isuconp
# Query_time distribution
#   1us
#  10us
# 100us  #########################################################
#   1ms  ################################################################
#  10ms  ####
# 100ms
#    1s
#  10s+
# Tables
#    SHOW TABLE STATUS FROM `isuconp` LIKE 'posts'\G
#    SHOW CREATE TABLE `isuconp`.`posts`\G
# EXPLAIN /*!50100 PARTITIONS*/
SELECT * FROM `posts` WHERE `id` = 4907\G

# Query 6: 71.59 QPS, 0.06x concurrency, ID 0x950C46DB6E4968E364E3DC832B2860E0 at byte 24968023
# Scores: V/M = 0.00
# Time range: 2022-07-09T16:01:35 to 2022-07-09T16:03:09
# Attribute    pct   total     min     max     avg     95%  stddev  median
# ============ === ======= ======= ======= ======= ======= ======= =======
# Count          3    6729
# Exec time      1      5s   220us    23ms   812us     3ms     1ms   424us
# Lock time      1    49ms     3us     2ms     7us     4us    44us     3us
# Rows sent     12 131.43k      20      20      20      20       0      20
# Rows examine   2 263.54k      40      44   40.10   38.53    0.54   38.53
# Query size     7   2.91M     453     453     453     453       0     453
# String:
# Databases    isuconp
# Hosts        localhost
# Users        isuconp
# Query_time distribution
#   1us
#  10us
# 100us  ################################################################
#   1ms  ###########
#  10ms  #
# 100ms
#    1s
#  10s+
# Tables
#    SHOW TABLE STATUS FROM `isuconp` LIKE 'posts'\G
#    SHOW CREATE TABLE `isuconp`.`posts`\G
#    SHOW TABLE STATUS FROM `isuconp` LIKE 'users'\G
#    SHOW CREATE TABLE `isuconp`.`users`\G
# EXPLAIN /*!50100 PARTITIONS*/
SELECT `posts`.`id`, `posts`.`user_id`, `posts`.`body`, `posts`.`mime`, `posts`.`created_at`, `users`.`id` AS user_user_id, `users`.`account_name` AS user_account_name, `users`.`passhash` AS user_passhash, `users`.`authority` AS user_authority, `users`.`del_flg` AS user_del_flg, `users`.`created_at` AS user_created_at FROM `posts` JOIN `users` ON `posts`.`user_id` = `users`.`id` WHERE `users`.`del_flg` = 0 ORDER BY `posts`.`created_at` DESC LIMIT 20\G
