
# 6.4s user time, 50ms system time, 30.61M rss, 37.76M vsz
# Current date: Fri Jul  8 02:25:48 2022
# Hostname: ip-172-31-43-134
# Files: /var/log/mysql/mysql-slow.log
# Overall: 51.26k total, 26 unique, 765.06 QPS, 0.69x concurrency ________
# Time range: 2022-07-07T17:24:21 to 2022-07-07T17:25:28
# Attribute          total     min     max     avg     95%  stddev  median
# ============     ======= ======= ======= ======= ======= ======= =======
# Exec time            46s     3us   138ms   904us     3ms     3ms   273us
# Lock time          458ms       0    10ms     8us     4us   100us     3us
# Rows sent        314.68k       0   9.76k    6.29   19.46  146.20    0.99
# Rows examine      10.73M       0  10.05k  219.53   38.53   1.38k    5.75
# Query size        10.54M      10     453  215.67  441.81  172.49   69.19

# Profile
# Rank Query ID                      Response time Calls R/Call V/M   Item
# ==== ============================= ============= ===== ====== ===== ====
#    1 0xE83DA93257C7B787C67B1B05... 12.6050 27.2%   519 0.0243  0.01 SELECT posts
#    2 0x58CDBEF53804905081DDA03B...  7.2389 15.6% 14722 0.0005  0.00 SELECT comments users
#    3 0x19759A5557089FD5B718D440...  5.6520 12.2%  3622 0.0016  0.00 SELECT posts
#    4 0x422390B42D4DD86C7539A5F4...  4.4763  9.7% 14394 0.0003  0.00 SELECT comments
#    5 0xC9383ACA6FF14C29E819735F...  4.1250  8.9%   519 0.0079  0.00 SELECT posts
#    6 0x950C46DB6E4968E364E3DC83...  3.4112  7.4%  4751 0.0007  0.00 SELECT posts users
#    7 0x4B0EA855D7B4E8A65F7C0087...  1.9020  4.1%  3011 0.0006  0.00 SELECT comments users
#    8 0x7A12D0C8F433684C3027353C...  1.2461  2.7%    12 0.1038  0.00 SELECT posts
#    9 0x26489ECBE26887E480CA8067...  1.1723  2.5%   359 0.0033  0.00 INSERT users
#   10 0x396201721CD58410E070DA94...  1.0630  2.3%  3980 0.0003  0.00 SELECT users
#   11 0xA047A0D0BA167343E5B36786...  0.8935  1.9%  2922 0.0003  0.00 SELECT users
#   12 0x009A61E5EFBD5A5E4097914B...  0.8885  1.9%   279 0.0032  0.00 INSERT posts
# MISC 0xMISC                         1.7048  3.7%  2169 0.0008   0.0 <14 ITEMS>

# Query 1: 8.65 QPS, 0.21x concurrency, ID 0xE83DA93257C7B787C67B1B05D2469241 at byte 19082708
# This item is included in the report because it matches --limit.
# Scores: V/M = 0.01
# Time range: 2022-07-07T17:24:26 to 2022-07-07T17:25:26
# Attribute    pct   total     min     max     avg     95%  stddev  median
# ============ === ======= ======= ======= ======= ======= ======= =======
# Count          1     519
# Exec time     27     13s     6ms   108ms    24ms    44ms    12ms    21ms
# Lock time      0     3ms     2us   354us     6us     4us    18us     3us
# Rows sent      1   5.37k       2      21   10.60   15.25    3.03   10.84
# Rows examine  46   5.03M   9.77k  10.05k   9.92k   9.80k  111.48   9.80k
# Query size     0  57.74k     113     114  113.92  112.70       0  112.70
# String:
# Databases    isuconp
# Hosts        localhost
# Users        isuconp
# Query_time distribution
#   1us
#  10us
# 100us
#   1ms  #
#  10ms  ################################################################
# 100ms  #
#    1s
#  10s+
# Tables
#    SHOW TABLE STATUS FROM `isuconp` LIKE 'posts'\G
#    SHOW CREATE TABLE `isuconp`.`posts`\G
# EXPLAIN /*!50100 PARTITIONS*/
SELECT `id`, `user_id`, `body`, `mime`, `created_at` FROM `posts` WHERE `user_id` = 383 ORDER BY `created_at` DESC\G

# Query 2: 237.45 QPS, 0.12x concurrency, ID 0x58CDBEF53804905081DDA03BEE24EFEE at byte 16589322
# This item is included in the report because it matches --limit.
# Scores: V/M = 0.00
# Time range: 2022-07-07T17:24:26 to 2022-07-07T17:25:28
# Attribute    pct   total     min     max     avg     95%  stddev  median
# ============ === ======= ======= ======= ======= ======= ======= =======
# Count         28   14722
# Exec time     15      7s   162us    32ms   491us     1ms   837us   287us
# Lock time     25   118ms     2us     6ms     8us     4us    65us     3us
# Rows sent     13  41.93k       0       3    2.92    2.90    0.47    2.90
# Rows examine   0  83.86k       0       6    5.83    5.75    0.93    5.75
# Query size    53   5.63M     398     402  400.93  400.73       2  400.73
# String:
# Databases    isuconp
# Hosts        localhost
# Users        isuconp
# Query_time distribution
#   1us
#  10us
# 100us  ################################################################
#   1ms  ####
#  10ms  #
# 100ms
#    1s
#  10s+
# Tables
#    SHOW TABLE STATUS FROM `isuconp` LIKE 'comments'\G
#    SHOW CREATE TABLE `isuconp`.`comments`\G
#    SHOW TABLE STATUS FROM `isuconp` LIKE 'users'\G
#    SHOW CREATE TABLE `isuconp`.`users`\G
# EXPLAIN /*!50100 PARTITIONS*/
SELECT c.id AS id, c.post_id AS post_id, c.user_id AS user_id, c.comment AS comment, c.created_at AS created_at, u.id AS user_user_id, u.account_name AS user_account_name, u.passhash AS user_passhash, u.authority AS user_authority, u.del_flg AS user_del_flg, u.created_at AS user_created_at FROM `comments` c JOIN `users` u ON c.user_id = u.id WHERE c.post_id = 2671 ORDER BY c.created_at DESC LIMIT 3\G

# Query 3: 60.37 QPS, 0.09x concurrency, ID 0x19759A5557089FD5B718D440CBBB5C55 at byte 21236428
# This item is included in the report because it matches --limit.
# Scores: V/M = 0.00
# Time range: 2022-07-07T17:24:26 to 2022-07-07T17:25:26
# Attribute    pct   total     min     max     avg     95%  stddev  median
# ============ === ======= ======= ======= ======= ======= ======= =======
# Count          7    3622
# Exec time     12      6s    99us    33ms     2ms     5ms     2ms   725us
# Lock time      9    46ms     2us     8ms    12us     4us   169us     3us
# Rows sent      1   3.54k       1       1       1       1       0       1
# Rows examine   0   3.54k       1       1       1       1       0       1
# Query size     1 137.97k      36      40   39.01   38.53    0.51   38.53
# String:
# Databases    isuconp
# Hosts        localhost
# Users        isuconp
# Query_time distribution
#   1us
#  10us
# 100us  ################################################################
#   1ms  ###################################################
#  10ms  #
# 100ms
#    1s
#  10s+
# Tables
#    SHOW TABLE STATUS FROM `isuconp` LIKE 'posts'\G
#    SHOW CREATE TABLE `isuconp`.`posts`\G
# EXPLAIN /*!50100 PARTITIONS*/
SELECT * FROM `posts` WHERE `id` = 12937\G

# Query 4: 232.16 QPS, 0.07x concurrency, ID 0x422390B42D4DD86C7539A5F45EB76A80 at byte 1998879
# This item is included in the report because it matches --limit.
# Scores: V/M = 0.00
# Time range: 2022-07-07T17:24:26 to 2022-07-07T17:25:28
# Attribute    pct   total     min     max     avg     95%  stddev  median
# ============ === ======= ======= ======= ======= ======= ======= =======
# Count         28   14394
# Exec time      9      4s   112us    25ms   310us   761us   597us   176us
# Lock time     24   112ms     2us     5ms     7us     4us    68us     3us
# Rows sent      4  14.06k       1       1       1       1       0       1
# Rows examine   1 136.82k       0      23    9.73   14.52    3.40    9.83
# Query size     8 912.66k      62      66   64.93   62.76    0.51   62.76
# String:
# Databases    isuconp
# Hosts        localhost
# Users        isuconp
# Query_time distribution
#   1us
#  10us
# 100us  ################################################################
#   1ms  ##
#  10ms  #
# 100ms
#    1s
#  10s+
# Tables
#    SHOW TABLE STATUS FROM `isuconp` LIKE 'comments'\G
#    SHOW CREATE TABLE `isuconp`.`comments`\G
# EXPLAIN /*!50100 PARTITIONS*/
SELECT COUNT(*) AS `count` FROM `comments` WHERE `post_id` = 9318\G

# Query 5: 8.65 QPS, 0.07x concurrency, ID 0xC9383ACA6FF14C29E819735F00B6DBDF at byte 4299472
# This item is included in the report because it matches --limit.
# Scores: V/M = 0.00
# Time range: 2022-07-07T17:24:26 to 2022-07-07T17:25:26
# Attribute    pct   total     min     max     avg     95%  stddev  median
# ============ === ======= ======= ======= ======= ======= ======= =======
# Count          1     519
# Exec time      8      4s     2ms    56ms     8ms    17ms     5ms     6ms
# Lock time      0     4ms     2us     1ms     7us     4us    48us     3us
# Rows sent      1   5.37k       2      21   10.60   15.25    3.03   10.84
# Rows examine  46   5.02M   9.77k  10.04k   9.91k   9.80k  138.39   9.80k
# Query size     0  23.27k      45      46   45.92   44.60       0   44.60
# String:
# Databases    isuconp
# Hosts        localhost
# Users        isuconp
# Query_time distribution
#   1us
#  10us
# 100us
#   1ms  ################################################################
#  10ms  ################
# 100ms
#    1s
#  10s+
# Tables
#    SHOW TABLE STATUS FROM `isuconp` LIKE 'posts'\G
#    SHOW CREATE TABLE `isuconp`.`posts`\G
# EXPLAIN /*!50100 PARTITIONS*/
SELECT `id` FROM `posts` WHERE `user_id` = 778\G

# Query 6: 79.18 QPS, 0.06x concurrency, ID 0x950C46DB6E4968E364E3DC832B2860E0 at byte 18809702
# This item is included in the report because it matches --limit.
# Scores: V/M = 0.00
# Time range: 2022-07-07T17:24:26 to 2022-07-07T17:25:26
# Attribute    pct   total     min     max     avg     95%  stddev  median
# ============ === ======= ======= ======= ======= ======= ======= =======
# Count          9    4751
# Exec time      7      3s   232us    19ms   717us     2ms     1ms   403us
# Lock time     11    51ms     2us    10ms    10us     4us   151us     3us
# Rows sent     29  92.79k      20      20      20      20       0      20
# Rows examine   1 186.12k      40      44   40.11   38.53    0.57   38.53
# Query size    19   2.05M     453     453     453     453       0     453
# String:
# Databases    isuconp
# Hosts        localhost
# Users        isuconp
# Query_time distribution
#   1us
#  10us
# 100us  ################################################################
#   1ms  ########
#  10ms  #
# 100ms
#    1s
#  10s+
# Tables
#    SHOW TABLE STATUS FROM `isuconp` LIKE 'posts'\G
#    SHOW CREATE TABLE `isuconp`.`posts`\G
#    SHOW TABLE STATUS FROM `isuconp` LIKE 'users'\G
#    SHOW CREATE TABLE `isuconp`.`users`\G
# EXPLAIN /*!50100 PARTITIONS*/
SELECT `posts`.`id`, `posts`.`user_id`, `posts`.`body`, `posts`.`mime`, `posts`.`created_at`, `users`.`id` AS user_user_id, `users`.`account_name` AS user_account_name, `users`.`passhash` AS user_passhash, `users`.`authority` AS user_authority, `users`.`del_flg` AS user_del_flg, `users`.`created_at` AS user_created_at FROM `posts` JOIN `users` ON `posts`.`user_id` = `users`.`id` WHERE `users`.`del_flg` = 0 ORDER BY `posts`.`created_at` DESC LIMIT 20\G

# Query 7: 50.18 QPS, 0.03x concurrency, ID 0x4B0EA855D7B4E8A65F7C008710755713 at byte 9689059
# This item is included in the report because it matches --limit.
# Scores: V/M = 0.00
# Time range: 2022-07-07T17:24:26 to 2022-07-07T17:25:26
# Attribute    pct   total     min     max     avg     95%  stddev  median
# ============ === ======= ======= ======= ======= ======= ======= =======
# Count          5    3011
# Exec time      4      2s   173us    16ms   631us     2ms   863us   384us
# Lock time      6    29ms     2us     5ms     9us     4us    98us     3us
# Rows sent      8  26.92k       0      22    9.15   14.52    4.11    9.83
# Rows examine   0  53.83k       0      44   18.31   28.75    8.15   19.46
# Query size    10   1.13M     390     394  393.00  381.65       0  381.65
# String:
# Databases    isuconp
# Hosts        localhost
# Users        isuconp
# Query_time distribution
#   1us
#  10us
# 100us  ################################################################
#   1ms  #######
#  10ms  #
# 100ms
#    1s
#  10s+
# Tables
#    SHOW TABLE STATUS FROM `isuconp` LIKE 'comments'\G
#    SHOW CREATE TABLE `isuconp`.`comments`\G
#    SHOW TABLE STATUS FROM `isuconp` LIKE 'users'\G
#    SHOW CREATE TABLE `isuconp`.`users`\G
# EXPLAIN /*!50100 PARTITIONS*/
SELECT c.id AS id, c.post_id AS post_id, c.user_id AS user_id, c.comment AS comment, c.created_at AS created_at, u.id AS user_user_id, u.account_name AS user_account_name, u.passhash AS user_passhash, u.authority AS user_authority, u.del_flg AS user_del_flg, u.created_at AS user_created_at FROM `comments` c JOIN `users` u ON c.user_id = u.id WHERE c.post_id = 9127 ORDER BY c.created_at DESC\G

# Query 8: 0.24 QPS, 0.02x concurrency, ID 0x7A12D0C8F433684C3027353C36CAB572 at byte 4170154
# This item is included in the report because it matches --limit.
# Scores: V/M = 0.00
# Time range: 2022-07-07T17:24:26 to 2022-07-07T17:25:17
# Attribute    pct   total     min     max     avg     95%  stddev  median
# ============ === ======= ======= ======= ======= ======= ======= =======
# Count          0      12
# Exec time      2      1s    82ms   138ms   104ms   134ms    20ms   100ms
# Lock time      0    82us     3us    40us     6us     3us     9us     3us
# Rows sent     37 117.02k   9.75k   9.76k   9.75k   9.33k       0   9.33k
# Rows examine   1 117.02k   9.75k   9.76k   9.75k   9.33k       0   9.33k
# Query size     0   1.66k     142     142     142     142       0     142
# String:
# Databases    isuconp
# Hosts        localhost
# Users        isuconp
# Query_time distribution
#   1us
#  10us
# 100us
#   1ms
#  10ms  ################################################################
# 100ms  ################################################################
#    1s
#  10s+
# Tables
#    SHOW TABLE STATUS FROM `isuconp` LIKE 'posts'\G
#    SHOW CREATE TABLE `isuconp`.`posts`\G
# EXPLAIN /*!50100 PARTITIONS*/
SELECT `id`, `user_id`, `body`, `mime`, `created_at` FROM `posts` WHERE `created_at` <= '2016-01-02T11:46:24+09:00' ORDER BY `created_at` DESC\G

# Query 9: 5.98 QPS, 0.02x concurrency, ID 0x26489ECBE26887E480CA8067F971EA04 at byte 5775280
# This item is included in the report because it matches --limit.
# Scores: V/M = 0.00
# Time range: 2022-07-07T17:24:26 to 2022-07-07T17:25:26
# Attribute    pct   total     min     max     avg     95%  stddev  median
# ============ === ======= ======= ======= ======= ======= ======= =======
# Count          0     359
# Exec time      2      1s     1ms    16ms     3ms     6ms     2ms     3ms
# Lock time      0     2ms     2us   584us     5us     3us    30us     3us
# Rows sent      0       0       0       0       0       0       0       0
# Rows examine   0       0       0       0       0       0       0       0
# Query size     0  75.73k     216     216     216     216       0     216
# String:
# Databases    isuconp
# Hosts        localhost
# Users        isuconp
# Query_time distribution
#   1us
#  10us
# 100us
#   1ms  ################################################################
#  10ms  #
# 100ms
#    1s
#  10s+
# Tables
#    SHOW TABLE STATUS FROM `isuconp` LIKE 'users'\G
#    SHOW CREATE TABLE `isuconp`.`users`\G
INSERT INTO `users` (`account_name`, `passhash`) VALUES ('qBO3e86ejQE1wg0bbfCGIm5Zj','11a1135bd8497ab321ec5c5e20f3f1328596ff3334a5117fcb6cb9719c761f00495cb43ef067b1fe8b768b5bd2daab6e0a8ef0e643390d6a521af61c266f3d7e')\G

# Query 10: 66.33 QPS, 0.02x concurrency, ID 0x396201721CD58410E070DA9421CA8C8D at byte 8901618
# This item is included in the report because it matches --limit.
# Scores: V/M = 0.00
# Time range: 2022-07-07T17:24:26 to 2022-07-07T17:25:26
# Attribute    pct   total     min     max     avg     95%  stddev  median
# ============ === ======= ======= ======= ======= ======= ======= =======
# Count          7    3980
# Exec time      2      1s    93us    15ms   267us   596us   599us   144us
# Lock time      9    45ms     2us     7ms    11us     4us   154us     3us
# Rows sent      1   3.89k       1       1       1       1       0       1
# Rows examine   0   3.89k       1       1       1       1       0       1
# Query size     1 147.74k      37      39   38.01   38.53    0.53   36.69
# String:
# Databases    isuconp
# Hosts        localhost
# Users        isuconp
# Query_time distribution
#   1us
#  10us  #
# 100us  ################################################################
#   1ms  ##
#  10ms  #
# 100ms
#    1s
#  10s+
# Tables
#    SHOW TABLE STATUS FROM `isuconp` LIKE 'users'\G
#    SHOW CREATE TABLE `isuconp`.`users`\G
# EXPLAIN /*!50100 PARTITIONS*/
SELECT * FROM `users` WHERE `id` = 197\G

# Query 11: 48.70 QPS, 0.01x concurrency, ID 0xA047A0D0BA167343E5B367867F4BDDDD at byte 10778670
# This item is included in the report because it matches --limit.
# Scores: V/M = 0.00
# Time range: 2022-07-07T17:24:26 to 2022-07-07T17:25:26
# Attribute    pct   total     min     max     avg     95%  stddev  median
# ============ === ======= ======= ======= ======= ======= ======= =======
# Count          5    2922
# Exec time      1   894ms   105us    12ms   305us   839us   589us   167us
# Lock time      4    20ms     2us     2ms     6us     4us    39us     3us
# Rows sent      0   2.28k       0       1    0.80    0.99    0.40    0.99
# Rows examine   0   2.28k       0       1    0.80    0.99    0.40    0.99
# Query size     1 191.72k      62      83   67.19   80.10    4.88   62.76
# String:
# Databases    isuconp
# Hosts        localhost
# Users        isuconp
# Query_time distribution
#   1us
#  10us
# 100us  ################################################################
#   1ms  ##
#  10ms  #
# 100ms
#    1s
#  10s+
# Tables
#    SHOW TABLE STATUS FROM `isuconp` LIKE 'users'\G
#    SHOW CREATE TABLE `isuconp`.`users`\G
# EXPLAIN /*!50100 PARTITIONS*/
SELECT * FROM users WHERE account_name = 'herminia' AND del_flg = 0\G

# Query 12: 4.65 QPS, 0.01x concurrency, ID 0x009A61E5EFBD5A5E4097914B4DBD1C07 at byte 5775700
# This item is included in the report because it matches --limit.
# Scores: V/M = 0.00
# Time range: 2022-07-07T17:24:26 to 2022-07-07T17:25:26
# Attribute    pct   total     min     max     avg     95%  stddev  median
# ============ === ======= ======= ======= ======= ======= ======= =======
# Count          0     279
# Exec time      1   888ms     1ms    14ms     3ms     5ms     1ms     3ms
# Lock time      0     2ms     2us   380us     6us     4us    25us     3us
# Rows sent      0       0       0       0       0       0       0       0
# Rows examine   0       0       0       0       0       0       0       0
# Query size     0  40.46k     105     223  148.49  183.58   24.36  143.84
# String:
# Databases    isuconp
# Hosts        localhost
# Users        isuconp
# Query_time distribution
#   1us
#  10us
# 100us
#   1ms  ################################################################
#  10ms  #
# 100ms
#    1s
#  10s+
# Tables
#    SHOW TABLE STATUS FROM `isuconp` LIKE 'posts'\G
#    SHOW CREATE TABLE `isuconp`.`posts`\G
INSERT INTO `posts` (`user_id`, `mime`, `imgdata`, `body`) VALUES (823,'image/png','','バタン♪Ю―(^O^ )　ただいまーーー')\G
