
# 9.2s user time, 130ms system time, 39.20M rss, 46.34M vsz
# Current date: Sun Jul  3 21:13:18 2022
# Hostname: ip-172-31-43-134
# Files: /var/log/mysql/mysql-slow.log
# Overall: 83.28k total, 26 unique, 1.24k QPS, 2.81x concurrency _________
# Time range: 2022-07-03T12:11:51 to 2022-07-03T12:12:58
# Attribute          total     min     max     avg     95%  stddev  median
# ============     ======= ======= ======= ======= ======= ======= =======
# Exec time           188s     3us   419ms     2ms     3ms    18ms   176us
# Lock time          984ms       0    25ms    11us     4us   167us     3us
# Rows sent          5.99M       0   9.81k   75.49    2.90  829.48    0.99
# Rows examine      25.95M       0  97.70k  326.70   10.84   4.09k    0.99
# Query size        26.30M      10 1013.55k  331.17   80.10  14.73k   36.69

# Profile
# Rank Query ID                      Response time Calls R/Call V/M   Item
# ==== ============================= ============= ===== ====== ===== ====
#    1 0x4858CF4D8CAA743E839C127C... 83.2078 44.2%   504 0.1651  0.04 SELECT posts
#    2 0x7A12D0C8F433684C3027353C... 24.9623 13.3%   115 0.2171  0.04 SELECT posts
#    3 0x396201721CD58410E070DA94... 19.5973 10.4% 42076 0.0005  0.00 SELECT users
#    4 0xCDEB1AFF2AE2BE51B2ED5CF0... 18.8466 10.0%   122 0.1545  0.02 SELECT comments
#    5 0x19759A5557089FD5B718D440... 15.6281  8.3%  9994 0.0016  0.00 SELECT posts
#    6 0x624863D30DAC59FA16849282...  7.5151  4.0% 13866 0.0005  0.00 SELECT comments
#    7 0x422390B42D4DD86C7539A5F4...  6.6365  3.5% 14698 0.0005  0.00 SELECT comments
#    8 0xE83DA93257C7B787C67B1B05...  6.3882  3.4%   122 0.0524  0.02 SELECT posts
# MISC 0xMISC                         5.5428  2.9%  1778 0.0031   0.0 <18 ITEMS>

# Query 1: 8.13 QPS, 1.34x concurrency, ID 0x4858CF4D8CAA743E839C127C71B69E75 at byte 32648625
# Scores: V/M = 0.04
# Time range: 2022-07-03T12:11:55 to 2022-07-03T12:12:57
# Attribute    pct   total     min     max     avg     95%  stddev  median
# ============ === ======= ======= ======= ======= ======= ======= =======
# Count          0     504
# Exec time     44     83s    19ms   360ms   165ms   293ms    77ms   155ms
# Lock time      0     3ms     2us   388us     5us     4us    19us     3us
# Rows sent     80   4.82M   9.77k   9.81k   9.79k   9.80k      22   9.33k
# Rows examine  37   9.63M  19.53k  19.62k  19.57k  19.40k       0  19.40k
# Query size     0  45.28k      92      92      92      92       0      92
# String:
# Databases    isuconp
# Hosts        localhost
# Users        isuconp
# Query_time distribution
#   1us
#  10us
# 100us
#   1ms
#  10ms  ###################
# 100ms  ################################################################
#    1s
#  10s+
# Tables
#    SHOW TABLE STATUS FROM `isuconp` LIKE 'posts'\G
#    SHOW CREATE TABLE `isuconp`.`posts`\G
# EXPLAIN /*!50100 PARTITIONS*/
SELECT `id`, `user_id`, `body`, `mime`, `created_at` FROM `posts` ORDER BY `created_at` DESC\G

# Query 2: 1.89 QPS, 0.41x concurrency, ID 0x7A12D0C8F433684C3027353C36CAB572 at byte 41330114
# Scores: V/M = 0.04
# Time range: 2022-07-03T12:11:57 to 2022-07-03T12:12:58
# Attribute    pct   total     min     max     avg     95%  stddev  median
# ============ === ======= ======= ======= ======= ======= ======= =======
# Count          0     115
# Exec time     13     25s    25ms   419ms   217ms   356ms    88ms   219ms
# Lock time      0     6ms     3us     5ms    50us     4us   473us     3us
# Rows sent     18   1.09M   9.57k   9.76k   9.67k   9.33k       0   9.33k
# Rows examine   8   2.19M  19.35k  19.56k  19.46k  19.40k     107  19.40k
# Query size     0  15.95k     142     142     142     142       0     142
# String:
# Databases    isuconp
# Hosts        localhost
# Users        isuconp
# Query_time distribution
#   1us
#  10us
# 100us
#   1ms
#  10ms  ########
# 100ms  ################################################################
#    1s
#  10s+
# Tables
#    SHOW TABLE STATUS FROM `isuconp` LIKE 'posts'\G
#    SHOW CREATE TABLE `isuconp`.`posts`\G
# EXPLAIN /*!50100 PARTITIONS*/
SELECT `id`, `user_id`, `body`, `mime`, `created_at` FROM `posts` WHERE `created_at` <= '2016-01-02T11:46:24+09:00' ORDER BY `created_at` DESC\G

# Query 3: 667.87 QPS, 0.31x concurrency, ID 0x396201721CD58410E070DA9421CA8C8D at byte 9059829
# Scores: V/M = 0.00
# Time range: 2022-07-03T12:11:55 to 2022-07-03T12:12:58
# Attribute    pct   total     min     max     avg     95%  stddev  median
# ============ === ======= ======= ======= ======= ======= ======= =======
# Count         50   42076
# Exec time     10     20s    78us    33ms   465us     2ms     1ms   144us
# Lock time     51   505ms     2us    25ms    12us     4us   196us     3us
# Rows sent      0  41.09k       1       1       1       1       0       1
# Rows examine   0  41.09k       1       1       1       1       0       1
# Query size     5   1.52M      36      39   37.91   36.69    0.17   36.69
# String:
# Databases    isuconp
# Hosts        localhost
# Users        isuconp
# Query_time distribution
#   1us
#  10us  #
# 100us  ################################################################
#   1ms  ######
#  10ms  #
# 100ms
#    1s
#  10s+
# Tables
#    SHOW TABLE STATUS FROM `isuconp` LIKE 'users'\G
#    SHOW CREATE TABLE `isuconp`.`users`\G
# EXPLAIN /*!50100 PARTITIONS*/
SELECT * FROM `users` WHERE `id` = 648\G

# Query 4: 2 QPS, 0.31x concurrency, ID 0xCDEB1AFF2AE2BE51B2ED5CF03D4E749F at byte 2509234
# Scores: V/M = 0.02
# Time range: 2022-07-03T12:11:55 to 2022-07-03T12:12:56
# Attribute    pct   total     min     max     avg     95%  stddev  median
# ============ === ======= ======= ======= ======= ======= ======= =======
# Count          0     122
# Exec time     10     19s    18ms   299ms   154ms   253ms    59ms   163ms
# Lock time      0     2ms     3us     1ms    12us     4us    91us     2us
# Rows sent      0     122       1       1       1       1       0       1
# Rows examine  44  11.64M  97.66k  97.70k  97.68k  97.04k    0.00  97.04k
# Query size     0   7.38k      61      62   61.93   59.77       0   59.77
# String:
# Databases    isuconp
# Hosts        localhost
# Users        isuconp
# Query_time distribution
#   1us
#  10us
# 100us
#   1ms
#  10ms  ################
# 100ms  ################################################################
#    1s
#  10s+
# Tables
#    SHOW TABLE STATUS FROM `isuconp` LIKE 'comments'\G
#    SHOW CREATE TABLE `isuconp`.`comments`\G
# EXPLAIN /*!50100 PARTITIONS*/
SELECT COUNT(*) AS count FROM `comments` WHERE `user_id` = 922\G

# Query 5: 158.63 QPS, 0.25x concurrency, ID 0x19759A5557089FD5B718D440CBBB5C55 at byte 10841635
# Scores: V/M = 0.00
# Time range: 2022-07-03T12:11:55 to 2022-07-03T12:12:58
# Attribute    pct   total     min     max     avg     95%  stddev  median
# ============ === ======= ======= ======= ======= ======= ======= =======
# Count         12    9994
# Exec time      8     16s   150us    44ms     2ms     7ms     3ms   445us
# Lock time      9    94ms     2us     3ms     9us     5us    84us     3us
# Rows sent      0   9.76k       1       1       1       1       0       1
# Rows examine   0   9.76k       1       1       1       1       0       1
# Query size     1 384.50k      36      40   39.40   38.53    0.27   38.53
# String:
# Databases    isuconp
# Hosts        localhost
# Users        isuconp
# Query_time distribution
#   1us
#  10us
# 100us  ################################################################
#   1ms  ####################################
#  10ms  ##
# 100ms
#    1s
#  10s+
# Tables
#    SHOW TABLE STATUS FROM `isuconp` LIKE 'posts'\G
#    SHOW CREATE TABLE `isuconp`.`posts`\G
# EXPLAIN /*!50100 PARTITIONS*/
SELECT * FROM `posts` WHERE `id` = 9461\G

# Query 6: 220.10 QPS, 0.12x concurrency, ID 0x624863D30DAC59FA16849282195BE09F at byte 1518627
# Scores: V/M = 0.00
# Time range: 2022-07-03T12:11:55 to 2022-07-03T12:12:58
# Attribute    pct   total     min     max     avg     95%  stddev  median
# ============ === ======= ======= ======= ======= ======= ======= =======
# Count         16   13866
# Exec time      3      8s   103us    28ms   541us     2ms     1ms   194us
# Lock time     18   179ms     2us     5ms    12us     4us   129us     3us
# Rows sent      0  18.29k       0       3    1.35    2.90    1.43       0
# Rows examine   0  18.29k       0       3    1.35    2.90    1.43       0
# Query size     4   1.09M      79      83   82.56   80.10    0.10   80.10
# String:
# Databases    isuconp
# Hosts        localhost
# Users        isuconp
# Query_time distribution
#   1us
#  10us
# 100us  ################################################################
#   1ms  #######
#  10ms  #
# 100ms
#    1s
#  10s+
# Tables
#    SHOW TABLE STATUS FROM `isuconp` LIKE 'comments'\G
#    SHOW CREATE TABLE `isuconp`.`comments`\G
# EXPLAIN /*!50100 PARTITIONS*/
SELECT * FROM `comments` WHERE `post_id` = 9980 ORDER BY `created_at` DESC LIMIT 3\G

# Query 7: 233.30 QPS, 0.11x concurrency, ID 0x422390B42D4DD86C7539A5F45EB76A80 at byte 15535856
# Scores: V/M = 0.00
# Time range: 2022-07-03T12:11:55 to 2022-07-03T12:12:58
# Attribute    pct   total     min     max     avg     95%  stddev  median
# ============ === ======= ======= ======= ======= ======= ======= =======
# Count         17   14698
# Exec time      3      7s   104us    30ms   451us     2ms     1ms   176us
# Lock time     15   149ms     2us     6ms    10us     4us   120us     2us
# Rows sent      0  14.35k       1       1       1       1       0       1
# Rows examine   0  68.54k       0      22    4.78   13.83    5.33       0
# Query size     3 940.55k      62      66   65.53   65.89    1.56   65.89
# String:
# Databases    isuconp
# Hosts        localhost
# Users        isuconp
# Query_time distribution
#   1us
#  10us
# 100us  ################################################################
#   1ms  ######
#  10ms  #
# 100ms
#    1s
#  10s+
# Tables
#    SHOW TABLE STATUS FROM `isuconp` LIKE 'comments'\G
#    SHOW CREATE TABLE `isuconp`.`comments`\G
# EXPLAIN /*!50100 PARTITIONS*/
SELECT COUNT(*) AS `count` FROM `comments` WHERE `post_id` = 10335\G

# Query 8: 2 QPS, 0.10x concurrency, ID 0xE83DA93257C7B787C67B1B05D2469241 at byte 3587137
# Scores: V/M = 0.02
# Time range: 2022-07-03T12:11:55 to 2022-07-03T12:12:56
# Attribute    pct   total     min     max     avg     95%  stddev  median
# ============ === ======= ======= ======= ======= ======= ======= =======
# Count          0     122
# Exec time      3      6s     6ms   147ms    52ms   110ms    30ms    46ms
# Lock time      0   614us     2us   104us     5us     4us     9us     3us
# Rows sent      0   1.19k       4      19   10.02   14.52    2.92    9.83
# Rows examine   4   1.17M   9.77k   9.82k   9.80k   9.80k   24.50   9.33k
# Query size     0  13.57k     113     114  113.93  112.70       0  112.70
# String:
# Databases    isuconp
# Hosts        localhost
# Users        isuconp
# Query_time distribution
#   1us
#  10us
# 100us
#   1ms  #
#  10ms  ################################################################
# 100ms  #######
#    1s
#  10s+
# Tables
#    SHOW TABLE STATUS FROM `isuconp` LIKE 'posts'\G
#    SHOW CREATE TABLE `isuconp`.`posts`\G
# EXPLAIN /*!50100 PARTITIONS*/
SELECT `id`, `user_id`, `body`, `mime`, `created_at` FROM `posts` WHERE `user_id` = 903 ORDER BY `created_at` DESC\G
