
# 129.8s user time, 780ms system time, 30.93M rss, 37.90M vsz
# Current date: Thu Jul  7 22:55:37 2022
# Hostname: ip-172-31-43-134
# Files: /var/log/mysql/mysql-slow.log
# Overall: 720.84k total, 26 unique, 3.50k QPS, 7.34x concurrency ________
# Time range: 2022-07-07T13:51:53 to 2022-07-07T13:55:19
# Attribute          total     min     max     avg     95%  stddev  median
# ============     ======= ======= ======= ======= ======= ======= =======
# Exec time          1513s     3us   478ms     2ms     4ms     2ms     2ms
# Lock time            38s       0    30ms    53us     4us   292us     3us
# Rows sent          1.06M       0   9.75k    1.54    2.90   39.00    0.99
# Rows examine       6.95M       0   9.90k   10.12   11.95  262.59    0.99
# Query size        38.10M      10     453   55.42   80.10   28.72   36.69

# Profile
# Rank Query ID                     Response time  Calls  R/Call V/M   Ite
# ==== ============================ ============== ====== ====== ===== ===
#    1 0x396201721CD58410E070DA9... 781.9765 51.7% 394195 0.0020  0.00 SELECT users
#    2 0x624863D30DAC59FA1684928... 367.3857 24.3% 167683 0.0022  0.00 SELECT comments
#    3 0x422390B42D4DD86C7539A5F... 328.5318 21.7% 149441 0.0022  0.00 SELECT comments
# MISC 0xMISC                        35.1730  2.3%   9521 0.0037   0.0 <23 ITEMS>

# Query 1: 1.97k QPS, 3.91x concurrency, ID 0x396201721CD58410E070DA9421CA8C8D at byte 61602423
# This item is included in the report because it matches --limit.
# Scores: V/M = 0.00
# Time range: 2022-07-07T13:51:59 to 2022-07-07T13:55:19
# Attribute    pct   total     min     max     avg     95%  stddev  median
# ============ === ======= ======= ======= ======= ======= ======= =======
# Count         54  394195
# Exec time     51    782s    79us    62ms     2ms     4ms     2ms     2ms
# Lock time     71     27s     2us    30ms    69us    13us   330us     3us
# Rows sent     35 384.96k       1       1       1       1       0       1
# Rows examine   5 384.96k       1       1       1       1       0       1
# Query size    37  14.25M      36      39   37.89   36.69    0.18   36.69
# String:
# Databases    isuconp
# Hosts        localhost
# Users        isuconp
# Query_time distribution
#   1us
#  10us  #
# 100us  ####################################
#   1ms  ################################################################
#  10ms  #
# 100ms
#    1s
#  10s+
# Tables
#    SHOW TABLE STATUS FROM `isuconp` LIKE 'users'\G
#    SHOW CREATE TABLE `isuconp`.`users`\G
# EXPLAIN /*!50100 PARTITIONS*/
SELECT * FROM `users` WHERE `id` = 655\G

# Query 2: 838.41 QPS, 1.84x concurrency, ID 0x624863D30DAC59FA16849282195BE09F at byte 31485155
# This item is included in the report because it matches --limit.
# Scores: V/M = 0.00
# Time range: 2022-07-07T13:51:59 to 2022-07-07T13:55:19
# Attribute    pct   total     min     max     avg     95%  stddev  median
# ============ === ======= ======= ======= ======= ======= ======= =======
# Count         23  167683
# Exec time     24    367s   102us    43ms     2ms     5ms     2ms     2ms
# Lock time     11      5s     2us    25ms    26us     3us   217us     3us
# Rows sent     33 367.40k       0       3    2.24    2.90    1.26    2.90
# Rows examine   5 367.40k       0       3    2.24    2.90    1.26    2.90
# Query size    34  13.14M      79      83   82.17   80.10    0.32   80.10
# String:
# Databases    isuconp
# Hosts        localhost
# Users        isuconp
# Query_time distribution
#   1us
#  10us
# 100us  #####################################################
#   1ms  ################################################################
#  10ms  #
# 100ms
#    1s
#  10s+
# Tables
#    SHOW TABLE STATUS FROM `isuconp` LIKE 'comments'\G
#    SHOW CREATE TABLE `isuconp`.`comments`\G
# EXPLAIN /*!50100 PARTITIONS*/
SELECT * FROM `comments` WHERE `post_id` = 9878 ORDER BY `created_at` DESC LIMIT 3\G

# Query 3: 747.21 QPS, 1.64x concurrency, ID 0x422390B42D4DD86C7539A5F45EB76A80 at byte 52820881
# This item is included in the report because it matches --limit.
# Scores: V/M = 0.00
# Time range: 2022-07-07T13:51:59 to 2022-07-07T13:55:19
# Attribute    pct   total     min     max     avg     95%  stddev  median
# ============ === ======= ======= ======= ======= ======= ======= =======
# Count         20  149441
# Exec time     21    329s   101us    92ms     2ms     4ms     2ms     2ms
# Lock time     16      7s     2us    19ms    43us     3us   261us     3us
# Rows sent     13 145.94k       1       1       1       1       0       1
# Rows examine  17   1.19M       0      23    8.34   14.52    4.62    8.91
# Query size    24   9.27M      62      66   65.08   65.89    1.18   62.76
# String:
# Databases    isuconp
# Hosts        localhost
# Users        isuconp
# Query_time distribution
#   1us
#  10us
# 100us  ############################################
#   1ms  ################################################################
#  10ms  #
# 100ms
#    1s
#  10s+
# Tables
#    SHOW TABLE STATUS FROM `isuconp` LIKE 'comments'\G
#    SHOW CREATE TABLE `isuconp`.`comments`\G
# EXPLAIN /*!50100 PARTITIONS*/
SELECT COUNT(*) AS `count` FROM `comments` WHERE `post_id` = 9983\G
