
# 9.5s user time, 100ms system time, 40.91M rss, 48.11M vsz
# Current date: Sun Jul  3 22:03:06 2022
# Hostname: ip-172-31-43-134
# Files: /var/log/mysql/mysql-slow.log
# Overall: 85.77k total, 27 unique, 1.26k QPS, 2.93x concurrency _________
# Time range: 2022-07-03T13:01:37 to 2022-07-03T13:02:45
# Attribute          total     min     max     avg     95%  stddev  median
# ============     ======= ======= ======= ======= ======= ======= =======
# Exec time           199s     3us   460ms     2ms     3ms    18ms   176us
# Lock time             1s       0    16ms    11us     4us   155us     3us
# Rows sent          6.17M       0   9.81k   75.42    2.90  830.42    0.99
# Rows examine      27.67M       0  97.70k  338.23   10.84   4.20k    0.99
# Query size        21.30M      10 1019.80k  260.41   80.10  12.19k   36.69

# Profile
# Rank Query ID                      Response time Calls R/Call V/M   Item
# ==== ============================= ============= ===== ====== ===== ====
#    1 0x4858CF4D8CAA743E839C127C... 88.6326 44.5%   520 0.1704  0.03 SELECT posts
#    2 0x7A12D0C8F433684C3027353C... 26.6468 13.4%   117 0.2278  0.03 SELECT posts
#    3 0x396201721CD58410E070DA94... 20.6079 10.3% 43060 0.0005  0.00 SELECT users
#    4 0xCDEB1AFF2AE2BE51B2ED5CF0... 19.7664  9.9%   134 0.1475  0.03 SELECT comments
#    5 0x19759A5557089FD5B718D440... 14.7757  7.4% 10475 0.0014  0.00 SELECT posts
#    6 0x624863D30DAC59FA16849282...  7.7740  3.9% 14276 0.0005  0.00 SELECT comments
#    7 0xE83DA93257C7B787C67B1B05...  7.4689  3.7%   134 0.0557  0.02 SELECT posts
#    8 0x422390B42D4DD86C7539A5F4...  7.1021  3.6% 15168 0.0005  0.00 SELECT comments
# MISC 0xMISC                         6.5325  3.3%  1890 0.0035   0.0 <19 ITEMS>

# Query 1: 8.52 QPS, 1.45x concurrency, ID 0x4858CF4D8CAA743E839C127C71B69E75 at byte 23559105
# Scores: V/M = 0.03
# Time range: 2022-07-03T13:01:43 to 2022-07-03T13:02:44
# Attribute    pct   total     min     max     avg     95%  stddev  median
# ============ === ======= ======= ======= ======= ======= ======= =======
# Count          0     520
# Exec time     44     89s    19ms   384ms   170ms   293ms    77ms   163ms
# Lock time      0     4ms     2us   746us     6us     5us    34us     3us
# Rows sent     80   4.97M   9.77k   9.81k   9.79k   9.80k   22.50   9.33k
# Rows examine  35   9.94M  19.53k  19.62k  19.57k  19.40k       0  19.40k
# Query size     0  46.72k      92      92      92      92       0      92
# String:
# Databases    isuconp
# Hosts        localhost
# Users        isuconp
# Query_time distribution
#   1us
#  10us
# 100us
#   1ms
#  10ms  ################
# 100ms  ################################################################
#    1s
#  10s+
# Tables
#    SHOW TABLE STATUS FROM `isuconp` LIKE 'posts'\G
#    SHOW CREATE TABLE `isuconp`.`posts`\G
# EXPLAIN /*!50100 PARTITIONS*/
SELECT `id`, `user_id`, `body`, `mime`, `created_at` FROM `posts` ORDER BY `created_at` DESC\G

# Query 2: 1.95 QPS, 0.44x concurrency, ID 0x7A12D0C8F433684C3027353C36CAB572 at byte 2262429
# Scores: V/M = 0.03
# Time range: 2022-07-03T13:01:45 to 2022-07-03T13:02:45
# Attribute    pct   total     min     max     avg     95%  stddev  median
# ============ === ======= ======= ======= ======= ======= ======= =======
# Count          0     117
# Exec time     13     27s    23ms   460ms   228ms   323ms    86ms   230ms
# Lock time      0   668us     3us   123us     5us     6us    11us     3us
# Rows sent     17   1.10M   9.57k   9.76k   9.66k   9.33k       0   9.33k
# Rows examine   8   2.22M  19.34k  19.56k  19.45k  19.40k  110.50  19.40k
# Query size     0  16.22k     142     142     142     142       0     142
# String:
# Databases    isuconp
# Hosts        localhost
# Users        isuconp
# Query_time distribution
#   1us
#  10us
# 100us
#   1ms
#  10ms  #####
# 100ms  ################################################################
#    1s
#  10s+
# Tables
#    SHOW TABLE STATUS FROM `isuconp` LIKE 'posts'\G
#    SHOW CREATE TABLE `isuconp`.`posts`\G
# EXPLAIN /*!50100 PARTITIONS*/
SELECT `id`, `user_id`, `body`, `mime`, `created_at` FROM `posts` WHERE `created_at` <= '2016-01-02T11:46:25+09:00' ORDER BY `created_at` DESC\G

# Query 3: 683.49 QPS, 0.33x concurrency, ID 0x396201721CD58410E070DA9421CA8C8D at byte 3217939
# Scores: V/M = 0.00
# Time range: 2022-07-03T13:01:42 to 2022-07-03T13:02:45
# Attribute    pct   total     min     max     avg     95%  stddev  median
# ============ === ======= ======= ======= ======= ======= ======= =======
# Count         50   43060
# Exec time     10     21s    81us    36ms   478us     2ms     1ms   144us
# Lock time     50   519ms     2us    10ms    12us     4us   140us     3us
# Rows sent      0  42.05k       1       1       1       1       0       1
# Rows examine   0  42.05k       1       1       1       1       0       1
# Query size     7   1.56M      36      39   37.89   36.69    0.17   36.69
# String:
# Databases    isuconp
# Hosts        localhost
# Users        isuconp
# Query_time distribution
#   1us
#  10us  #
# 100us  ################################################################
#   1ms  ######
#  10ms  #
# 100ms
#    1s
#  10s+
# Tables
#    SHOW TABLE STATUS FROM `isuconp` LIKE 'users'\G
#    SHOW CREATE TABLE `isuconp`.`users`\G
# EXPLAIN /*!50100 PARTITIONS*/
SELECT * FROM `users` WHERE `id` = 344\G

# Query 4: 2.23 QPS, 0.33x concurrency, ID 0xCDEB1AFF2AE2BE51B2ED5CF03D4E749F at byte 25283540
# Scores: V/M = 0.03
# Time range: 2022-07-03T13:01:43 to 2022-07-03T13:02:43
# Attribute    pct   total     min     max     avg     95%  stddev  median
# ============ === ======= ======= ======= ======= ======= ======= =======
# Count          0     134
# Exec time      9     20s    28ms   296ms   148ms   253ms    65ms   148ms
# Lock time      0   534us     2us    35us     3us     4us     2us     3us
# Rows sent      0     134       1       1       1       1       0       1
# Rows examine  46  12.78M  97.66k  97.70k  97.68k  97.04k       0  97.04k
# Query size     0   8.10k      61      62   61.92   59.77       0   59.77
# String:
# Databases    isuconp
# Hosts        localhost
# Users        isuconp
# Query_time distribution
#   1us
#  10us
# 100us
#   1ms
#  10ms  #####################
# 100ms  ################################################################
#    1s
#  10s+
# Tables
#    SHOW TABLE STATUS FROM `isuconp` LIKE 'comments'\G
#    SHOW CREATE TABLE `isuconp`.`comments`\G
# EXPLAIN /*!50100 PARTITIONS*/
SELECT COUNT(*) AS count FROM `comments` WHERE `user_id` = 904\G

# Query 5: 168.95 QPS, 0.24x concurrency, ID 0x19759A5557089FD5B718D440CBBB5C55 at byte 3092053
# Scores: V/M = 0.00
# Time range: 2022-07-03T13:01:43 to 2022-07-03T13:02:45
# Attribute    pct   total     min     max     avg     95%  stddev  median
# ============ === ======= ======= ======= ======= ======= ======= =======
# Count         12   10475
# Exec time      7     15s   148us    46ms     1ms     6ms     3ms   384us
# Lock time     11   120ms     2us     8ms    11us     5us   150us     3us
# Rows sent      0  10.23k       1       1       1       1       0       1
# Rows examine   0  10.23k       1       1       1       1       0       1
# Query size     1 403.06k      37      40   39.40   38.53    0.28   38.53
# String:
# Databases    isuconp
# Hosts        localhost
# Users        isuconp
# Query_time distribution
#   1us
#  10us
# 100us  ################################################################
#   1ms  ##############################
#  10ms  ##
# 100ms
#    1s
#  10s+
# Tables
#    SHOW TABLE STATUS FROM `isuconp` LIKE 'posts'\G
#    SHOW CREATE TABLE `isuconp`.`posts`\G
# EXPLAIN /*!50100 PARTITIONS*/
SELECT * FROM `posts` WHERE `id` = 10634\G

# Query 6: 230.26 QPS, 0.13x concurrency, ID 0x624863D30DAC59FA16849282195BE09F at byte 28307932
# Scores: V/M = 0.00
# Time range: 2022-07-03T13:01:43 to 2022-07-03T13:02:45
# Attribute    pct   total     min     max     avg     95%  stddev  median
# ============ === ======= ======= ======= ======= ======= ======= =======
# Count         16   14276
# Exec time      3      8s   101us    36ms   544us     2ms     1ms   194us
# Lock time     14   147ms     2us     7ms    10us     4us   115us     3us
# Rows sent      0  18.21k       0       3    1.31    2.90    1.44       0
# Rows examine   0  18.21k       0       3    1.31    2.90    1.44       0
# Query size     5   1.12M      80      83   82.57   80.10    0.11   80.10
# String:
# Databases    isuconp
# Hosts        localhost
# Users        isuconp
# Query_time distribution
#   1us
#  10us
# 100us  ################################################################
#   1ms  #######
#  10ms  #
# 100ms
#    1s
#  10s+
# Tables
#    SHOW TABLE STATUS FROM `isuconp` LIKE 'comments'\G
#    SHOW CREATE TABLE `isuconp`.`comments`\G
# EXPLAIN /*!50100 PARTITIONS*/
SELECT * FROM `comments` WHERE `post_id` = 10657 ORDER BY `created_at` DESC LIMIT 3\G

# Query 7: 2.23 QPS, 0.12x concurrency, ID 0xE83DA93257C7B787C67B1B05D2469241 at byte 22004209
# Scores: V/M = 0.02
# Time range: 2022-07-03T13:01:43 to 2022-07-03T13:02:43
# Attribute    pct   total     min     max     avg     95%  stddev  median
# ============ === ======= ======= ======= ======= ======= ======= =======
# Count          0     134
# Exec time      3      7s     6ms   138ms    56ms   110ms    30ms    51ms
# Lock time      0     2ms     3us     1ms    16us     4us   101us     3us
# Rows sent      0   1.25k       3      17    9.58   13.83    2.97    9.83
# Rows examine   4   1.28M   9.77k   9.82k   9.80k   9.80k   25.50   9.80k
# Query size     0  14.91k     113     114  113.92  112.70       0  112.70
# String:
# Databases    isuconp
# Hosts        localhost
# Users        isuconp
# Query_time distribution
#   1us
#  10us
# 100us
#   1ms  #
#  10ms  ################################################################
# 100ms  ########
#    1s
#  10s+
# Tables
#    SHOW TABLE STATUS FROM `isuconp` LIKE 'posts'\G
#    SHOW CREATE TABLE `isuconp`.`posts`\G
# EXPLAIN /*!50100 PARTITIONS*/
SELECT `id`, `user_id`, `body`, `mime`, `created_at` FROM `posts` WHERE `user_id` = 615 ORDER BY `created_at` DESC\G

# Query 8: 244.65 QPS, 0.11x concurrency, ID 0x422390B42D4DD86C7539A5F45EB76A80 at byte 31242856
# Scores: V/M = 0.00
# Time range: 2022-07-03T13:01:43 to 2022-07-03T13:02:45
# Attribute    pct   total     min     max     avg     95%  stddev  median
# ============ === ======= ======= ======= ======= ======= ======= =======
# Count         17   15168
# Exec time      3      7s   103us    32ms   468us     2ms     1ms   176us
# Lock time     21   221ms     2us    16ms    14us     4us   226us     3us
# Rows sent      0  14.81k       1       1       1       1       0       1
# Rows examine   0  69.30k       0      20    4.68   13.83    5.32       0
# Query size     4 970.73k      63      66   65.53   65.89    1.50   65.89
# String:
# Databases    isuconp
# Hosts        localhost
# Users        isuconp
# Query_time distribution
#   1us
#  10us
# 100us  ################################################################
#   1ms  ######
#  10ms  #
# 100ms
#    1s
#  10s+
# Tables
#    SHOW TABLE STATUS FROM `isuconp` LIKE 'comments'\G
#    SHOW CREATE TABLE `isuconp`.`comments`\G
# EXPLAIN /*!50100 PARTITIONS*/
SELECT COUNT(*) AS `count` FROM `comments` WHERE `post_id` = 10650\G
