
# 11.1s user time, 60ms system time, 30.71M rss, 37.76M vsz
# Current date: Fri Jul  8 01:20:27 2022
# Hostname: ip-172-31-43-134
# Files: /var/log/mysql/mysql-slow.log
# Overall: 89.10k total, 26 unique, 1.11k QPS, 0.76x concurrency _________
# Time range: 2022-07-07T16:18:53 to 2022-07-07T16:20:13
# Attribute          total     min     max     avg     95%  stddev  median
# ============     ======= ======= ======= ======= ======= ======= =======
# Exec time            61s     3us    95ms   684us     2ms     2ms   260us
# Lock time          998ms       0     9ms    11us     4us   118us     3us
# Rows sent        364.15k       0   9.76k    4.19   10.84  110.89    0.99
# Rows examine       9.25M       0   9.91k  108.85   38.53  980.58    5.75
# Query size        19.47M      10     453  229.13  400.73  170.26   97.36

# Profile
# Rank Query ID                      Response time Calls R/Call V/M   Item
# ==== ============================= ============= ===== ====== ===== ====
#    1 0x58CDBEF53804905081DDA03B... 21.5820 35.4% 37346 0.0006  0.00 SELECT comments users
#    2 0x422390B42D4DD86C7539A5F4... 13.1765 21.6% 36173 0.0004  0.00 SELECT comments
#    3 0xE83DA93257C7B787C67B1B05... 10.1926 16.7%   433 0.0235  0.00 SELECT posts
#    4 0x19759A5557089FD5B718D440...  5.0929  8.4%  3453 0.0015  0.00 SELECT posts
#    5 0xC9383ACA6FF14C29E819735F...  3.3395  5.5%   433 0.0077  0.00 SELECT posts
#    6 0x950C46DB6E4968E364E3DC83...  1.9376  3.2%  3057 0.0006  0.00 SELECT posts users
#    7 0x4B0EA855D7B4E8A65F7C0087...  1.6358  2.7%  2903 0.0006  0.00 SELECT comments users
#    8 0x7A12D0C8F433684C3027353C...  0.9909  1.6%    12 0.0826  0.00 SELECT posts
# MISC 0xMISC                         3.0302  5.0%  5287 0.0006   0.0 <18 ITEMS>

# Query 1: 497.95 QPS, 0.29x concurrency, ID 0x58CDBEF53804905081DDA03BEE24EFEE at byte 9015600
# Scores: V/M = 0.00
# Time range: 2022-07-07T16:18:58 to 2022-07-07T16:20:13
# Attribute    pct   total     min     max     avg     95%  stddev  median
# ============ === ======= ======= ======= ======= ======= ======= =======
# Count         41   37346
# Exec time     35     22s   160us    26ms   577us     2ms   992us   273us
# Lock time     48   486ms     2us     8ms    13us     4us   142us     3us
# Rows sent     29 108.75k       0       3    2.98    2.90    0.21    2.90
# Rows examine   2 217.51k       0       6    5.96    5.75    0.42    5.75
# Query size    73  14.28M     398     402  400.92  400.73       2  400.73
# String:
# Databases    isuconp
# Hosts        localhost
# Users        isuconp
# Query_time distribution
#   1us
#  10us
# 100us  ################################################################
#   1ms  #######
#  10ms  #
# 100ms
#    1s
#  10s+
# Tables
#    SHOW TABLE STATUS FROM `isuconp` LIKE 'comments'\G
#    SHOW CREATE TABLE `isuconp`.`comments`\G
#    SHOW TABLE STATUS FROM `isuconp` LIKE 'users'\G
#    SHOW CREATE TABLE `isuconp`.`users`\G
# EXPLAIN /*!50100 PARTITIONS*/
SELECT c.id AS id, c.post_id AS post_id, c.user_id AS user_id, c.comment AS comment, c.created_at AS created_at, u.id AS user_user_id, u.account_name AS user_account_name, u.passhash AS user_passhash, u.authority AS user_authority, u.del_flg AS user_del_flg, u.created_at AS user_created_at FROM `comments` c JOIN `users` u ON c.user_id = u.id WHERE c.post_id = 9590 ORDER BY c.created_at DESC LIMIT 3\G

# Query 2: 482.31 QPS, 0.18x concurrency, ID 0x422390B42D4DD86C7539A5F45EB76A80 at byte 20941810
# Scores: V/M = 0.00
# Time range: 2022-07-07T16:18:58 to 2022-07-07T16:20:13
# Attribute    pct   total     min     max     avg     95%  stddev  median
# ============ === ======= ======= ======= ======= ======= ======= =======
# Count         40   36173
# Exec time     21     13s   105us    22ms   364us     1ms   714us   176us
# Lock time     40   399ms     2us     9ms    11us     4us   111us     3us
# Rows sent      9  35.33k       1       1       1       1       0       1
# Rows examine   3 351.54k       0      23    9.95   14.52    3.14    9.83
# Query size    11   2.24M      62      66   64.93   62.76    0.24   62.76
# String:
# Databases    isuconp
# Hosts        localhost
# Users        isuconp
# Query_time distribution
#   1us
#  10us
# 100us  ################################################################
#   1ms  ####
#  10ms  #
# 100ms
#    1s
#  10s+
# Tables
#    SHOW TABLE STATUS FROM `isuconp` LIKE 'comments'\G
#    SHOW CREATE TABLE `isuconp`.`comments`\G
# EXPLAIN /*!50100 PARTITIONS*/
SELECT COUNT(*) AS `count` FROM `comments` WHERE `post_id` = 6776\G

# Query 3: 7.22 QPS, 0.17x concurrency, ID 0xE83DA93257C7B787C67B1B05D2469241 at byte 1874842
# Scores: V/M = 0.00
# Time range: 2022-07-07T16:18:58 to 2022-07-07T16:19:58
# Attribute    pct   total     min     max     avg     95%  stddev  median
# ============ === ======= ======= ======= ======= ======= ======= =======
# Count          0     433
# Exec time     16     10s     6ms    58ms    24ms    42ms     9ms    21ms
# Lock time      0     6ms     2us     3ms    14us     3us   123us     3us
# Rows sent      1   4.27k       3      21   10.10   15.25    3.00    9.83
# Rows examine  44   4.16M   9.77k   9.91k   9.84k   9.80k      68   9.80k
# Query size     0  48.17k     113     114  113.92  112.70       0  112.70
# String:
# Databases    isuconp
# Hosts        localhost
# Users        isuconp
# Query_time distribution
#   1us
#  10us
# 100us
#   1ms  ##
#  10ms  ################################################################
# 100ms
#    1s
#  10s+
# Tables
#    SHOW TABLE STATUS FROM `isuconp` LIKE 'posts'\G
#    SHOW CREATE TABLE `isuconp`.`posts`\G
# EXPLAIN /*!50100 PARTITIONS*/
SELECT `id`, `user_id`, `body`, `mime`, `created_at` FROM `posts` WHERE `user_id` = 212 ORDER BY `created_at` DESC\G

# Query 4: 57.55 QPS, 0.08x concurrency, ID 0x19759A5557089FD5B718D440CBBB5C55 at byte 9337787
# Scores: V/M = 0.00
# Time range: 2022-07-07T16:18:58 to 2022-07-07T16:19:58
# Attribute    pct   total     min     max     avg     95%  stddev  median
# ============ === ======= ======= ======= ======= ======= ======= =======
# Count          3    3453
# Exec time      8      5s   118us    35ms     1ms     5ms     2ms   490us
# Lock time      2    25ms     2us     2ms     7us     4us    47us     3us
# Rows sent      0   3.37k       1       1       1       1       0       1
# Rows examine   0   3.37k       1       1       1       1       0       1
# Query size     0 131.31k      36      40   38.94   38.53    0.55   38.53
# String:
# Databases    isuconp
# Hosts        localhost
# Users        isuconp
# Query_time distribution
#   1us
#  10us
# 100us  ################################################################
#   1ms  #######################################
#  10ms  #
# 100ms
#    1s
#  10s+
# Tables
#    SHOW TABLE STATUS FROM `isuconp` LIKE 'posts'\G
#    SHOW CREATE TABLE `isuconp`.`posts`\G
# EXPLAIN /*!50100 PARTITIONS*/
SELECT * FROM `posts` WHERE `id` = 6874\G

# Query 5: 7.22 QPS, 0.06x concurrency, ID 0xC9383ACA6FF14C29E819735F00B6DBDF at byte 7385464
# Scores: V/M = 0.00
# Time range: 2022-07-07T16:18:58 to 2022-07-07T16:19:58
# Attribute    pct   total     min     max     avg     95%  stddev  median
# ============ === ======= ======= ======= ======= ======= ======= =======
# Count          0     433
# Exec time      5      3s     2ms    49ms     8ms    18ms     5ms     6ms
# Lock time      0     3ms     2us   994us     6us     3us    46us     3us
# Rows sent      1   4.27k       3      21   10.10   15.25    3.00    9.83
# Rows examine  44   4.16M   9.77k   9.89k   9.83k   9.80k   64.50   9.80k
# Query size     0  19.42k      45      46   45.92   44.60       0   44.60
# String:
# Databases    isuconp
# Hosts        localhost
# Users        isuconp
# Query_time distribution
#   1us
#  10us
# 100us
#   1ms  ################################################################
#  10ms  #################
# 100ms
#    1s
#  10s+
# Tables
#    SHOW TABLE STATUS FROM `isuconp` LIKE 'posts'\G
#    SHOW CREATE TABLE `isuconp`.`posts`\G
# EXPLAIN /*!50100 PARTITIONS*/
SELECT `id` FROM `posts` WHERE `user_id` = 166\G

# Query 6: 50.95 QPS, 0.03x concurrency, ID 0x950C46DB6E4968E364E3DC832B2860E0 at byte 14524485
# Scores: V/M = 0.00
# Time range: 2022-07-07T16:18:58 to 2022-07-07T16:19:58
# Attribute    pct   total     min     max     avg     95%  stddev  median
# ============ === ======= ======= ======= ======= ======= ======= =======
# Count          3    3057
# Exec time      3      2s   232us    21ms   633us     2ms     1ms   384us
# Lock time      1    19ms     2us     1ms     6us     4us    27us     3us
# Rows sent     16  59.71k      20      20      20      20       0      20
# Rows examine   1 120.03k      40      44   40.21   40.45    0.74   38.53
# Query size     6   1.32M     453     453     453     453       0     453
# String:
# Databases    isuconp
# Hosts        localhost
# Users        isuconp
# Query_time distribution
#   1us
#  10us
# 100us  ################################################################
#   1ms  ######
#  10ms  #
# 100ms
#    1s
#  10s+
# Tables
#    SHOW TABLE STATUS FROM `isuconp` LIKE 'posts'\G
#    SHOW CREATE TABLE `isuconp`.`posts`\G
#    SHOW TABLE STATUS FROM `isuconp` LIKE 'users'\G
#    SHOW CREATE TABLE `isuconp`.`users`\G
# EXPLAIN /*!50100 PARTITIONS*/
SELECT `posts`.`id`, `posts`.`user_id`, `posts`.`body`, `posts`.`mime`, `posts`.`created_at`, `users`.`id` AS user_user_id, `users`.`account_name` AS user_account_name, `users`.`passhash` AS user_passhash, `users`.`authority` AS user_authority, `users`.`del_flg` AS user_del_flg, `users`.`created_at` AS user_created_at FROM `posts` JOIN `users` ON `posts`.`user_id` = `users`.`id` WHERE `users`.`del_flg` = 0 ORDER BY `posts`.`created_at` DESC LIMIT 20\G

# Query 7: 48.38 QPS, 0.03x concurrency, ID 0x4B0EA855D7B4E8A65F7C008710755713 at byte 11524409
# Scores: V/M = 0.00
# Time range: 2022-07-07T16:18:58 to 2022-07-07T16:19:58
# Attribute    pct   total     min     max     avg     95%  stddev  median
# ============ === ======= ======= ======= ======= ======= ======= =======
# Count          3    2903
# Exec time      2      2s   173us    17ms   563us     1ms   755us   366us
# Lock time      1    20ms     2us     3ms     6us     4us    54us     3us
# Rows sent      7  27.11k       0      23    9.56   14.52    3.59    9.83
# Rows examine   0  54.23k       0      46   19.13   28.75    7.12   19.46
# Query size     5   1.09M     390     394  392.95  381.65       0  381.65
# String:
# Databases    isuconp
# Hosts        localhost
# Users        isuconp
# Query_time distribution
#   1us
#  10us
# 100us  ################################################################
#   1ms  #####
#  10ms  #
# 100ms
#    1s
#  10s+
# Tables
#    SHOW TABLE STATUS FROM `isuconp` LIKE 'comments'\G
#    SHOW CREATE TABLE `isuconp`.`comments`\G
#    SHOW TABLE STATUS FROM `isuconp` LIKE 'users'\G
#    SHOW CREATE TABLE `isuconp`.`users`\G
# EXPLAIN /*!50100 PARTITIONS*/
SELECT c.id AS id, c.post_id AS post_id, c.user_id AS user_id, c.comment AS comment, c.created_at AS created_at, u.id AS user_user_id, u.account_name AS user_account_name, u.passhash AS user_passhash, u.authority AS user_authority, u.del_flg AS user_del_flg, u.created_at AS user_created_at FROM `comments` c JOIN `users` u ON c.user_id = u.id WHERE c.post_id = 12160 ORDER BY c.created_at DESC\G

# Query 8: 0.24 QPS, 0.02x concurrency, ID 0x7A12D0C8F433684C3027353C36CAB572 at byte 7318608
# Scores: V/M = 0.00
# Time range: 2022-07-07T16:18:58 to 2022-07-07T16:19:49
# Attribute    pct   total     min     max     avg     95%  stddev  median
# ============ === ======= ======= ======= ======= ======= ======= =======
# Count          0      12
# Exec time      1   991ms    62ms    95ms    83ms    91ms    10ms    87ms
# Lock time      0   119us     3us    51us     9us    28us    13us     3us
# Rows sent     32 117.04k   9.75k   9.76k   9.75k   9.33k       0   9.33k
# Rows examine   1 117.04k   9.75k   9.76k   9.75k   9.33k       0   9.33k
# Query size     0   1.66k     142     142     142     142       0     142
# String:
# Databases    isuconp
# Hosts        localhost
# Users        isuconp
# Query_time distribution
#   1us
#  10us
# 100us
#   1ms
#  10ms  ################################################################
# 100ms
#    1s
#  10s+
# Tables
#    SHOW TABLE STATUS FROM `isuconp` LIKE 'posts'\G
#    SHOW CREATE TABLE `isuconp`.`posts`\G
# EXPLAIN /*!50100 PARTITIONS*/
SELECT `id`, `user_id`, `body`, `mime`, `created_at` FROM `posts` WHERE `created_at` <= '2016-01-02T11:46:29+09:00' ORDER BY `created_at` DESC\G
