
# 53.6s user time, 330ms system time, 30.91M rss, 37.88M vsz
# Current date: Thu Jul  7 23:53:51 2022
# Hostname: ip-172-31-43-134
# Files: /var/log/mysql/mysql-slow.log
# Overall: 336.91k total, 26 unique, 2.98k QPS, 4.49x concurrency ________
# Time range: 2022-07-07T14:51:26 to 2022-07-07T14:53:19
# Attribute          total     min     max     avg     95%  stddev  median
# ============     ======= ======= ======= ======= ======= ======= =======
# Exec time           507s     3us   424ms     2ms     5ms     4ms   287us
# Lock time             8s       0    40ms    24us     4us   225us     3us
# Rows sent        725.86k       0   9.75k    2.21    2.90   57.04    0.99
# Rows examine       9.61M       0   9.90k   29.92   13.83  474.57    5.75
# Query size        73.75M      10     453  229.54  400.73  168.32   65.89

# Profile
# Rank Query ID                     Response time  Calls  R/Call V/M   Ite
# ==== ============================ ============== ====== ====== ===== ===
#    1 0x58CDBEF53804905081DDA03... 272.5809 53.7% 160088 0.0017  0.00 SELECT comments users
#    2 0x422390B42D4DD86C7539A5F... 178.9532 35.3% 163035 0.0011  0.00 SELECT comments
#    3 0xE83DA93257C7B787C67B1B0...  24.8199  4.9%    382 0.0650  0.02 SELECT posts
#    4 0xC9383ACA6FF14C29E819735...   8.8304  1.7%    382 0.0231  0.02 SELECT posts
# MISC 0xMISC                        22.2416  4.4%  13022 0.0017   0.0 <22 ITEMS>

# Query 1: 1.47k QPS, 2.50x concurrency, ID 0x58CDBEF53804905081DDA03BEE24EFEE at byte 78007921
# This item is included in the report because it matches --limit.
# Scores: V/M = 0.00
# Time range: 2022-07-07T14:51:30 to 2022-07-07T14:53:19
# Attribute    pct   total     min     max     avg     95%  stddev  median
# ============ === ======= ======= ======= ======= ======= ======= =======
# Count         47  160088
# Exec time     53    273s   142us    60ms     2ms     5ms     2ms   348us
# Lock time     41      3s     2us    18ms    20us     4us   196us     3us
# Rows sent     51 371.81k       0       3    2.38    2.90    1.17    2.90
# Rows examine   7 743.62k       0       6    4.76    5.75    2.32    5.75
# Query size    83  61.24M     398     402  401.12  400.73       2  400.73
# String:
# Databases    isuconp
# Hosts        localhost
# Users        isuconp
# Query_time distribution
#   1us
#  10us
# 100us  ################################################################
#   1ms  ###############################################
#  10ms  #
# 100ms
#    1s
#  10s+
# Tables
#    SHOW TABLE STATUS FROM `isuconp` LIKE 'comments'\G
#    SHOW CREATE TABLE `isuconp`.`comments`\G
#    SHOW TABLE STATUS FROM `isuconp` LIKE 'users'\G
#    SHOW CREATE TABLE `isuconp`.`users`\G
# EXPLAIN /*!50100 PARTITIONS*/
SELECT c.id AS id, c.post_id AS post_id, c.user_id AS user_id, c.comment AS comment, c.created_at AS created_at, u.id AS user_user_id, u.account_name AS user_account_name, u.passhash AS user_passhash, u.authority AS user_authority, u.del_flg AS user_del_flg, u.created_at AS user_created_at FROM `comments` c JOIN `users` u ON c.user_id = u.id WHERE c.post_id = 11769 ORDER BY c.created_at DESC LIMIT 3\G

# Query 2: 1.50k QPS, 1.64x concurrency, ID 0x422390B42D4DD86C7539A5F45EB76A80 at byte 74335540
# This item is included in the report because it matches --limit.
# Scores: V/M = 0.00
# Time range: 2022-07-07T14:51:30 to 2022-07-07T14:53:19
# Attribute    pct   total     min     max     avg     95%  stddev  median
# ============ === ======= ======= ======= ======= ======= ======= =======
# Count         48  163035
# Exec time     35    179s   102us    61ms     1ms     3ms     2ms   194us
# Lock time     57      5s     2us    40ms    28us     3us   253us     3us
# Rows sent     21 159.21k       1       1       1       1       0       1
# Rows examine  12   1.24M       0      23    7.97   14.52    4.81    8.91
# Query size    13  10.13M      62      66   65.12   65.89    1.27   62.76
# String:
# Databases    isuconp
# Hosts        localhost
# Users        isuconp
# Query_time distribution
#   1us
#  10us
# 100us  ################################################################
#   1ms  ####################################
#  10ms  #
# 100ms
#    1s
#  10s+
# Tables
#    SHOW TABLE STATUS FROM `isuconp` LIKE 'comments'\G
#    SHOW CREATE TABLE `isuconp`.`comments`\G
# EXPLAIN /*!50100 PARTITIONS*/
SELECT COUNT(*) AS `count` FROM `comments` WHERE `post_id` = 1614\G

# Query 3: 6.26 QPS, 0.41x concurrency, ID 0xE83DA93257C7B787C67B1B05D2469241 at byte 72630406
# This item is included in the report because it matches --limit.
# Scores: V/M = 0.02
# Time range: 2022-07-07T14:51:30 to 2022-07-07T14:52:31
# Attribute    pct   total     min     max     avg     95%  stddev  median
# ============ === ======= ======= ======= ======= ======= ======= =======
# Count          0     382
# Exec time      4     25s     6ms   194ms    65ms   134ms    37ms    53ms
# Lock time      0     2ms     2us   302us     5us     3us    21us     3us
# Rows sent      0   3.79k       3      21   10.16   14.52    2.95    9.83
# Rows examine  38   3.67M   9.77k   9.90k   9.83k   9.80k   63.50   9.80k
# Query size     0  42.50k     113     114  113.92  112.70       0  112.70
# String:
# Databases    isuconp
# Hosts        localhost
# Users        isuconp
# Query_time distribution
#   1us
#  10us
# 100us
#   1ms  #
#  10ms  ################################################################
# 100ms  ##############
#    1s
#  10s+
# Tables
#    SHOW TABLE STATUS FROM `isuconp` LIKE 'posts'\G
#    SHOW CREATE TABLE `isuconp`.`posts`\G
# EXPLAIN /*!50100 PARTITIONS*/
SELECT `id`, `user_id`, `body`, `mime`, `created_at` FROM `posts` WHERE `user_id` = 218 ORDER BY `created_at` DESC\G

# Query 4: 6.26 QPS, 0.14x concurrency, ID 0xC9383ACA6FF14C29E819735F00B6DBDF at byte 59912221
# This item is included in the report because it matches --limit.
# Scores: V/M = 0.02
# Time range: 2022-07-07T14:51:30 to 2022-07-07T14:52:31
# Attribute    pct   total     min     max     avg     95%  stddev  median
# ============ === ======= ======= ======= ======= ======= ======= =======
# Count          0     382
# Exec time      1      9s     2ms   147ms    23ms    53ms    19ms    16ms
# Lock time      0     3ms     2us   883us     7us     3us    50us     3us
# Rows sent      0   3.79k       3      21   10.16   14.52    2.95    9.83
# Rows examine  38   3.66M   9.77k   9.88k   9.82k   9.80k      58   9.80k
# Query size     0  17.13k      45      46   45.92   44.60       0   44.60
# String:
# Databases    isuconp
# Hosts        localhost
# Users        isuconp
# Query_time distribution
#   1us
#  10us
# 100us
#   1ms  ####################
#  10ms  ################################################################
# 100ms  #
#    1s
#  10s+
# Tables
#    SHOW TABLE STATUS FROM `isuconp` LIKE 'posts'\G
#    SHOW CREATE TABLE `isuconp`.`posts`\G
# EXPLAIN /*!50100 PARTITIONS*/
SELECT `id` FROM `posts` WHERE `user_id` = 778\G
