Count: 97  Time=0.19s (18s)  Lock=0.00s (0s)  Rows=9912.7 (961534), isuconp[isuconp]@localhost
  SELECT `id`, `user_id`, `body`, `mime`, `created_at` FROM `posts` WHERE `created_at` <= 'S' ORDER BY `created_at` DESC

Count: 99  Time=0.15s (15s)  Lock=0.00s (0s)  Rows=1.0 (99), isuconp[isuconp]@localhost
  SELECT COUNT(*) AS count FROM `comments` WHERE `user_id` = N

Count: 436  Time=0.15s (63s)  Lock=0.00s (0s)  Rows=10018.0 (4367833), isuconp[isuconp]@localhost
  SELECT `id`, `user_id`, `body`, `mime`, `created_at` FROM `posts` ORDER BY `created_at` DESC

Count: 1  Time=0.11s (0s)  Lock=0.00s (0s)  Rows=0.0 (0), isuconp[isuconp]@localhost
  DELETE FROM posts WHERE id > N

Count: 37  Time=0.08s (3s)  Lock=0.00s (0s)  Rows=0.0 (0), isuconp[isuconp]@localhost
  INSERT INTO `posts` (`user_id`, `mime`, `imgdata`, `body`) VALUES (N,'S','S','S')

Count: 99  Time=0.05s (4s)  Lock=0.00s (0s)  Rows=10.3 (1023), isuconp[isuconp]@localhost
  SELECT `id`, `user_id`, `body`, `mime`, `created_at` FROM `posts` WHERE `user_id` = N ORDER BY `created_at` DESC

Count: 2  Time=0.02s (0s)  Lock=0.00s (0s)  Rows=1.0 (2), isuconp[isuconp]@localhost
  SELECT COUNT(*) AS count FROM `comments` WHERE `post_id` IN (N, N, N, N, N, N, N, N, N, N, N, N, N, N, N, N, N, N, N, N, N)

Count: 1  Time=0.02s (0s)  Lock=0.00s (0s)  Rows=0.0 (0), root[root]@localhost
  FLUSH LOGS

Count: 99  Time=0.01s (1s)  Lock=0.00s (0s)  Rows=10.3 (1023), isuconp[isuconp]@localhost
  SELECT `id` FROM `posts` WHERE `user_id` = N

Count: 40  Time=0.01s (0s)  Lock=0.00s (0s)  Rows=0.0 (0), isuconp[isuconp]@localhost
  INSERT INTO `comments` (`post_id`, `user_id`, `comment`) VALUES (N,N,'S')

Count: 1  Time=0.01s (0s)  Lock=0.00s (0s)  Rows=0.0 (0), isuconp[isuconp]@localhost
  DELETE FROM users WHERE id > N

Count: 1  Time=0.01s (0s)  Lock=0.00s (0s)  Rows=0.0 (0), isuconp[isuconp]@localhost
  UPDATE users SET del_flg = N WHERE id % N = N

Count: 41  Time=0.01s (0s)  Lock=0.00s (0s)  Rows=0.0 (0), isuconp[isuconp]@localhost
  INSERT INTO `users` (`account_name`, `passhash`) VALUES ('S','S')

Count: 1  Time=0.01s (0s)  Lock=0.00s (0s)  Rows=0.0 (0), isuconp[isuconp]@localhost
  UPDATE users SET del_flg = N

Count: 1  Time=0.01s (0s)  Lock=0.00s (0s)  Rows=0.0 (0), isuconp[isuconp]@localhost
  DELETE FROM comments WHERE id > N

Count: 7  Time=0.00s (0s)  Lock=0.00s (0s)  Rows=1.0 (7), isuconp[isuconp]@localhost
  SELECT COUNT(*) AS count FROM `comments` WHERE `post_id` IN (N, N, N, N, N, N)

Count: 3  Time=0.00s (0s)  Lock=0.00s (0s)  Rows=1.0 (3), isuconp[isuconp]@localhost
  SELECT COUNT(*) AS count FROM `comments` WHERE `post_id` IN (N, N, N, N, N)

Count: 15  Time=0.00s (0s)  Lock=0.00s (0s)  Rows=1.0 (15), isuconp[isuconp]@localhost
  SELECT COUNT(*) AS count FROM `comments` WHERE `post_id` IN (N, N, N, N, N, N, N, N, N, N, N)

Count: 6  Time=0.00s (0s)  Lock=0.00s (0s)  Rows=1.0 (6), isuconp[isuconp]@localhost
  SELECT COUNT(*) AS count FROM `comments` WHERE `post_id` IN (N, N, N, N, N, N, N, N, N, N, N, N, N, N)

Count: 8684  Time=0.00s (10s)  Lock=0.00s (0s)  Rows=1.0 (8684), isuconp[isuconp]@localhost
  SELECT * FROM `posts` WHERE `id` = N

Count: 14  Time=0.00s (0s)  Lock=0.00s (0s)  Rows=1.0 (14), isuconp[isuconp]@localhost
  SELECT COUNT(*) AS count FROM `comments` WHERE `post_id` IN (N, N, N, N, N, N, N, N, N, N)

Count: 10  Time=0.00s (0s)  Lock=0.00s (0s)  Rows=1.0 (10), isuconp[isuconp]@localhost
  SELECT COUNT(*) AS count FROM `comments` WHERE `post_id` IN (N, N, N, N, N, N, N, N, N)

Count: 317  Time=0.00s (0s)  Lock=0.00s (0s)  Rows=0.8 (263), isuconp[isuconp]@localhost
  SELECT * FROM users WHERE account_name = 'S' AND del_flg = N

Count: 687  Time=0.00s (0s)  Lock=0.00s (0s)  Rows=9.4 (6457), isuconp[isuconp]@localhost
  SELECT * FROM `comments` WHERE `post_id` = N ORDER BY `created_at` DESC

Count: 2  Time=0.00s (0s)  Lock=0.00s (0s)  Rows=1.0 (2), isuconp[isuconp]@localhost
  SELECT COUNT(*) AS count FROM `comments` WHERE `post_id` IN (N, N, N, N, N, N, N, N, N, N, N, N, N, N, N, N)

Count: 99  Time=0.00s (0s)  Lock=0.00s (0s)  Rows=1.0 (99), isuconp[isuconp]@localhost
  SELECT * FROM `users` WHERE `account_name` = 'S' AND `del_flg` = N

Count: 5  Time=0.00s (0s)  Lock=0.00s (0s)  Rows=1.0 (5), isuconp[isuconp]@localhost
  SELECT COUNT(*) AS count FROM `comments` WHERE `post_id` IN (N, N, N, N, N, N, N, N, N, N, N, N, N)

Count: 2  Time=0.00s (0s)  Lock=0.00s (0s)  Rows=1.0 (2), isuconp[isuconp]@localhost
  SELECT COUNT(*) AS count FROM `comments` WHERE `post_id` IN (N, N, N, N)

Count: 11948  Time=0.00s (5s)  Lock=0.00s (0s)  Rows=1.4 (17180), isuconp[isuconp]@localhost
  SELECT * FROM `comments` WHERE `post_id` = N ORDER BY `created_at` DESC LIMIT N

Count: 41  Time=0.00s (0s)  Lock=0.00s (0s)  Rows=0.0 (0), isuconp[isuconp]@localhost
  SELECT N FROM users WHERE `account_name` = 'S'

Count: 18  Time=0.00s (0s)  Lock=0.00s (0s)  Rows=1.0 (18), isuconp[isuconp]@localhost
  SELECT COUNT(*) AS count FROM `comments` WHERE `post_id` IN (N, N, N, N, N, N, N, N, N, N, N, N)

Count: 1  Time=0.00s (0s)  Lock=0.00s (0s)  Rows=1.0 (1), isuconp[isuconp]@localhost
  SELECT COUNT(*) AS count FROM `comments` WHERE `post_id` IN (N, N, N, N, N, N, N, N, N, N, N, N, N, N, N)

Count: 12635  Time=0.00s (5s)  Lock=0.00s (0s)  Rows=1.0 (12635), isuconp[isuconp]@localhost
  SELECT COUNT(*) AS `count` FROM `comments` WHERE `post_id` = N

Count: 11  Time=0.00s (0s)  Lock=0.00s (0s)  Rows=1.0 (11), isuconp[isuconp]@localhost
  SELECT COUNT(*) AS count FROM `comments` WHERE `post_id` IN (N, N, N, N, N, N, N, N)

Count: 36794  Time=0.00s (13s)  Lock=0.00s (0s)  Rows=1.0 (36794), isuconp[isuconp]@localhost
  SELECT * FROM `users` WHERE `id` = N

Count: 3  Time=0.00s (0s)  Lock=0.00s (0s)  Rows=1.0 (3), isuconp[isuconp]@localhost
  SELECT COUNT(*) AS count FROM `comments` WHERE `post_id` IN (N, N, N, N, N, N, N)

Count: 3141  Time=0.00s (0s)  Lock=0.00s (0s)  Rows=0.0 (0), isuconp[isuconp]@localhost
  SET NAMES utf8mb4

Count: 146782  Time=0.00s (17s)  Lock=0.00s (0s)  Rows=7.1 (1045890), 2users@localhost
  #

Count: 1  Time=0.00s (0s)  Lock=0.00s (0s)  Rows=1.0 (1), isuconp[isuconp]@localhost
  select @@version_comment limit N

Count: 13  Time=0.00s (0s)  Lock=0.00s (0s)  Rows=0.0 (0), 0users@0hosts
  administrator command: Long Data

Count: 71816  Time=0.00s (0s)  Lock=0.00s (0s)  Rows=0.0 (0), 0users@0hosts
  administrator command: Close stmt

Count: 71816  Time=0.00s (0s)  Lock=0.00s (0s)  Rows=0.0 (0), 0users@0hosts
  administrator command: Prepare

Count: 3137  Time=0.00s (0s)  Lock=0.00s (0s)  Rows=0.0 (0), 0users@0hosts
  administrator command: Quit

