
# 22.1s user time, 170ms system time, 42.21M rss, 49.07M vsz
# Current date: Sun Jul  3 16:03:22 2022
# Hostname: ip-172-31-43-134
# Files: /var/log/mysql/mysql-slow.log
# Overall: 216.98k total, 30 unique, 3.19k QPS, 2.28x concurrency ________
# Time range: 2022-07-03T07:01:39 to 2022-07-03T07:02:47
# Attribute          total     min     max     avg     95%  stddev  median
# ============     ======= ======= ======= ======= ======= ======= =======
# Exec time           155s     1us   347ms   713us     1ms     9ms    76us
# Lock time          738ms       0    18ms     3us     3us    86us       0
# Rows sent          4.99M       0   9.80k   24.11    0.99  467.08       0
# Rows examine      21.48M       0  97.69k  103.80    8.91   2.30k       0
# Query size        32.46M      10   1.17M  156.84   80.10  10.62k   31.70

# Profile
# Rank Query ID                      Response time Calls R/Call V/M   Item
# ==== ============================= ============= ===== ====== ===== ====
#    1 0x4858CF4D8CAA743E839C127C... 58.8332 38.0%   419 0.1404  0.03 SELECT posts
#    2 0x7A12D0C8F433684C3027353C... 16.1492 10.4%    96 0.1682  0.03 SELECT posts
#    3 0xDA556F9115773A1A99AA0165... 16.0839 10.4% 70109 0.0002  0.02 ADMIN PREPARE
#    4 0xCDEB1AFF2AE2BE51B2ED5CF0... 15.8364 10.2%   100 0.1584  0.02 SELECT comments
#    5 0x396201721CD58410E070DA94... 13.3232  8.6% 36238 0.0004  0.00 SELECT users
#    6 0x19759A5557089FD5B718D440... 11.2412  7.3%  8306 0.0014  0.00 SELECT posts
#    7 0x624863D30DAC59FA16849282...  6.3311  4.1% 11592 0.0005  0.00 SELECT comments
#    8 0xE83DA93257C7B787C67B1B05...  4.8189  3.1%   100 0.0482  0.01 SELECT posts
#    9 0x422390B42D4DD86C7539A5F4...  4.6837  3.0% 12252 0.0004  0.00 SELECT comments
# MISC 0xMISC                         7.5219  4.9% 77767 0.0001   0.0 <21 ITEMS>

# Query 1: 6.76 QPS, 0.95x concurrency, ID 0x4858CF4D8CAA743E839C127C71B69E75 at byte 43622123
# Scores: V/M = 0.03
# Time range: 2022-07-03T07:01:44 to 2022-07-03T07:02:46
# Attribute    pct   total     min     max     avg     95%  stddev  median
# ============ === ======= ======= ======= ======= ======= ======= =======
# Count          0     419
# Exec time     38     59s    19ms   317ms   140ms   241ms    62ms   134ms
# Lock time      0     6ms     2us     2ms    13us     4us   123us     3us
# Rows sent     80   4.00M   9.77k   9.80k   9.78k   9.80k      18   9.33k
# Rows examine  37   8.01M  19.53k  19.60k  19.57k  19.40k       0  19.40k
# Query size     0  37.64k      92      92      92      92       0      92
# String:
# Databases    isuconp
# Hosts        localhost
# Users        isuconp
# Query_time distribution
#   1us
#  10us
# 100us
#   1ms
#  10ms  ########################
# 100ms  ################################################################
#    1s
#  10s+
# Tables
#    SHOW TABLE STATUS FROM `isuconp` LIKE 'posts'\G
#    SHOW CREATE TABLE `isuconp`.`posts`\G
# EXPLAIN /*!50100 PARTITIONS*/
SELECT `id`, `user_id`, `body`, `mime`, `created_at` FROM `posts` ORDER BY `created_at` DESC\G

# Query 2: 1.60 QPS, 0.27x concurrency, ID 0x7A12D0C8F433684C3027353C36CAB572 at byte 33100170
# Scores: V/M = 0.03
# Time range: 2022-07-03T07:01:47 to 2022-07-03T07:02:47
# Attribute    pct   total     min     max     avg     95%  stddev  median
# ============ === ======= ======= ======= ======= ======= ======= =======
# Count          0      96
# Exec time     10     16s    33ms   322ms   168ms   279ms    70ms   171ms
# Lock time      0   364us     2us    27us     3us     4us     2us     3us
# Rows sent     18 929.45k   9.57k   9.75k   9.68k   9.33k       0   9.33k
# Rows examine   8   1.82M  19.37k  19.55k  19.47k  19.40k      93  19.40k
# Query size     0  13.31k     142     142     142     142       0     142
# String:
# Databases    isuconp
# Hosts        localhost
# Users        isuconp
# Query_time distribution
#   1us
#  10us
# 100us
#   1ms
#  10ms  ##############
# 100ms  ################################################################
#    1s
#  10s+
# Tables
#    SHOW TABLE STATUS FROM `isuconp` LIKE 'posts'\G
#    SHOW CREATE TABLE `isuconp`.`posts`\G
# EXPLAIN /*!50100 PARTITIONS*/
SELECT `id`, `user_id`, `body`, `mime`, `created_at` FROM `posts` WHERE `created_at` <= '2016-01-02T11:46:28+09:00' ORDER BY `created_at` DESC\G

# Query 3: 1.11k QPS, 0.26x concurrency, ID 0xDA556F9115773A1A99AA0165670CE848 at byte 16931202
# Scores: V/M = 0.02
# Time range: 2022-07-03T07:01:44 to 2022-07-03T07:02:47
# Attribute    pct   total     min     max     avg     95%  stddev  median
# ============ === ======= ======= ======= ======= ======= ======= =======
# Count         32   70109
# Exec time     10     16s    38us   347ms   229us   761us     2ms    76us
# Lock time      0       0       0       0       0       0       0       0
# Rows sent      0       0       0       0       0       0       0       0
# Rows examine   0       0       0       0       0       0       0       0
# Query size     6   2.01M      30      30      30      30       0      30
# String:
# Databases    isuconp
# Hosts        localhost
# Users        isuconp
# Query_time distribution
#   1us
#  10us  ################################################################
# 100us  ####################
#   1ms  ###
#  10ms  #
# 100ms  #
#    1s
#  10s+
administrator command: Prepare\G

# Query 4: 1.61 QPS, 0.26x concurrency, ID 0xCDEB1AFF2AE2BE51B2ED5CF03D4E749F at byte 14204105
# Scores: V/M = 0.02
# Time range: 2022-07-03T07:01:44 to 2022-07-03T07:02:46
# Attribute    pct   total     min     max     avg     95%  stddev  median
# ============ === ======= ======= ======= ======= ======= ======= =======
# Count          0     100
# Exec time     10     16s    20ms   285ms   158ms   253ms    59ms   155ms
# Lock time      0     2ms     2us     1ms    16us     4us   123us     2us
# Rows sent      0     100       1       1       1       1       0       1
# Rows examine  44   9.54M  97.66k  97.69k  97.67k  97.04k       0  97.04k
# Query size     0   6.05k      61      62   61.91   59.77       0   59.77
# String:
# Databases    isuconp
# Hosts        localhost
# Users        isuconp
# Query_time distribution
#   1us
#  10us
# 100us
#   1ms
#  10ms  ##########
# 100ms  ################################################################
#    1s
#  10s+
# Tables
#    SHOW TABLE STATUS FROM `isuconp` LIKE 'comments'\G
#    SHOW CREATE TABLE `isuconp`.`comments`\G
# EXPLAIN /*!50100 PARTITIONS*/
SELECT COUNT(*) AS count FROM `comments` WHERE `user_id` = 498\G

# Query 5: 575.21 QPS, 0.21x concurrency, ID 0x396201721CD58410E070DA9421CA8C8D at byte 13921156
# Scores: V/M = 0.00
# Time range: 2022-07-03T07:01:44 to 2022-07-03T07:02:47
# Attribute    pct   total     min     max     avg     95%  stddev  median
# ============ === ======= ======= ======= ======= ======= ======= =======
# Count         16   36238
# Exec time      8     13s    63us    37ms   367us     1ms     1ms   113us
# Lock time     53   396ms     2us    12ms    10us     4us   152us     2us
# Rows sent      0  35.39k       1       1       1       1       0       1
# Rows examine   0  35.39k       1       1       1       1       0       1
# Query size     4   1.31M      36      39   37.88   36.69    0.17   36.69
# String:
# Databases    isuconp
# Hosts        localhost
# Users        isuconp
# Query_time distribution
#   1us
#  10us  ##########
# 100us  ################################################################
#   1ms  #####
#  10ms  #
# 100ms
#    1s
#  10s+
# Tables
#    SHOW TABLE STATUS FROM `isuconp` LIKE 'users'\G
#    SHOW CREATE TABLE `isuconp`.`users`\G
# EXPLAIN /*!50100 PARTITIONS*/
SELECT * FROM `users` WHERE `id` = 925\G

# Query 6: 131.84 QPS, 0.18x concurrency, ID 0x19759A5557089FD5B718D440CBBB5C55 at byte 30463595
# Scores: V/M = 0.00
# Time range: 2022-07-03T07:01:44 to 2022-07-03T07:02:47
# Attribute    pct   total     min     max     avg     95%  stddev  median
# ============ === ======= ======= ======= ======= ======= ======= =======
# Count          3    8306
# Exec time      7     11s   123us    42ms     1ms     6ms     2ms   424us
# Lock time      9    73ms     2us     7ms     8us     4us    99us     3us
# Rows sent      0   8.11k       1       1       1       1       0       1
# Rows examine   0   8.11k       1       1       1       1       0       1
# Query size     0 319.32k      37      40   39.37   38.53    0.25   38.53
# String:
# Databases    isuconp
# Hosts        localhost
# Users        isuconp
# Query_time distribution
#   1us
#  10us
# 100us  ################################################################
#   1ms  #################################
#  10ms  #
# 100ms
#    1s
#  10s+
# Tables
#    SHOW TABLE STATUS FROM `isuconp` LIKE 'posts'\G
#    SHOW CREATE TABLE `isuconp`.`posts`\G
# EXPLAIN /*!50100 PARTITIONS*/
SELECT * FROM `posts` WHERE `id` = 10091\G

# Query 7: 184 QPS, 0.10x concurrency, ID 0x624863D30DAC59FA16849282195BE09F at byte 16775165
# Scores: V/M = 0.00
# Time range: 2022-07-03T07:01:44 to 2022-07-03T07:02:47
# Attribute    pct   total     min     max     avg     95%  stddev  median
# ============ === ======= ======= ======= ======= ======= ======= =======
# Count          5   11592
# Exec time      4      6s    97us    30ms   546us     2ms     1ms   194us
# Lock time     18   140ms     2us    18ms    12us     4us   212us     2us
# Rows sent      0  16.79k       0       3    1.48    2.90    1.45       0
# Rows examine   0  72.82k       0      25    6.43   16.81    6.67       0
# Query size     2 934.10k      79      83   82.52   80.10    0.14   80.10
# String:
# Databases    isuconp
# Hosts        localhost
# Users        isuconp
# Query_time distribution
#   1us
#  10us  #
# 100us  ################################################################
#   1ms  #######
#  10ms  #
# 100ms
#    1s
#  10s+
# Tables
#    SHOW TABLE STATUS FROM `isuconp` LIKE 'comments'\G
#    SHOW CREATE TABLE `isuconp`.`comments`\G
# EXPLAIN /*!50100 PARTITIONS*/
SELECT * FROM `comments` WHERE `post_id` = 9820 ORDER BY `created_at` DESC LIMIT 3\G

# Query 8: 1.64 QPS, 0.08x concurrency, ID 0xE83DA93257C7B787C67B1B05D2469241 at byte 7810935
# Scores: V/M = 0.01
# Time range: 2022-07-03T07:01:44 to 2022-07-03T07:02:45
# Attribute    pct   total     min     max     avg     95%  stddev  median
# ============ === ======= ======= ======= ======= ======= ======= =======
# Count          0     100
# Exec time      3      5s     6ms   125ms    48ms   100ms    26ms    40ms
# Lock time      0   363us     2us    20us     3us     3us     1us     2us
# Rows sent      0    1016       4      18   10.16   15.25    3.01    9.83
# Rows examine   4 979.11k   9.77k   9.82k   9.79k   9.80k      23   9.33k
# Query size     0  11.12k     113     114  113.91  112.70       0  112.70
# String:
# Databases    isuconp
# Hosts        localhost
# Users        isuconp
# Query_time distribution
#   1us
#  10us
# 100us
#   1ms  #
#  10ms  ################################################################
# 100ms  ####
#    1s
#  10s+
# Tables
#    SHOW TABLE STATUS FROM `isuconp` LIKE 'posts'\G
#    SHOW CREATE TABLE `isuconp`.`posts`\G
# EXPLAIN /*!50100 PARTITIONS*/
SELECT `id`, `user_id`, `body`, `mime`, `created_at` FROM `posts` WHERE `user_id` = 317 ORDER BY `created_at` DESC\G

# Query 9: 194.48 QPS, 0.07x concurrency, ID 0x422390B42D4DD86C7539A5F45EB76A80 at byte 60892152
# Scores: V/M = 0.00
# Time range: 2022-07-03T07:01:44 to 2022-07-03T07:02:47
# Attribute    pct   total     min     max     avg     95%  stddev  median
# ============ === ======= ======= ======= ======= ======= ======= =======
# Count          5   12252
# Exec time      3      5s    93us    28ms   382us     1ms   890us   152us
# Lock time     14   108ms     2us     7ms     8us     4us   115us     2us
# Rows sent      0  11.96k       1       1       1       1       0       1
# Rows examine   0  62.16k       0      22    5.20   13.83    5.34    4.96
# Query size     2 783.53k      62      66   65.49   65.89    1.57   65.89
# String:
# Databases    isuconp
# Hosts        localhost
# Users        isuconp
# Query_time distribution
#   1us
#  10us  #
# 100us  ################################################################
#   1ms  #####
#  10ms  #
# 100ms
#    1s
#  10s+
# Tables
#    SHOW TABLE STATUS FROM `isuconp` LIKE 'comments'\G
#    SHOW CREATE TABLE `isuconp`.`comments`\G
# EXPLAIN /*!50100 PARTITIONS*/
SELECT COUNT(*) AS `count` FROM `comments` WHERE `post_id` = 10111\G
