
# 34.3s user time, 220ms system time, 30.85M rss, 37.77M vsz
# Current date: Sun Jul 10 01:11:54 2022
# Hostname: ip-172-31-43-134
# Files: /var/log/mysql/mysql-slow.log
# Overall: 186.88k total, 26 unique, 1.75k QPS, 3.37x concurrency ________
# Time range: 2022-07-09T16:09:55 to 2022-07-09T16:11:42
# Attribute          total     min     max     avg     95%  stddev  median
# ============     ======= ======= ======= ======= ======= ======= =======
# Exec time           360s     4us   213ms     2ms     7ms     3ms   366us
# Lock time             5s       0    19ms    24us     4us   220us     3us
# Rows sent        727.13k       0   9.76k    3.98    7.70  108.29    0.99
# Rows examine      10.07M       0  10.09k   56.49   23.65  678.94    5.75
# Query size        41.14M      10     489  230.83  381.65  165.13   69.19

# Profile
# Rank Query ID                      Response time  Calls R/Call V/M   Ite
# ==== ============================= ============== ===== ====== ===== ===
#    1 0x11B7CBE9FB76E517F2616DCA... 189.3504 52.6% 81446 0.0023  0.00 SELECT comments users
#    2 0x422390B42D4DD86C7539A5F4... 124.9496 34.7% 81477 0.0015  0.00 SELECT comments
#    3 0xE83DA93257C7B787C67B1B05...  14.2286  4.0%   423 0.0336  0.01 SELECT posts
#    4 0x19759A5557089FD5B718D440...   7.4256  2.1%  2685 0.0028  0.00 SELECT posts
#    5 0x0DF1D96EA2D63D829F9C74E8...   6.3930  1.8%  7004 0.0009  0.01 SELECT posts users
# MISC 0xMISC                         17.8308  5.0% 13840 0.0013   0.0 <21 ITEMS>

# Query 1: 798.49 QPS, 1.86x concurrency, ID 0x11B7CBE9FB76E517F2616DCA9ABF9101 at byte 69636802
# Scores: V/M = 0.00
# Time range: 2022-07-09T16:10:00 to 2022-07-09T16:11:42
# Attribute    pct   total     min     max     avg     95%  stddev  median
# ============ === ======= ======= ======= ======= ======= ======= =======
# Count         43   81446
# Exec time     52    189s   159us    67ms     2ms     7ms     3ms   515us
# Lock time     52      2s     2us    18ms    29us     4us   252us     3us
# Rows sent     32 236.34k       0       3    2.97    2.90    0.27    2.90
# Rows examine   4 472.67k       0       6    5.94    5.75    0.53    5.75
# Query size    75  31.06M     397     401  399.87  381.65    1.71  381.65
# String:
# Databases    isuconp
# Hosts        localhost
# Users        isuconp
# Query_time distribution
#   1us
#  10us
# 100us  ################################################################
#   1ms  ###################################################
#  10ms  #
# 100ms
#    1s
#  10s+
# Tables
#    SHOW TABLE STATUS FROM `isuconp` LIKE 'comments'\G
#    SHOW CREATE TABLE `isuconp`.`comments`\G
#    SHOW TABLE STATUS FROM `isuconp` LIKE 'users'\G
#    SHOW CREATE TABLE `isuconp`.`users`\G
# EXPLAIN /*!50100 PARTITIONS*/
SELECT c.id AS 'id', c.post_id AS 'post_id', c.user_id AS 'user_id', c.comment AS 'comment', c.created_at AS 'created_at', u.id AS 'u.id', u.account_name AS 'u.account_name', u.passhash AS 'u.passhash', u.authority AS 'u.authority', u.del_flg AS 'u.del_flg', u.created_at AS 'u.created_at' FROM `comments` c JOIN `users` u ON c.user_id = u.id WHERE c.post_id = 250 ORDER BY c.created_at DESC LIMIT 3\G

# Query 2: 798.79 QPS, 1.22x concurrency, ID 0x422390B42D4DD86C7539A5F45EB76A80 at byte 24823959
# Scores: V/M = 0.00
# Time range: 2022-07-09T16:10:00 to 2022-07-09T16:11:42
# Attribute    pct   total     min     max     avg     95%  stddev  median
# ============ === ======= ======= ======= ======= ======= ======= =======
# Count         43   81477
# Exec time     34    125s   106us    43ms     2ms     5ms     2ms   247us
# Lock time     42      2s     2us    19ms    23us     3us   209us     3us
# Rows sent     10  79.57k       1       1       1       1       0       1
# Rows examine   7 787.75k       0      23    9.90   14.52    3.19    9.83
# Query size    12   5.04M      62      66   64.87   62.76    0.30   62.76
# String:
# Databases    isuconp
# Hosts        localhost
# Users        isuconp
# Query_time distribution
#   1us
#  10us
# 100us  ################################################################
#   1ms  #########################################
#  10ms  #
# 100ms
#    1s
#  10s+
# Tables
#    SHOW TABLE STATUS FROM `isuconp` LIKE 'comments'\G
#    SHOW CREATE TABLE `isuconp`.`comments`\G
# EXPLAIN /*!50100 PARTITIONS*/
SELECT COUNT(*) AS `count` FROM `comments` WHERE `post_id` = 4361\G

# Query 3: 7.05 QPS, 0.24x concurrency, ID 0xE83DA93257C7B787C67B1B05D2469241 at byte 12723145
# Scores: V/M = 0.01
# Time range: 2022-07-09T16:10:00 to 2022-07-09T16:11:00
# Attribute    pct   total     min     max     avg     95%  stddev  median
# ============ === ======= ======= ======= ======= ======= ======= =======
# Count          0     423
# Exec time      3     14s     6ms   115ms    34ms    61ms    15ms    31ms
# Lock time      0     5ms     2us     2ms    11us    10us    92us     3us
# Rows sent      0   4.25k       2      22   10.29   15.25    3.19    9.83
# Rows examine  40   4.10M   9.77k  10.09k   9.94k   9.80k  118.76   9.80k
# Query size     0  47.05k     113     114  113.91  112.70       0  112.70
# String:
# Databases    isuconp
# Hosts        localhost
# Users        isuconp
# Query_time distribution
#   1us
#  10us
# 100us
#   1ms  #
#  10ms  ################################################################
# 100ms  #
#    1s
#  10s+
# Tables
#    SHOW TABLE STATUS FROM `isuconp` LIKE 'posts'\G
#    SHOW CREATE TABLE `isuconp`.`posts`\G
# EXPLAIN /*!50100 PARTITIONS*/
SELECT `id`, `user_id`, `body`, `mime`, `created_at` FROM `posts` WHERE `user_id` = 578 ORDER BY `created_at` DESC\G

# Query 4: 44.02 QPS, 0.12x concurrency, ID 0x19759A5557089FD5B718D440CBBB5C55 at byte 24823716
# Scores: V/M = 0.00
# Time range: 2022-07-09T16:10:00 to 2022-07-09T16:11:01
# Attribute    pct   total     min     max     avg     95%  stddev  median
# ============ === ======= ======= ======= ======= ======= ======= =======
# Count          1    2685
# Exec time      2      7s   115us    90ms     3ms     8ms     4ms     2ms
# Lock time      0    43ms     2us    10ms    15us     4us   250us     3us
# Rows sent      0   2.62k       1       1       1       1       0       1
# Rows examine   0   2.62k       1       1       1       1       0       1
# Query size     0 102.41k      36      40   39.06   38.53    0.50   38.53
# String:
# Databases    isuconp
# Hosts        localhost
# Users        isuconp
# Query_time distribution
#   1us
#  10us
# 100us  #################################################
#   1ms  ################################################################
#  10ms  ####
# 100ms
#    1s
#  10s+
# Tables
#    SHOW TABLE STATUS FROM `isuconp` LIKE 'posts'\G
#    SHOW CREATE TABLE `isuconp`.`posts`\G
# EXPLAIN /*!50100 PARTITIONS*/
SELECT * FROM `posts` WHERE `id` = 2305\G

# Query 5: 116.73 QPS, 0.11x concurrency, ID 0x0DF1D96EA2D63D829F9C74E83E5DB087 at byte 24824923
# Scores: V/M = 0.01
# Time range: 2022-07-09T16:10:00 to 2022-07-09T16:11:00
# Attribute    pct   total     min     max     avg     95%  stddev  median
# ============ === ======= ======= ======= ======= ======= ======= =======
# Count          3    7004
# Exec time      1      6s   222us   115ms   912us     3ms     3ms   424us
# Lock time      1    72ms     2us     3ms    10us     4us    80us     3us
# Rows sent     18 136.80k      20      20      20      20       0      20
# Rows examine   2 274.23k      40      44   40.09   38.53    0.51   38.53
# Query size     7   3.27M     489     489     489     489       0     489
# String:
# Databases    isuconp
# Hosts        localhost
# Users        isuconp
# Query_time distribution
#   1us
#  10us
# 100us  ################################################################
#   1ms  ###########
#  10ms  #
# 100ms  #
#    1s
#  10s+
# Tables
#    SHOW TABLE STATUS FROM `isuconp` LIKE 'posts'\G
#    SHOW CREATE TABLE `isuconp`.`posts`\G
#    SHOW TABLE STATUS FROM `isuconp` LIKE 'users'\G
#    SHOW CREATE TABLE `isuconp`.`users`\G
# EXPLAIN /*!50100 PARTITIONS*/
SELECT `posts`.`id` AS id, `posts`.`user_id` AS user_id, `posts`.`body` AS body, `posts`.`mime` AS mime, `posts`.`created_at` AS created_at, `users`.`id` AS 'u.id', `users`.`account_name` AS 'u.account_name', `users`.`passhash` AS 'u.passhash', `users`.`authority` AS 'u.authority', `users`.`del_flg` AS 'u.del_flg', `users`.`created_at` AS 'u.created_at' FROM `posts` JOIN `users` ON `posts`.`user_id` = `users`.`id` WHERE `users`.`del_flg` = 0 ORDER BY `posts`.`created_at` DESC LIMIT 20\G
