Count: 12  Time=0.15s (1s)  Lock=0.00s (0s)  Rows=9985.5 (119826), isuconp[isuconp]@localhost
  SELECT `id`, `user_id`, `body`, `mime`, `created_at` FROM `posts` WHERE `created_at` <= 'S' ORDER BY `created_at` DESC

Count: 257  Time=0.06s (15s)  Lock=0.00s (0s)  Rows=9.7 (2489), isuconp[isuconp]@localhost
  SELECT `id`, `user_id`, `body`, `mime`, `created_at` FROM `posts` WHERE `user_id` = N ORDER BY `created_at` DESC

Count: 257  Time=0.02s (5s)  Lock=0.00s (0s)  Rows=9.7 (2490), isuconp[isuconp]@localhost
  SELECT `id` FROM `posts` WHERE `user_id` = N

Count: 1  Time=0.01s (0s)  Lock=0.00s (0s)  Rows=1.0 (1), isuconp[isuconp]@localhost
  SELECT COUNT(*) AS count FROM `comments` WHERE `post_id` IN (N, N, N, N, N, N, N, N, N, N, N, N, N, N, N, N, N, N)

Count: 1  Time=0.01s (0s)  Lock=0.00s (0s)  Rows=0.0 (0), isuconp[isuconp]@localhost
  UPDATE users SET del_flg = N

Count: 1  Time=0.01s (0s)  Lock=0.00s (0s)  Rows=0.0 (0), isuconp[isuconp]@localhost
  DELETE FROM comments WHERE id > N

Count: 1  Time=0.01s (0s)  Lock=0.00s (0s)  Rows=0.0 (0), isuconp[isuconp]@localhost
  DELETE FROM users WHERE id > N

Count: 106  Time=0.01s (0s)  Lock=0.00s (0s)  Rows=0.0 (0), isuconp[isuconp]@localhost
  INSERT INTO `comments` (`post_id`, `user_id`, `comment`) VALUES (N,N,'S')

Count: 131  Time=0.01s (0s)  Lock=0.00s (0s)  Rows=0.0 (0), isuconp[isuconp]@localhost
  INSERT INTO `posts` (`user_id`, `mime`, `imgdata`, `body`) VALUES (N,'S','S','S')

Count: 137  Time=0.00s (0s)  Lock=0.00s (0s)  Rows=0.0 (0), isuconp[isuconp]@localhost
  INSERT INTO `users` (`account_name`, `passhash`) VALUES ('S','S')

Count: 8  Time=0.00s (0s)  Lock=0.00s (0s)  Rows=1.0 (8), isuconp[isuconp]@localhost
  SELECT COUNT(*) AS count FROM `comments` WHERE `post_id` IN (N, N, N, N, N, N, N, N, N, N, N, N, N, N, N)

Count: 29  Time=0.00s (0s)  Lock=0.00s (0s)  Rows=1.0 (29), isuconp[isuconp]@localhost
  SELECT COUNT(*) AS count FROM `comments` WHERE `post_id` IN (N, N, N, N, N, N, N, N, N, N, N)

Count: 4  Time=0.00s (0s)  Lock=0.00s (0s)  Rows=1.0 (4), isuconp[isuconp]@localhost
  SELECT COUNT(*) AS count FROM `comments` WHERE `post_id` IN (N, N, N, N, N, N, N, N, N, N, N, N, N, N, N, N)

Count: 1  Time=0.00s (0s)  Lock=0.00s (0s)  Rows=0.0 (0), root[root]@localhost
  FLUSH LOGS

Count: 1  Time=0.00s (0s)  Lock=0.00s (0s)  Rows=0.0 (0), isuconp[isuconp]@localhost
  UPDATE users SET del_flg = N WHERE id % N = N

Count: 1  Time=0.00s (0s)  Lock=0.00s (0s)  Rows=0.0 (0), isuconp[isuconp]@localhost
  DELETE FROM posts WHERE id > N

Count: 34  Time=0.00s (0s)  Lock=0.00s (0s)  Rows=1.0 (34), isuconp[isuconp]@localhost
  SELECT COUNT(*) AS count FROM `comments` WHERE `post_id` IN (N, N, N, N, N, N, N, N, N)

Count: 2548  Time=0.00s (8s)  Lock=0.00s (0s)  Rows=1.0 (2548), isuconp[isuconp]@localhost
  SELECT * FROM `posts` WHERE `id` = N

Count: 25  Time=0.00s (0s)  Lock=0.00s (0s)  Rows=1.0 (25), isuconp[isuconp]@localhost
  SELECT COUNT(*) AS count FROM `comments` WHERE `post_id` IN (N, N, N, N, N, N, N, N, N, N, N, N, N)

Count: 23  Time=0.00s (0s)  Lock=0.00s (0s)  Rows=1.0 (23), isuconp[isuconp]@localhost
  SELECT COUNT(*) AS count FROM `comments` WHERE `post_id` IN (N, N, N, N, N, N, N, N, N, N, N, N)

Count: 8  Time=0.00s (0s)  Lock=0.00s (0s)  Rows=1.0 (8), isuconp[isuconp]@localhost
  SELECT COUNT(*) AS count FROM `comments` WHERE `post_id` IN (N, N, N, N, N, N, N, N, N, N, N, N, N, N)

Count: 13  Time=0.00s (0s)  Lock=0.00s (0s)  Rows=1.0 (13), isuconp[isuconp]@localhost
  SELECT COUNT(*) AS count FROM `comments` WHERE `post_id` IN (N, N, N, N, N, N)

Count: 27  Time=0.00s (0s)  Lock=0.00s (0s)  Rows=1.0 (27), isuconp[isuconp]@localhost
  SELECT COUNT(*) AS count FROM `comments` WHERE `post_id` IN (N, N, N, N, N, N, N, N)

Count: 37  Time=0.00s (0s)  Lock=0.00s (0s)  Rows=1.0 (37), isuconp[isuconp]@localhost
  SELECT COUNT(*) AS count FROM `comments` WHERE `post_id` IN (N, N, N, N, N, N, N, N, N, N)

Count: 26  Time=0.00s (0s)  Lock=0.00s (0s)  Rows=1.0 (26), isuconp[isuconp]@localhost
  SELECT COUNT(*) AS count FROM `comments` WHERE `post_id` IN (N, N, N, N, N, N, N)

Count: 1983  Time=0.00s (2s)  Lock=0.00s (0s)  Rows=20.0 (39660), isuconp[isuconp]@localhost
  SELECT `posts`.`id`, `posts`.`user_id`, `posts`.`body`, `posts`.`mime`, `posts`.`created_at`, `users`.`id` AS user_user_id, `users`.`account_name` AS user_account_name, `users`.`passhash` AS user_passhash, `users`.`authority` AS user_authority, `users`.`del_flg` AS user_del_flg, `users`.`created_at` AS user_created_at FROM `posts` JOIN `users` ON `posts`.`user_id` = `users`.`id` WHERE `users`.`del_flg` = N ORDER BY `posts`.`created_at` DESC LIMIT N

Count: 11  Time=0.00s (0s)  Lock=0.00s (0s)  Rows=1.0 (11), isuconp[isuconp]@localhost
  SELECT COUNT(*) AS count FROM `comments` WHERE `post_id` IN (N, N, N, N)

Count: 6  Time=0.00s (0s)  Lock=0.00s (0s)  Rows=1.0 (6), isuconp[isuconp]@localhost
  SELECT COUNT(*) AS count FROM `comments` WHERE `post_id` IN (N, N, N, N, N)

Count: 86698  Time=0.00s (77s)  Lock=0.00s (1s)  Rows=1.7 (150054), isuconp[isuconp]@localhost
  SELECT * FROM `comments` WHERE `post_id` = N ORDER BY `created_at` DESC LIMIT N

Count: 1291  Time=0.00s (1s)  Lock=0.00s (0s)  Rows=0.8 (1029), isuconp[isuconp]@localhost
  SELECT * FROM users WHERE account_name = 'S' AND del_flg = N

Count: 88433  Time=0.00s (70s)  Lock=0.00s (2s)  Rows=1.0 (88433), isuconp[isuconp]@localhost
  SELECT COUNT(*) AS `count` FROM `comments` WHERE `post_id` = N

Count: 167724  Time=0.00s (127s)  Lock=0.00s (5s)  Rows=1.0 (167724), isuconp[isuconp]@localhost
  SELECT * FROM `users` WHERE `id` = N

Count: 1733  Time=0.00s (1s)  Lock=0.00s (0s)  Rows=9.2 (15932), isuconp[isuconp]@localhost
  SELECT * FROM `comments` WHERE `post_id` = N ORDER BY `created_at` DESC

Count: 1  Time=0.00s (0s)  Lock=0.00s (0s)  Rows=1.0 (1), isuconp[isuconp]@localhost
  SELECT COUNT(*) AS count FROM `comments` WHERE `post_id` IN (N, N, N, N, N, N, N, N, N, N, N, N, N, N, N, N, N, N, N, N)

Count: 257  Time=0.00s (0s)  Lock=0.00s (0s)  Rows=1.0 (257), isuconp[isuconp]@localhost
  SELECT COUNT(*) AS count FROM `comments` WHERE `user_id` = N

Count: 137  Time=0.00s (0s)  Lock=0.00s (0s)  Rows=0.0 (0), isuconp[isuconp]@localhost
  SELECT N FROM users WHERE `account_name` = 'S'

Count: 257  Time=0.00s (0s)  Lock=0.00s (0s)  Rows=1.0 (257), isuconp[isuconp]@localhost
  SELECT * FROM `users` WHERE `account_name` = 'S' AND `del_flg` = N

Count: 2  Time=0.00s (0s)  Lock=0.00s (0s)  Rows=1.0 (2), isuconp[isuconp]@localhost
  SELECT COUNT(*) AS count FROM `comments` WHERE `post_id` IN (N, N, N)

Count: 2  Time=0.00s (0s)  Lock=0.00s (0s)  Rows=1.0 (2), isuconp[isuconp]@localhost
  SELECT COUNT(*) AS count FROM `comments` WHERE `post_id` IN (N, N)

Count: 1  Time=0.00s (0s)  Lock=0.00s (0s)  Rows=1.0 (1), isuconp[isuconp]@localhost
  select @@version_comment limit N

Count: 21  Time=0.00s (0s)  Lock=0.00s (0s)  Rows=0.0 (0), isuconp[isuconp]@localhost
  SET NAMES utf8mb4

Count: 2  Time=0.00s (0s)  Lock=0.00s (0s)  Rows=0.0 (0), 2users@localhost
  #

Count: 2  Time=0.00s (0s)  Lock=0.00s (0s)  Rows=0.0 (0), 0users@0hosts
  administrator command: Quit

