Count: 12  Time=0.08s (0s)  Lock=0.00s (0s)  Rows=9985.7 (119828), isuconp[isuconp]@localhost
  SELECT `id`, `user_id`, `body`, `mime`, `created_at` FROM `posts` WHERE `created_at` <= 'S' ORDER BY `created_at` DESC

Count: 471  Time=0.02s (10s)  Lock=0.00s (0s)  Rows=10.1 (4743), isuconp[isuconp]@localhost
  SELECT `id`, `user_id`, `body`, `mime`, `created_at` FROM `posts` WHERE `user_id` = N ORDER BY `created_at` DESC

Count: 471  Time=0.01s (3s)  Lock=0.00s (0s)  Rows=10.1 (4743), isuconp[isuconp]@localhost
  SELECT `id` FROM `posts` WHERE `user_id` = N

Count: 1  Time=0.00s (0s)  Lock=0.00s (0s)  Rows=0.0 (0), isuconp[isuconp]@localhost
  DELETE FROM users WHERE id > N

Count: 1  Time=0.00s (0s)  Lock=0.00s (0s)  Rows=0.0 (0), root[root]@localhost
  FLUSH LOGS

Count: 1  Time=0.00s (0s)  Lock=0.00s (0s)  Rows=0.0 (0), isuconp[isuconp]@localhost
  UPDATE users SET del_flg = N

Count: 1  Time=0.00s (0s)  Lock=0.00s (0s)  Rows=0.0 (0), isuconp[isuconp]@localhost
  DELETE FROM comments WHERE id > N

Count: 161  Time=0.00s (0s)  Lock=0.00s (0s)  Rows=0.0 (0), isuconp[isuconp]@localhost
  INSERT INTO `comments` (`post_id`, `user_id`, `comment`) VALUES (N,N,'S')

Count: 132  Time=0.00s (0s)  Lock=0.00s (0s)  Rows=0.0 (0), isuconp[isuconp]@localhost
  INSERT INTO `posts` (`user_id`, `mime`, `imgdata`, `body`) VALUES (N,'S','S','S')

Count: 1  Time=0.00s (0s)  Lock=0.00s (0s)  Rows=0.0 (0), isuconp[isuconp]@localhost
  UPDATE users SET del_flg = N WHERE id % N = N

Count: 155  Time=0.00s (0s)  Lock=0.00s (0s)  Rows=0.0 (0), isuconp[isuconp]@localhost
  INSERT INTO `users` (`account_name`, `passhash`) VALUES ('S','S')

Count: 1  Time=0.00s (0s)  Lock=0.00s (0s)  Rows=0.0 (0), isuconp[isuconp]@localhost
  DELETE FROM posts WHERE id > N

Count: 17  Time=0.00s (0s)  Lock=0.00s (0s)  Rows=1.0 (17), isuconp[isuconp]@localhost
  SELECT COUNT(*) AS count FROM `comments` WHERE `post_id` IN (N, N, N, N, N, N, N, N, N, N, N, N, N, N, N)

Count: 40  Time=0.00s (0s)  Lock=0.00s (0s)  Rows=1.0 (40), isuconp[isuconp]@localhost
  SELECT COUNT(*) AS count FROM `comments` WHERE `post_id` IN (N, N, N, N, N, N, N)

Count: 3421  Time=0.00s (4s)  Lock=0.00s (0s)  Rows=1.0 (3421), isuconp[isuconp]@localhost
  SELECT * FROM `posts` WHERE `id` = N

Count: 44  Time=0.00s (0s)  Lock=0.00s (0s)  Rows=1.0 (44), isuconp[isuconp]@localhost
  SELECT COUNT(*) AS count FROM `comments` WHERE `post_id` IN (N, N, N, N, N, N, N, N, N, N, N, N, N)

Count: 51  Time=0.00s (0s)  Lock=0.00s (0s)  Rows=1.0 (51), isuconp[isuconp]@localhost
  SELECT COUNT(*) AS count FROM `comments` WHERE `post_id` IN (N, N, N, N, N, N, N, N)

Count: 2  Time=0.00s (0s)  Lock=0.00s (0s)  Rows=1.0 (2), isuconp[isuconp]@localhost
  SELECT COUNT(*) AS count FROM `comments` WHERE `post_id` IN (N, N, N, N, N, N, N, N, N, N, N, N, N, N, N, N, N, N)

Count: 69  Time=0.00s (0s)  Lock=0.00s (0s)  Rows=1.0 (69), isuconp[isuconp]@localhost
  SELECT COUNT(*) AS count FROM `comments` WHERE `post_id` IN (N, N, N, N, N, N, N, N, N, N)

Count: 61  Time=0.00s (0s)  Lock=0.00s (0s)  Rows=1.0 (61), isuconp[isuconp]@localhost
  SELECT COUNT(*) AS count FROM `comments` WHERE `post_id` IN (N, N, N, N, N, N, N, N, N, N, N)

Count: 2  Time=0.00s (0s)  Lock=0.00s (0s)  Rows=1.0 (2), isuconp[isuconp]@localhost
  SELECT COUNT(*) AS count FROM `comments` WHERE `post_id` IN (N, N, N, N, N, N, N, N, N, N, N, N, N, N, N, N, N, N, N, N, N)

Count: 18  Time=0.00s (0s)  Lock=0.00s (0s)  Rows=1.0 (18), isuconp[isuconp]@localhost
  SELECT COUNT(*) AS count FROM `comments` WHERE `post_id` IN (N, N, N, N, N, N, N, N, N, N, N, N, N, N)

Count: 52  Time=0.00s (0s)  Lock=0.00s (0s)  Rows=1.0 (52), isuconp[isuconp]@localhost
  SELECT COUNT(*) AS count FROM `comments` WHERE `post_id` IN (N, N, N, N, N, N, N, N, N)

Count: 8  Time=0.00s (0s)  Lock=0.00s (0s)  Rows=1.0 (8), isuconp[isuconp]@localhost
  SELECT COUNT(*) AS count FROM `comments` WHERE `post_id` IN (N, N, N, N, N, N, N, N, N, N, N, N, N, N, N, N)

Count: 44  Time=0.00s (0s)  Lock=0.00s (0s)  Rows=1.0 (44), isuconp[isuconp]@localhost
  SELECT COUNT(*) AS count FROM `comments` WHERE `post_id` IN (N, N, N, N, N, N, N, N, N, N, N, N)

Count: 13  Time=0.00s (0s)  Lock=0.00s (0s)  Rows=1.0 (13), isuconp[isuconp]@localhost
  SELECT COUNT(*) AS count FROM `comments` WHERE `post_id` IN (N, N, N, N, N)

Count: 6  Time=0.00s (0s)  Lock=0.00s (0s)  Rows=1.0 (6), isuconp[isuconp]@localhost
  SELECT COUNT(*) AS count FROM `comments` WHERE `post_id` IN (N, N, N)

Count: 24  Time=0.00s (0s)  Lock=0.00s (0s)  Rows=1.0 (24), isuconp[isuconp]@localhost
  SELECT COUNT(*) AS count FROM `comments` WHERE `post_id` IN (N, N, N, N, N, N)

Count: 2960  Time=0.00s (1s)  Lock=0.00s (0s)  Rows=20.0 (59200), isuconp[isuconp]@localhost
  SELECT `posts`.`id`, `posts`.`user_id`, `posts`.`body`, `posts`.`mime`, `posts`.`created_at`, `users`.`id` AS user_user_id, `users`.`account_name` AS user_account_name, `users`.`passhash` AS user_passhash, `users`.`authority` AS user_authority, `users`.`del_flg` AS user_del_flg, `users`.`created_at` AS user_created_at FROM `posts` JOIN `users` ON `posts`.`user_id` = `users`.`id` WHERE `users`.`del_flg` = N ORDER BY `posts`.`created_at` DESC LIMIT N

Count: 1  Time=0.00s (0s)  Lock=0.00s (0s)  Rows=1.0 (1), isuconp[isuconp]@localhost
  SELECT COUNT(*) AS count FROM `comments` WHERE `post_id` IN (N, N, N, N, N, N, N, N, N, N, N, N, N, N, N, N, N, N, N)

Count: 2773  Time=0.00s (1s)  Lock=0.00s (0s)  Rows=9.6 (26664), isuconp[isuconp]@localhost
  SELECT c.id AS id, c.post_id AS post_id, c.user_id AS user_id, c.comment AS comment, c.created_at AS created_at, u.id AS user_user_id, u.account_name AS user_account_name, u.passhash AS user_passhash, u.authority AS user_authority, u.del_flg AS user_del_flg, u.created_at AS user_created_at FROM `comments` c JOIN `users` u ON c.user_id = u.id WHERE c.post_id = N ORDER BY c.created_at DESC

Count: 7  Time=0.00s (0s)  Lock=0.00s (0s)  Rows=1.0 (7), isuconp[isuconp]@localhost
  SELECT COUNT(*) AS count FROM `comments` WHERE `post_id` IN (N, N, N, N, N, N, N, N, N, N, N, N, N, N, N, N, N)

Count: 16376  Time=0.00s (7s)  Lock=0.00s (0s)  Rows=3.0 (48587), isuconp[isuconp]@localhost
  SELECT c.id AS id, c.post_id AS post_id, c.user_id AS user_id, c.comment AS comment, c.created_at AS created_at, u.id AS user_user_id, u.account_name AS user_account_name, u.passhash AS user_passhash, u.authority AS user_authority, u.del_flg AS user_del_flg, u.created_at AS user_created_at FROM `comments` c JOIN `users` u ON c.user_id = u.id WHERE c.post_id = N ORDER BY c.created_at DESC LIMIT N

Count: 471  Time=0.00s (0s)  Lock=0.00s (0s)  Rows=1.0 (471), isuconp[isuconp]@localhost
  SELECT COUNT(*) AS count FROM `comments` WHERE `user_id` = N

Count: 15813  Time=0.00s (4s)  Lock=0.00s (0s)  Rows=1.0 (15813), isuconp[isuconp]@localhost
  SELECT COUNT(*) AS `count` FROM `comments` WHERE `post_id` = N

Count: 12  Time=0.00s (0s)  Lock=0.00s (0s)  Rows=1.0 (12), isuconp[isuconp]@localhost
  SELECT COUNT(*) AS count FROM `comments` WHERE `post_id` IN (N, N, N, N)

Count: 1432  Time=0.00s (0s)  Lock=0.00s (0s)  Rows=0.8 (1148), isuconp[isuconp]@localhost
  SELECT * FROM users WHERE account_name = 'S' AND del_flg = N

Count: 471  Time=0.00s (0s)  Lock=0.00s (0s)  Rows=1.0 (471), isuconp[isuconp]@localhost
  SELECT * FROM `users` WHERE `account_name` = 'S' AND `del_flg` = N

Count: 2053  Time=0.00s (0s)  Lock=0.00s (0s)  Rows=1.0 (2053), isuconp[isuconp]@localhost
  SELECT * FROM `users` WHERE `id` = N

Count: 155  Time=0.00s (0s)  Lock=0.00s (0s)  Rows=0.0 (0), isuconp[isuconp]@localhost
  SELECT N FROM users WHERE `account_name` = 'S'

Count: 1  Time=0.00s (0s)  Lock=0.00s (0s)  Rows=1.0 (1), isuconp[isuconp]@localhost
  select @@version_comment limit N

Count: 11  Time=0.00s (0s)  Lock=0.00s (0s)  Rows=0.0 (0), isuconp[isuconp]@localhost
  SET NAMES utf8mb4

Count: 2  Time=0.00s (0s)  Lock=0.00s (0s)  Rows=0.0 (0), 2users@localhost
  #

Count: 2  Time=0.00s (0s)  Lock=0.00s (0s)  Rows=0.0 (0), 0users@0hosts
  administrator command: Quit

