Count: 16  Time=0.13s (2s)  Lock=0.00s (0s)  Rows=9984.8 (159757), isuconp[isuconp]@localhost
  SELECT `id`, `user_id`, `body`, `mime`, `created_at` FROM `posts` WHERE `created_at` <= 'S' ORDER BY `created_at` DESC

Count: 430  Time=0.03s (14s)  Lock=0.00s (0s)  Rows=10.3 (4449), isuconp[isuconp]@localhost
  SELECT `id`, `user_id`, `body`, `mime`, `created_at` FROM `posts` WHERE `user_id` = N ORDER BY `created_at` DESC

Count: 430  Time=0.01s (4s)  Lock=0.00s (0s)  Rows=10.3 (4449), isuconp[isuconp]@localhost
  SELECT `id` FROM `posts` WHERE `user_id` = N

Count: 1  Time=0.01s (0s)  Lock=0.00s (0s)  Rows=0.0 (0), isuconp[isuconp]@localhost
  UPDATE users SET del_flg = N

Count: 1  Time=0.01s (0s)  Lock=0.00s (0s)  Rows=0.0 (0), isuconp[isuconp]@localhost
  DELETE FROM users WHERE id > N

Count: 1  Time=0.01s (0s)  Lock=0.00s (0s)  Rows=0.0 (0), isuconp[isuconp]@localhost
  DELETE FROM comments WHERE id > N

Count: 1  Time=0.00s (0s)  Lock=0.00s (0s)  Rows=0.0 (0), isuconp[isuconp]@localhost
  UPDATE users SET del_flg = N WHERE id % N = N

Count: 1  Time=0.00s (0s)  Lock=0.00s (0s)  Rows=0.0 (0), isuconp[isuconp]@localhost
  DELETE FROM posts WHERE id > N

Count: 205  Time=0.00s (0s)  Lock=0.00s (0s)  Rows=0.0 (0), isuconp[isuconp]@localhost
  INSERT INTO `comments` (`post_id`, `user_id`, `comment`) VALUES (N,N,'S')

Count: 500  Time=0.00s (2s)  Lock=0.00s (0s)  Rows=0.0 (0), isuconp[isuconp]@localhost
  INSERT INTO `users` (`account_name`, `passhash`) VALUES ('S','S')

Count: 332  Time=0.00s (1s)  Lock=0.00s (0s)  Rows=0.0 (0), isuconp[isuconp]@localhost
  INSERT INTO `posts` (`user_id`, `mime`, `imgdata`, `body`) VALUES (N,'S','S','S')

Count: 1  Time=0.00s (0s)  Lock=0.00s (0s)  Rows=0.0 (0), root[root]@localhost
  FLUSH LOGS

Count: 5  Time=0.00s (0s)  Lock=0.00s (0s)  Rows=1.0 (5), isuconp[isuconp]@localhost
  SELECT COUNT(*) AS count FROM `comments` WHERE `post_id` IN (N, N, N, N)

Count: 9  Time=0.00s (0s)  Lock=0.00s (0s)  Rows=1.0 (9), isuconp[isuconp]@localhost
  SELECT COUNT(*) AS count FROM `comments` WHERE `post_id` IN (N, N, N, N, N)

Count: 4  Time=0.00s (0s)  Lock=0.00s (0s)  Rows=1.0 (4), isuconp[isuconp]@localhost
  SELECT COUNT(*) AS count FROM `comments` WHERE `post_id` IN (N, N, N, N, N, N, N, N, N, N, N, N, N, N, N, N, N)

Count: 1  Time=0.00s (0s)  Lock=0.00s (0s)  Rows=1.0 (1), isuconp[isuconp]@localhost
  SELECT COUNT(*) AS count FROM `comments` WHERE `post_id` IN (N, N, N, N, N, N, N, N, N, N, N, N, N, N, N, N, N, N, N, N)

Count: 9  Time=0.00s (0s)  Lock=0.00s (0s)  Rows=1.0 (9), isuconp[isuconp]@localhost
  SELECT COUNT(*) AS count FROM `comments` WHERE `post_id` IN (N, N, N, N, N, N, N, N, N, N, N, N, N, N, N)

Count: 66301  Time=0.00s (112s)  Lock=0.00s (1s)  Rows=3.0 (196640), isuconp[isuconp]@localhost
  SELECT c.id AS id, c.post_id AS post_id, c.user_id AS user_id, c.comment AS comment, c.created_at AS created_at, u.id AS user_user_id, u.account_name AS user_account_name, u.passhash AS user_passhash, u.authority AS user_authority, u.del_flg AS user_del_flg, u.created_at AS user_created_at FROM `comments` c JOIN `users` u ON c.user_id = u.id WHERE c.post_id = N ORDER BY c.created_at DESC LIMIT N

Count: 2886  Time=0.00s (4s)  Lock=0.00s (0s)  Rows=1.0 (2886), isuconp[isuconp]@localhost
  SELECT * FROM `posts` WHERE `id` = N

Count: 35  Time=0.00s (0s)  Lock=0.00s (0s)  Rows=1.0 (35), isuconp[isuconp]@localhost
  SELECT COUNT(*) AS count FROM `comments` WHERE `post_id` IN (N, N, N, N, N, N, N)

Count: 50  Time=0.00s (0s)  Lock=0.00s (0s)  Rows=1.0 (50), isuconp[isuconp]@localhost
  SELECT COUNT(*) AS count FROM `comments` WHERE `post_id` IN (N, N, N, N, N, N, N, N, N, N, N, N, N)

Count: 66389  Time=0.00s (72s)  Lock=0.00s (1s)  Rows=1.0 (66389), isuconp[isuconp]@localhost
  SELECT COUNT(*) AS `count` FROM `comments` WHERE `post_id` = N

Count: 45  Time=0.00s (0s)  Lock=0.00s (0s)  Rows=1.0 (45), isuconp[isuconp]@localhost
  SELECT COUNT(*) AS count FROM `comments` WHERE `post_id` IN (N, N, N, N, N, N, N, N)

Count: 20  Time=0.00s (0s)  Lock=0.00s (0s)  Rows=1.0 (20), isuconp[isuconp]@localhost
  SELECT COUNT(*) AS count FROM `comments` WHERE `post_id` IN (N, N, N, N, N, N, N, N, N, N, N, N, N, N)

Count: 60  Time=0.00s (0s)  Lock=0.00s (0s)  Rows=1.0 (60), isuconp[isuconp]@localhost
  SELECT COUNT(*) AS count FROM `comments` WHERE `post_id` IN (N, N, N, N, N, N, N, N, N, N)

Count: 59  Time=0.00s (0s)  Lock=0.00s (0s)  Rows=1.0 (59), isuconp[isuconp]@localhost
  SELECT COUNT(*) AS count FROM `comments` WHERE `post_id` IN (N, N, N, N, N, N, N, N, N, N, N)

Count: 3  Time=0.00s (0s)  Lock=0.00s (0s)  Rows=1.0 (3), isuconp[isuconp]@localhost
  SELECT COUNT(*) AS count FROM `comments` WHERE `post_id` IN (N, N, N, N, N, N, N, N, N, N, N, N, N, N, N, N, N, N)

Count: 49  Time=0.00s (0s)  Lock=0.00s (0s)  Rows=1.0 (49), isuconp[isuconp]@localhost
  SELECT COUNT(*) AS count FROM `comments` WHERE `post_id` IN (N, N, N, N, N, N, N, N, N, N, N, N)

Count: 7184  Time=0.00s (6s)  Lock=0.00s (0s)  Rows=20.0 (143680), isuconp[isuconp]@localhost
  SELECT `posts`.`id`, `posts`.`user_id`, `posts`.`body`, `posts`.`mime`, `posts`.`created_at`, `users`.`id` AS user_user_id, `users`.`account_name` AS user_account_name, `users`.`passhash` AS user_passhash, `users`.`authority` AS user_authority, `users`.`del_flg` AS user_del_flg, `users`.`created_at` AS user_created_at FROM `posts` JOIN `users` ON `posts`.`user_id` = `users`.`id` WHERE `users`.`del_flg` = N ORDER BY `posts`.`created_at` DESC LIMIT N

Count: 12  Time=0.00s (0s)  Lock=0.00s (0s)  Rows=1.0 (12), isuconp[isuconp]@localhost
  SELECT COUNT(*) AS count FROM `comments` WHERE `post_id` IN (N, N, N, N, N, N, N, N, N, N, N, N, N, N, N, N)

Count: 2450  Time=0.00s (1s)  Lock=0.00s (0s)  Rows=8.8 (21488), isuconp[isuconp]@localhost
  SELECT c.id AS id, c.post_id AS post_id, c.user_id AS user_id, c.comment AS comment, c.created_at AS created_at, u.id AS user_user_id, u.account_name AS user_account_name, u.passhash AS user_passhash, u.authority AS user_authority, u.del_flg AS user_del_flg, u.created_at AS user_created_at FROM `comments` c JOIN `users` u ON c.user_id = u.id WHERE c.post_id = N ORDER BY c.created_at DESC

Count: 45  Time=0.00s (0s)  Lock=0.00s (0s)  Rows=1.0 (45), isuconp[isuconp]@localhost
  SELECT COUNT(*) AS count FROM `comments` WHERE `post_id` IN (N, N, N, N, N, N, N, N, N)

Count: 22  Time=0.00s (0s)  Lock=0.00s (0s)  Rows=1.0 (22), isuconp[isuconp]@localhost
  SELECT COUNT(*) AS count FROM `comments` WHERE `post_id` IN (N, N, N, N, N, N)

Count: 430  Time=0.00s (0s)  Lock=0.00s (0s)  Rows=1.0 (430), isuconp[isuconp]@localhost
  SELECT * FROM `users` WHERE `account_name` = 'S' AND `del_flg` = N

Count: 430  Time=0.00s (0s)  Lock=0.00s (0s)  Rows=1.0 (430), isuconp[isuconp]@localhost
  SELECT COUNT(*) AS count FROM `comments` WHERE `user_id` = N

Count: 3625  Time=0.00s (1s)  Lock=0.00s (0s)  Rows=0.8 (2873), isuconp[isuconp]@localhost
  SELECT * FROM users WHERE account_name = 'S' AND del_flg = N

Count: 500  Time=0.00s (0s)  Lock=0.00s (0s)  Rows=0.0 (0), isuconp[isuconp]@localhost
  SELECT N FROM users WHERE `account_name` = 'S'

Count: 2  Time=0.00s (0s)  Lock=0.00s (0s)  Rows=1.0 (2), isuconp[isuconp]@localhost
  SELECT COUNT(*) AS count FROM `comments` WHERE `post_id` IN (N, N, N)

Count: 4732  Time=0.00s (1s)  Lock=0.00s (0s)  Rows=1.0 (4732), isuconp[isuconp]@localhost
  SELECT * FROM `users` WHERE `id` = N

Count: 1  Time=0.00s (0s)  Lock=0.00s (0s)  Rows=1.0 (1), isuconp[isuconp]@localhost
  select @@version_comment limit N

Count: 21  Time=0.00s (0s)  Lock=0.00s (0s)  Rows=0.0 (0), isuconp[isuconp]@localhost
  SET NAMES utf8mb4

Count: 2  Time=0.00s (0s)  Lock=0.00s (0s)  Rows=0.0 (0), 2users@localhost
  #

Count: 2  Time=0.00s (0s)  Lock=0.00s (0s)  Rows=0.0 (0), 0users@0hosts
  administrator command: Quit

