
# 9.5s user time, 90ms system time, 40.08M rss, 47.29M vsz
# Current date: Sun Jul  3 21:59:04 2022
# Hostname: ip-172-31-43-134
# Files: /var/log/mysql/mysql-slow.log
# Overall: 86.13k total, 27 unique, 1.29k QPS, 3.02x concurrency _________
# Time range: 2022-07-03T12:57:35 to 2022-07-03T12:58:42
# Attribute          total     min     max     avg     95%  stddev  median
# ============     ======= ======= ======= ======= ======= ======= =======
# Exec time           203s     4us   404ms     2ms     3ms    18ms   185us
# Lock time             1s       0    12ms    12us     4us   151us     3us
# Rows sent          6.06M       0   9.81k   73.72    2.90  819.57    0.99
# Rows examine      26.98M       0  97.70k  328.51   10.84   4.14k    0.99
# Query size        25.36M      10 1008.06k  308.70   80.10  13.89k   36.69

# Profile
# Rank Query ID                      Response time Calls R/Call V/M   Item
# ==== ============================= ============= ===== ====== ===== ====
#    1 0x4858CF4D8CAA743E839C127C... 88.8478 43.9%   509 0.1746  0.03 SELECT posts
#    2 0x7A12D0C8F433684C3027353C... 27.1843 13.4%   116 0.2343  0.03 SELECT posts
#    3 0x396201721CD58410E070DA94... 22.5818 11.2% 43805 0.0005  0.00 SELECT users
#    4 0xCDEB1AFF2AE2BE51B2ED5CF0... 18.8626  9.3%   130 0.1451  0.02 SELECT comments
#    5 0x19759A5557089FD5B718D440... 15.6992  7.8% 10468 0.0015  0.00 SELECT posts
#    6 0x624863D30DAC59FA16849282...  7.9305  3.9% 14076 0.0006  0.00 SELECT comments
#    7 0x422390B42D4DD86C7539A5F4...  7.2662  3.6% 14999 0.0005  0.00 SELECT comments
#    8 0xE83DA93257C7B787C67B1B05...  7.0474  3.5%   130 0.0542  0.02 SELECT posts
# MISC 0xMISC                         7.0999  3.5%  1893 0.0038   0.0 <19 ITEMS>

# Query 1: 8.21 QPS, 1.43x concurrency, ID 0x4858CF4D8CAA743E839C127C71B69E75 at byte 22703684
# Scores: V/M = 0.03
# Time range: 2022-07-03T12:57:40 to 2022-07-03T12:58:42
# Attribute    pct   total     min     max     avg     95%  stddev  median
# ============ === ======= ======= ======= ======= ======= ======= =======
# Count          0     509
# Exec time     43     89s    18ms   381ms   175ms   293ms    76ms   171ms
# Lock time      0     3ms     2us   415us     6us     4us    28us     3us
# Rows sent     80   4.86M   9.77k   9.81k   9.79k   9.80k   21.50   9.33k
# Rows examine  36   9.73M  19.53k  19.62k  19.57k  19.40k       0  19.40k
# Query size     0  45.73k      92      92      92      92       0      92
# String:
# Databases    isuconp
# Hosts        localhost
# Users        isuconp
# Query_time distribution
#   1us
#  10us
# 100us
#   1ms
#  10ms  ##############
# 100ms  ################################################################
#    1s
#  10s+
# Tables
#    SHOW TABLE STATUS FROM `isuconp` LIKE 'posts'\G
#    SHOW CREATE TABLE `isuconp`.`posts`\G
# EXPLAIN /*!50100 PARTITIONS*/
SELECT `id`, `user_id`, `body`, `mime`, `created_at` FROM `posts` ORDER BY `created_at` DESC\G

# Query 2: 1.97 QPS, 0.46x concurrency, ID 0x7A12D0C8F433684C3027353C36CAB572 at byte 20053640
# Scores: V/M = 0.03
# Time range: 2022-07-03T12:57:43 to 2022-07-03T12:58:42
# Attribute    pct   total     min     max     avg     95%  stddev  median
# ============ === ======= ======= ======= ======= ======= ======= =======
# Count          0     116
# Exec time     13     27s    30ms   404ms   234ms   356ms    82ms   241ms
# Lock time      0     6ms     3us     6ms    55us     4us   520us     3us
# Rows sent     18   1.09M   9.57k   9.76k   9.67k   9.33k       0   9.33k
# Rows examine   8   2.20M  19.34k  19.56k  19.45k  19.40k  110.50  19.40k
# Query size     0  16.09k     142     142     142     142       0     142
# String:
# Databases    isuconp
# Hosts        localhost
# Users        isuconp
# Query_time distribution
#   1us
#  10us
# 100us
#   1ms
#  10ms  #####
# 100ms  ################################################################
#    1s
#  10s+
# Tables
#    SHOW TABLE STATUS FROM `isuconp` LIKE 'posts'\G
#    SHOW CREATE TABLE `isuconp`.`posts`\G
# EXPLAIN /*!50100 PARTITIONS*/
SELECT `id`, `user_id`, `body`, `mime`, `created_at` FROM `posts` WHERE `created_at` <= '2016-01-02T11:44:45+09:00' ORDER BY `created_at` DESC\G

# Query 3: 706.53 QPS, 0.36x concurrency, ID 0x396201721CD58410E070DA9421CA8C8D at byte 33313359
# Scores: V/M = 0.00
# Time range: 2022-07-03T12:57:40 to 2022-07-03T12:58:42
# Attribute    pct   total     min     max     avg     95%  stddev  median
# ============ === ======= ======= ======= ======= ======= ======= =======
# Count         50   43805
# Exec time     11     23s    81us    59ms   515us     2ms     1ms   144us
# Lock time     50   548ms     2us    10ms    12us     4us   150us     3us
# Rows sent      0  42.78k       1       1       1       1       0       1
# Rows examine   0  42.78k       1       1       1       1       0       1
# Query size     6   1.58M      36      39   37.88   36.69    0.17   36.69
# String:
# Databases    isuconp
# Hosts        localhost
# Users        isuconp
# Query_time distribution
#   1us
#  10us  #
# 100us  ################################################################
#   1ms  #######
#  10ms  #
# 100ms
#    1s
#  10s+
# Tables
#    SHOW TABLE STATUS FROM `isuconp` LIKE 'users'\G
#    SHOW CREATE TABLE `isuconp`.`users`\G
# EXPLAIN /*!50100 PARTITIONS*/
SELECT * FROM `users` WHERE `id` = 810\G

# Query 4: 2.13 QPS, 0.31x concurrency, ID 0xCDEB1AFF2AE2BE51B2ED5CF03D4E749F at byte 11866454
# Scores: V/M = 0.02
# Time range: 2022-07-03T12:57:40 to 2022-07-03T12:58:41
# Attribute    pct   total     min     max     avg     95%  stddev  median
# ============ === ======= ======= ======= ======= ======= ======= =======
# Count          0     130
# Exec time      9     19s    28ms   293ms   145ms   241ms    59ms   148ms
# Lock time      0   686us     3us    76us     5us     5us     8us     3us
# Rows sent      0     130       1       1       1       1       0       1
# Rows examine  45  12.40M  97.66k  97.70k  97.68k  97.04k       0  97.04k
# Query size     0   7.86k      61      62   61.91   59.77       0   59.77
# String:
# Databases    isuconp
# Hosts        localhost
# Users        isuconp
# Query_time distribution
#   1us
#  10us
# 100us
#   1ms
#  10ms  ####################
# 100ms  ################################################################
#    1s
#  10s+
# Tables
#    SHOW TABLE STATUS FROM `isuconp` LIKE 'comments'\G
#    SHOW CREATE TABLE `isuconp`.`comments`\G
# EXPLAIN /*!50100 PARTITIONS*/
SELECT COUNT(*) AS count FROM `comments` WHERE `user_id` = 929\G

# Query 5: 168.84 QPS, 0.25x concurrency, ID 0x19759A5557089FD5B718D440CBBB5C55 at byte 36739067
# Scores: V/M = 0.00
# Time range: 2022-07-03T12:57:40 to 2022-07-03T12:58:42
# Attribute    pct   total     min     max     avg     95%  stddev  median
# ============ === ======= ======= ======= ======= ======= ======= =======
# Count         12   10468
# Exec time      7     16s   138us    44ms     1ms     6ms     3ms   445us
# Lock time     10   110ms     2us     5ms    10us     4us   120us     3us
# Rows sent      0  10.22k       1       1       1       1       0       1
# Rows examine   0  10.22k       1       1       1       1       0       1
# Query size     1 402.57k      36      40   39.38   38.53    0.29   38.53
# String:
# Databases    isuconp
# Hosts        localhost
# Users        isuconp
# Query_time distribution
#   1us
#  10us
# 100us  ################################################################
#   1ms  ##################################
#  10ms  ##
# 100ms
#    1s
#  10s+
# Tables
#    SHOW TABLE STATUS FROM `isuconp` LIKE 'posts'\G
#    SHOW CREATE TABLE `isuconp`.`posts`\G
# EXPLAIN /*!50100 PARTITIONS*/
SELECT * FROM `posts` WHERE `id` = 10612\G

# Query 6: 227.03 QPS, 0.13x concurrency, ID 0x624863D30DAC59FA16849282195BE09F at byte 27316681
# Scores: V/M = 0.00
# Time range: 2022-07-03T12:57:40 to 2022-07-03T12:58:42
# Attribute    pct   total     min     max     avg     95%  stddev  median
# ============ === ======= ======= ======= ======= ======= ======= =======
# Count         16   14076
# Exec time      3      8s   104us    36ms   563us     2ms     1ms   194us
# Lock time     17   184ms     2us     7ms    13us     4us   150us     2us
# Rows sent      0  18.81k       0       3    1.37    2.90    1.45       0
# Rows examine   0  18.81k       0       3    1.37    2.90    1.45       0
# Query size     4   1.11M      79      83   82.55   80.10    0.13   80.10
# String:
# Databases    isuconp
# Hosts        localhost
# Users        isuconp
# Query_time distribution
#   1us
#  10us
# 100us  ################################################################
#   1ms  ########
#  10ms  #
# 100ms
#    1s
#  10s+
# Tables
#    SHOW TABLE STATUS FROM `isuconp` LIKE 'comments'\G
#    SHOW CREATE TABLE `isuconp`.`comments`\G
# EXPLAIN /*!50100 PARTITIONS*/
SELECT * FROM `comments` WHERE `post_id` = 9893 ORDER BY `created_at` DESC LIMIT 3\G

# Query 7: 241.92 QPS, 0.12x concurrency, ID 0x422390B42D4DD86C7539A5F45EB76A80 at byte 41577062
# Scores: V/M = 0.00
# Time range: 2022-07-03T12:57:40 to 2022-07-03T12:58:42
# Attribute    pct   total     min     max     avg     95%  stddev  median
# ============ === ======= ======= ======= ======= ======= ======= =======
# Count         17   14999
# Exec time      3      7s   102us    25ms   484us     2ms     1ms   185us
# Lock time     18   198ms     2us    12ms    13us     4us   169us     2us
# Rows sent      0  14.65k       1       1       1       1       0       1
# Rows examine   0  71.46k       0      21    4.88   13.83    5.34       0
# Query size     3 959.60k      62      66   65.51   65.89    1.57   65.89
# String:
# Databases    isuconp
# Hosts        localhost
# Users        isuconp
# Query_time distribution
#   1us
#  10us
# 100us  ################################################################
#   1ms  #######
#  10ms  #
# 100ms
#    1s
#  10s+
# Tables
#    SHOW TABLE STATUS FROM `isuconp` LIKE 'comments'\G
#    SHOW CREATE TABLE `isuconp`.`comments`\G
# EXPLAIN /*!50100 PARTITIONS*/
SELECT COUNT(*) AS `count` FROM `comments` WHERE `post_id` = 9813\G

# Query 8: 2.13 QPS, 0.12x concurrency, ID 0xE83DA93257C7B787C67B1B05D2469241 at byte 33309196
# Scores: V/M = 0.02
# Time range: 2022-07-03T12:57:40 to 2022-07-03T12:58:41
# Attribute    pct   total     min     max     avg     95%  stddev  median
# ============ === ======= ======= ======= ======= ======= ======= =======
# Count          0     130
# Exec time      3      7s     6ms   150ms    54ms   100ms    29ms    48ms
# Lock time      0   922us     3us   251us     7us     4us    24us     3us
# Rows sent      0   1.27k       2      19   10.04   14.52    2.97    9.83
# Rows examine   4   1.24M   9.77k   9.82k   9.79k   9.80k   24.50   9.33k
# Query size     0  14.46k     113     114  113.91  112.70       0  112.70
# String:
# Databases    isuconp
# Hosts        localhost
# Users        isuconp
# Query_time distribution
#   1us
#  10us
# 100us
#   1ms  #
#  10ms  ################################################################
# 100ms  ########
#    1s
#  10s+
# Tables
#    SHOW TABLE STATUS FROM `isuconp` LIKE 'posts'\G
#    SHOW CREATE TABLE `isuconp`.`posts`\G
# EXPLAIN /*!50100 PARTITIONS*/
SELECT `id`, `user_id`, `body`, `mime`, `created_at` FROM `posts` WHERE `user_id` = 570 ORDER BY `created_at` DESC\G
