
# 150ms user time, 20ms system time, 30.16M rss, 37.12M vsz
# Current date: Thu Jul  7 02:54:55 2022
# Hostname: ip-172-31-43-134
# Files: /var/log/mysql/mysql-slow.log
# Overall: 105 total, 24 unique, 21 QPS, 0.02x concurrency _______________
# Time range: 2022-07-06T17:54:50 to 2022-07-06T17:54:55
# Attribute          total     min     max     avg     95%  stddev  median
# ============     ======= ======= ======= ======= ======= ======= =======
# Exec time           81ms     3us    23ms   769us     3ms     2ms   131us
# Lock time          292us       0    20us     2us     3us     2us     2us
# Rows sent            253       0      20    2.41    9.83    4.51    0.99
# Rows examine     120.00k       0  97.66k   1.14k  112.70   9.49k    0.99
# Query size         7.77k      10     455   75.73  212.52   94.82   36.69

# Profile
# Rank Query ID                         Response time Calls R/Call V/M   I
# ==== ================================ ============= ===== ====== ===== =
#    1 0xCDEB1AFF2AE2BE51B2ED5CF03D4...  0.0229 28.4%     1 0.0229  0.00 SELECT comments
#    2 0xD64F7712CF69E90773EF81E54CB...  0.0089 11.0%     1 0.0089  0.00 UPDATE users
#    3 0x6EE137E0EE921F80EABA3715641...  0.0062  7.7%     1 0.0062  0.00 DELETE users
#    4 0xE83DA93257C7B787C67B1B05D24...  0.0061  7.6%     1 0.0061  0.00 SELECT posts
#    5 0x396201721CD58410E070DA9421C...  0.0061  7.5%    51 0.0001  0.00 SELECT users
#    6 0x8E77BF9E944532A0429655D084E...  0.0053  6.6%     1 0.0053  0.00 UPDATE users
#    7 0x9F2038550F51B0A3AB05CA526E3...  0.0034  4.2%     1 0.0034  0.00 INSERT comments
#    8 0x577B225755F9F47B35AAC715039...  0.0033  4.1%     1 0.0033  0.00 FLUSH
#    9 0xC182E5D3B725AAE1C750ACFD63F...  0.0032  3.9%     1 0.0032  0.00 DELETE comments
#   10 0x77938F0C35A5722A798DE77E477...  0.0030  3.7%     1 0.0030  0.00 DELETE posts
#   11 0x26489ECBE26887E480CA8067F97...  0.0026  3.2%     1 0.0026  0.00 INSERT users
#   12 0xC9383ACA6FF14C29E819735F00B...  0.0023  2.8%     1 0.0023  0.00 SELECT posts
#   13 0x860D6065B173403B9B22E95B9D4...  0.0018  2.3%     6 0.0003  0.00 SELECT posts users
#   14 0x422390B42D4DD86C7539A5F45EB...  0.0016  2.0%    11 0.0001  0.00 SELECT comments
#   15 0x624863D30DAC59FA16849282195...  0.0016  1.9%    10 0.0002  0.00 SELECT comments
# MISC 0xMISC                            0.0026  3.2%    16 0.0002   0.0 <9 ITEMS>

# Query 1: 0 QPS, 0x concurrency, ID 0xCDEB1AFF2AE2BE51B2ED5CF03D4E749F at byte 17254
# This item is included in the report because it matches --limit.
# Scores: V/M = 0.00
# Time range: all events occurred at 2022-07-06T17:54:55
# Attribute    pct   total     min     max     avg     95%  stddev  median
# ============ === ======= ======= ======= ======= ======= ======= =======
# Count          0       1
# Exec time     28    23ms    23ms    23ms    23ms    23ms       0    23ms
# Lock time      0     2us     2us     2us     2us     2us       0     2us
# Rows sent      0       1       1       1       1       1       0       1
# Rows examine  81  97.66k  97.66k  97.66k  97.66k  97.66k       0  97.66k
# Query size     0      62      62      62      62      62       0      62
# String:
# Databases    isuconp
# Hosts        localhost
# Users        isuconp
# Query_time distribution
#   1us
#  10us
# 100us
#   1ms
#  10ms  ################################################################
# 100ms
#    1s
#  10s+
# Tables
#    SHOW TABLE STATUS FROM `isuconp` LIKE 'comments'\G
#    SHOW CREATE TABLE `isuconp`.`comments`\G
# EXPLAIN /*!50100 PARTITIONS*/
SELECT COUNT(*) AS count FROM `comments` WHERE `user_id` = 534\G

# Query 2: 0 QPS, 0x concurrency, ID 0xD64F7712CF69E90773EF81E54CB8E3C1 at byte 2416
# This item is included in the report because it matches --limit.
# Scores: V/M = 0.00
# Time range: all events occurred at 2022-07-06T17:54:55
# Attribute    pct   total     min     max     avg     95%  stddev  median
# ============ === ======= ======= ======= ======= ======= ======= =======
# Count          0       1
# Exec time     11     9ms     9ms     9ms     9ms     9ms       0     9ms
# Lock time      1     3us     3us     3us     3us     3us       0     3us
# Rows sent      0       0       0       0       0       0       0       0
# Rows examine   0    1000    1000    1000    1000    1000       0    1000
# Query size     0      46      46      46      46      46       0      46
# String:
# Databases    isuconp
# Hosts        localhost
# Users        isuconp
# Query_time distribution
#   1us
#  10us
# 100us
#   1ms  ################################################################
#  10ms
# 100ms
#    1s
#  10s+
# Tables
#    SHOW TABLE STATUS FROM `isuconp` LIKE 'users'\G
#    SHOW CREATE TABLE `isuconp`.`users`\G
UPDATE users SET del_flg = 1 WHERE id % 50 = 0\G
# Converted for EXPLAIN
# EXPLAIN /*!50100 PARTITIONS*/
select  del_flg = 1 from users where  id % 50 = 0\G

# Query 3: 0 QPS, 0x concurrency, ID 0x6EE137E0EE921F80EABA37156419AD82 at byte 1459
# This item is included in the report because it matches --limit.
# Scores: V/M = 0.00
# Time range: all events occurred at 2022-07-06T17:54:55
# Attribute    pct   total     min     max     avg     95%  stddev  median
# ============ === ======= ======= ======= ======= ======= ======= =======
# Count          0       1
# Exec time      7     6ms     6ms     6ms     6ms     6ms       0     6ms
# Lock time      6    18us    18us    18us    18us    18us       0    18us
# Rows sent      0       0       0       0       0       0       0       0
# Rows examine   0     121     121     121     121     121       0     121
# Query size     0      33      33      33      33      33       0      33
# String:
# Databases    isuconp
# Hosts        localhost
# Users        isuconp
# Query_time distribution
#   1us
#  10us
# 100us
#   1ms  ################################################################
#  10ms
# 100ms
#    1s
#  10s+
# Tables
#    SHOW TABLE STATUS FROM `isuconp` LIKE 'users'\G
#    SHOW CREATE TABLE `isuconp`.`users`\G
DELETE FROM users WHERE id > 1000\G
# Converted for EXPLAIN
# EXPLAIN /*!50100 PARTITIONS*/
select * from  users WHERE id > 1000\G

# Query 4: 0 QPS, 0x concurrency, ID 0xE83DA93257C7B787C67B1B05D2469241 at byte 4119
# This item is included in the report because it matches --limit.
# Scores: V/M = 0.00
# Time range: all events occurred at 2022-07-06T17:54:55
# Attribute    pct   total     min     max     avg     95%  stddev  median
# ============ === ======= ======= ======= ======= ======= ======= =======
# Count          0       1
# Exec time      7     6ms     6ms     6ms     6ms     6ms       0     6ms
# Lock time      1     3us     3us     3us     3us     3us       0     3us
# Rows sent      3      10      10      10      10      10       0      10
# Rows examine   8   9.78k   9.78k   9.78k   9.78k   9.78k       0   9.78k
# Query size     1     114     114     114     114     114       0     114
# String:
# Databases    isuconp
# Hosts        localhost
# Users        isuconp
# Query_time distribution
#   1us
#  10us
# 100us
#   1ms  ################################################################
#  10ms
# 100ms
#    1s
#  10s+
# Tables
#    SHOW TABLE STATUS FROM `isuconp` LIKE 'posts'\G
#    SHOW CREATE TABLE `isuconp`.`posts`\G
# EXPLAIN /*!50100 PARTITIONS*/
SELECT `id`, `user_id`, `body`, `mime`, `created_at` FROM `posts` WHERE `user_id` = 534 ORDER BY `created_at` DESC\G

# Query 5: 0 QPS, 0x concurrency, ID 0x396201721CD58410E070DA9421CA8C8D at byte 2941
# This item is included in the report because it matches --limit.
# Scores: V/M = 0.00
# Time range: all events occurred at 2022-07-06T17:54:55
# Attribute    pct   total     min     max     avg     95%  stddev  median
# ============ === ======= ======= ======= ======= ======= ======= =======
# Count         48      51
# Exec time      7     6ms    97us   214us   118us   144us    21us   108us
# Lock time     43   127us     2us     4us     2us     2us       0     1us
# Rows sent     20      51       1       1       1       1       0       1
# Rows examine   0      51       1       1       1       1       0       1
# Query size    24   1.89k      36      39   37.94   36.69    0.43   36.69
# String:
# Databases    isuconp
# Hosts        localhost
# Users        isuconp
# Query_time distribution
#   1us
#  10us  ####
# 100us  ################################################################
#   1ms
#  10ms
# 100ms
#    1s
#  10s+
# Tables
#    SHOW TABLE STATUS FROM `isuconp` LIKE 'users'\G
#    SHOW CREATE TABLE `isuconp`.`users`\G
# EXPLAIN /*!50100 PARTITIONS*/
SELECT * FROM `users` WHERE `id` = 447\G

# Query 6: 0 QPS, 0x concurrency, ID 0x8E77BF9E944532A0429655D084E8660D at byte 2181
# This item is included in the report because it matches --limit.
# Scores: V/M = 0.00
# Time range: all events occurred at 2022-07-06T17:54:55
# Attribute    pct   total     min     max     avg     95%  stddev  median
# ============ === ======= ======= ======= ======= ======= ======= =======
# Count          0       1
# Exec time      6     5ms     5ms     5ms     5ms     5ms       0     5ms
# Lock time      0     2us     2us     2us     2us     2us       0     2us
# Rows sent      0       0       0       0       0       0       0       0
# Rows examine   0    1000    1000    1000    1000    1000       0    1000
# Query size     0      28      28      28      28      28       0      28
# String:
# Databases    isuconp
# Hosts        localhost
# Users        isuconp
# Query_time distribution
#   1us
#  10us
# 100us
#   1ms  ################################################################
#  10ms
# 100ms
#    1s
#  10s+
# Tables
#    SHOW TABLE STATUS FROM `isuconp` LIKE 'users'\G
#    SHOW CREATE TABLE `isuconp`.`users`\G
UPDATE users SET del_flg = 0\G
# Converted for EXPLAIN
# EXPLAIN /*!50100 PARTITIONS*/
select  del_flg = 0 from users \G

# Query 7: 0 QPS, 0x concurrency, ID 0x9F2038550F51B0A3AB05CA526E3FEDDC at byte 18589
# This item is included in the report because it matches --limit.
# Scores: V/M = 0.00
# Time range: all events occurred at 2022-07-06T17:54:55
# Attribute    pct   total     min     max     avg     95%  stddev  median
# ============ === ======= ======= ======= ======= ======= ======= =======
# Count          0       1
# Exec time      4     3ms     3ms     3ms     3ms     3ms       0     3ms
# Lock time      0     2us     2us     2us     2us     2us       0     2us
# Rows sent      0       0       0       0       0       0       0       0
# Rows examine   0       0       0       0       0       0       0       0
# Query size     2     191     191     191     191     191       0     191
# String:
# Databases    isuconp
# Hosts        localhost
# Users        isuconp
# Query_time distribution
#   1us
#  10us
# 100us
#   1ms  ################################################################
#  10ms
# 100ms
#    1s
#  10s+
# Tables
#    SHOW TABLE STATUS FROM `isuconp` LIKE 'comments'\G
#    SHOW CREATE TABLE `isuconp`.`comments`\G
INSERT INTO `comments` (`post_id`, `user_id`, `comment`) VALUES (9723,447,'ｵﾒｯﾄｺ-ﾗｽﾍ(ｰｰ)ﾉｻﾝﾊｲ♪(\'◇\')ｸﾞｱｰ(\'◇\')ｼｬｹﾞｰ(\'◇\')ﾓﾋｰ')\G

# Query 8: 0 QPS, 0x concurrency, ID 0x577B225755F9F47B35AAC71503957920 at byte 0
# This item is included in the report because it matches --limit.
# Scores: V/M = 0.00
# Time range: all events occurred at 2022-07-06T17:54:50
# Attribute    pct   total     min     max     avg     95%  stddev  median
# ============ === ======= ======= ======= ======= ======= ======= =======
# Count          0       1
# Exec time      4     3ms     3ms     3ms     3ms     3ms       0     3ms
# Lock time      0       0       0       0       0       0       0       0
# Rows sent      0       0       0       0       0       0       0       0
# Rows examine   0       0       0       0       0       0       0       0
# Query size     0      10      10      10      10      10       0      10
# String:
# Hosts        localhost
# Users        root
# Query_time distribution
#   1us
#  10us
# 100us
#   1ms  ################################################################
#  10ms
# 100ms
#    1s
#  10s+
FLUSH LOGS\G

# Query 9: 0 QPS, 0x concurrency, ID 0xC182E5D3B725AAE1C750ACFD63FEE0DD at byte 1938
# This item is included in the report because it matches --limit.
# Scores: V/M = 0.00
# Time range: all events occurred at 2022-07-06T17:54:55
# Attribute    pct   total     min     max     avg     95%  stddev  median
# ============ === ======= ======= ======= ======= ======= ======= =======
# Count          0       1
# Exec time      3     3ms     3ms     3ms     3ms     3ms       0     3ms
# Lock time      1     3us     3us     3us     3us     3us       0     3us
# Rows sent      0       0       0       0       0       0       0       0
# Rows examine   0      71      71      71      71      71       0      71
# Query size     0      38      38      38      38      38       0      38
# String:
# Databases    isuconp
# Hosts        localhost
# Users        isuconp
# Query_time distribution
#   1us
#  10us
# 100us
#   1ms  ################################################################
#  10ms
# 100ms
#    1s
#  10s+
# Tables
#    SHOW TABLE STATUS FROM `isuconp` LIKE 'comments'\G
#    SHOW CREATE TABLE `isuconp`.`comments`\G
DELETE FROM comments WHERE id > 100000\G
# Converted for EXPLAIN
# EXPLAIN /*!50100 PARTITIONS*/
select * from  comments WHERE id > 100000\G

# Query 10: 0 QPS, 0x concurrency, ID 0x77938F0C35A5722A798DE77E477DF648 at byte 1698
# This item is included in the report because it matches --limit.
# Scores: V/M = 0.00
# Time range: all events occurred at 2022-07-06T17:54:55
# Attribute    pct   total     min     max     avg     95%  stddev  median
# ============ === ======= ======= ======= ======= ======= ======= =======
# Count          0       1
# Exec time      3     3ms     3ms     3ms     3ms     3ms       0     3ms
# Lock time      1     4us     4us     4us     4us     4us       0     4us
# Rows sent      0       0       0       0       0       0       0       0
# Rows examine   0     113     113     113     113     113       0     113
# Query size     0      34      34      34      34      34       0      34
# String:
# Databases    isuconp
# Hosts        localhost
# Users        isuconp
# Query_time distribution
#   1us
#  10us
# 100us
#   1ms  ################################################################
#  10ms
# 100ms
#    1s
#  10s+
# Tables
#    SHOW TABLE STATUS FROM `isuconp` LIKE 'posts'\G
#    SHOW CREATE TABLE `isuconp`.`posts`\G
DELETE FROM posts WHERE id > 10000\G
# Converted for EXPLAIN
# EXPLAIN /*!50100 PARTITIONS*/
select * from  posts WHERE id > 10000\G

# Query 11: 0 QPS, 0x concurrency, ID 0x26489ECBE26887E480CA8067F971EA04 at byte 28420
# This item is included in the report because it matches --limit.
# Scores: V/M = 0.00
# Time range: all events occurred at 2022-07-06T17:54:55
# Attribute    pct   total     min     max     avg     95%  stddev  median
# ============ === ======= ======= ======= ======= ======= ======= =======
# Count          0       1
# Exec time      3     3ms     3ms     3ms     3ms     3ms       0     3ms
# Lock time      0     2us     2us     2us     2us     2us       0     2us
# Rows sent      0       0       0       0       0       0       0       0
# Rows examine   0       0       0       0       0       0       0       0
# Query size     2     216     216     216     216     216       0     216
# String:
# Databases    isuconp
# Hosts        localhost
# Users        isuconp
# Query_time distribution
#   1us
#  10us
# 100us
#   1ms  ################################################################
#  10ms
# 100ms
#    1s
#  10s+
# Tables
#    SHOW TABLE STATUS FROM `isuconp` LIKE 'users'\G
#    SHOW CREATE TABLE `isuconp`.`users`\G
INSERT INTO `users` (`account_name`, `passhash`) VALUES ('rEiyNXUIPWSoko14iYxbiGSZt','10ddcbb8c6294d4c14cb7de8261bf8fdfa36ad473ec80a105a17f6ac3310fe63bb2135a84a436c2854c1cd0e81c0a3e7be80a8a66876ef731543fafc90eb3443')\G

# Query 12: 0 QPS, 0x concurrency, ID 0xC9383ACA6FF14C29E819735F00B6DBDF at byte 17525
# This item is included in the report because it matches --limit.
# Scores: V/M = 0.00
# Time range: all events occurred at 2022-07-06T17:54:55
# Attribute    pct   total     min     max     avg     95%  stddev  median
# ============ === ======= ======= ======= ======= ======= ======= =======
# Count          0       1
# Exec time      2     2ms     2ms     2ms     2ms     2ms       0     2ms
# Lock time      1     3us     3us     3us     3us     3us       0     3us
# Rows sent      3      10      10      10      10      10       0      10
# Rows examine   8   9.77k   9.77k   9.77k   9.77k   9.77k       0   9.77k
# Query size     0      46      46      46      46      46       0      46
# String:
# Databases    isuconp
# Hosts        localhost
# Users        isuconp
# Query_time distribution
#   1us
#  10us
# 100us
#   1ms  ################################################################
#  10ms
# 100ms
#    1s
#  10s+
# Tables
#    SHOW TABLE STATUS FROM `isuconp` LIKE 'posts'\G
#    SHOW CREATE TABLE `isuconp`.`posts`\G
# EXPLAIN /*!50100 PARTITIONS*/
SELECT `id` FROM `posts` WHERE `user_id` = 534\G

# Query 13: 0 QPS, 0x concurrency, ID 0x860D6065B173403B9B22E95B9D469360 at byte 3183
# This item is included in the report because it matches --limit.
# Scores: V/M = 0.00
# Time range: all events occurred at 2022-07-06T17:54:55
# Attribute    pct   total     min     max     avg     95%  stddev  median
# ============ === ======= ======= ======= ======= ======= ======= =======
# Count          5       6
# Exec time      2     2ms   262us   358us   305us   348us    31us   287us
# Lock time      6    18us     2us     4us     3us     3us       0     2us
# Rows sent     47     120      20      20      20      20       0      20
# Rows examine   0     264      44      44      44      44       0      44
# Query size    34   2.67k     455     455     455     455       0     455
# String:
# Databases    isuconp
# Hosts        localhost
# Users        isuconp
# Query_time distribution
#   1us
#  10us
# 100us  ################################################################
#   1ms
#  10ms
# 100ms
#    1s
#  10s+
# Tables
#    SHOW TABLE STATUS FROM `isuconp` LIKE 'posts'\G
#    SHOW CREATE TABLE `isuconp`.`posts`\G
#    SHOW TABLE STATUS FROM `isuconp` LIKE 'users'\G
#    SHOW CREATE TABLE `isuconp`.`users`\G
# EXPLAIN /*!50100 PARTITIONS*/
SELECT `posts`.`id`, `posts`.`user_id`, `posts`.`body`, `posts`.`mime`, `posts`.`created_at`, `users`.`id` AS 'User.id', `users`.`account_name` AS 'User.AccountName', `users`.`passhash` AS 'User.Passhash',`users`.`authority` AS 'User.Authority', `users`.`del_flg` AS 'User.DelFlg', `users`.`created_at` AS 'User.CreatedAt'FROM `posts` JOIN `users` ON `posts`.`user_id` = `users`.`id` WHERE `users`.`del_flg` = 0 ORDER BY `posts`.`created_at` DESC LIMIT 20\G

# Query 14: 0 QPS, 0x concurrency, ID 0x422390B42D4DD86C7539A5F45EB76A80 at byte 8284
# This item is included in the report because it matches --limit.
# Scores: V/M = 0.00
# Time range: all events occurred at 2022-07-06T17:54:55
# Attribute    pct   total     min     max     avg     95%  stddev  median
# ============ === ======= ======= ======= ======= ======= ======= =======
# Count         10      11
# Exec time      2     2ms   126us   188us   149us   176us    20us   131us
# Lock time     15    45us     2us    20us     4us     2us     4us     2us
# Rows sent      4      11       1       1       1       1       0       1
# Rows examine   0     107       5      15    9.73   12.54    2.93    8.91
# Query size     8     715      65      65      65      65       0      65
# String:
# Databases    isuconp
# Hosts        localhost
# Users        isuconp
# Query_time distribution
#   1us
#  10us
# 100us  ################################################################
#   1ms
#  10ms
# 100ms
#    1s
#  10s+
# Tables
#    SHOW TABLE STATUS FROM `isuconp` LIKE 'comments'\G
#    SHOW CREATE TABLE `isuconp`.`comments`\G
# EXPLAIN /*!50100 PARTITIONS*/
SELECT COUNT(*) AS `count` FROM `comments` WHERE `post_id` = 7062\G

# Query 15: 0 QPS, 0x concurrency, ID 0x624863D30DAC59FA16849282195BE09F at byte 7274
# This item is included in the report because it matches --limit.
# Scores: V/M = 0.00
# Time range: all events occurred at 2022-07-06T17:54:55
# Attribute    pct   total     min     max     avg     95%  stddev  median
# ============ === ======= ======= ======= ======= ======= ======= =======
# Count          9      10
# Exec time      1     2ms   143us   174us   155us   152us     7us   152us
# Lock time      7    23us     2us     3us     2us     2us       0     1us
# Rows sent     11      30       3       3       3       3       0       3
# Rows examine   0      30       3       3       3       3       0       3
# Query size    10     820      82      82      82      82       0      82
# String:
# Databases    isuconp
# Hosts        localhost
# Users        isuconp
# Query_time distribution
#   1us
#  10us
# 100us  ################################################################
#   1ms
#  10ms
# 100ms
#    1s
#  10s+
# Tables
#    SHOW TABLE STATUS FROM `isuconp` LIKE 'comments'\G
#    SHOW CREATE TABLE `isuconp`.`comments`\G
# EXPLAIN /*!50100 PARTITIONS*/
SELECT * FROM `comments` WHERE `post_id` = 8223 ORDER BY `created_at` DESC LIMIT 3\G
