
# 11s user time, 110ms system time, 30.57M rss, 37.84M vsz
# Current date: Fri Jul  8 01:29:01 2022
# Hostname: ip-172-31-43-134
# Files: /var/log/mysql/mysql-slow.log
# Overall: 87.84k total, 26 unique, 1.10k QPS, 0.72x concurrency _________
# Time range: 2022-07-07T16:27:26 to 2022-07-07T16:28:46
# Attribute          total     min     max     avg     95%  stddev  median
# ============     ======= ======= ======= ======= ======= ======= =======
# Exec time            57s     4us   191ms   653us     2ms     2ms   260us
# Lock time          851ms       0     9ms     9us     4us   101us     3us
# Rows sent        360.86k       0   9.76k    4.21   10.84  111.68    0.99
# Rows examine       9.43M       0   9.90k  112.61   38.53  998.18    5.75
# Query size        19.15M      10     453  228.55  400.73  170.25   76.28

# Profile
# Rank Query ID                      Response time Calls R/Call V/M   Item
# ==== ============================= ============= ===== ====== ===== ====
#    1 0x58CDBEF53804905081DDA03B... 19.7371 34.4% 36659 0.0005  0.00 SELECT comments users
#    2 0x422390B42D4DD86C7539A5F4... 12.1371 21.1% 35706 0.0003  0.01 SELECT comments
#    3 0xE83DA93257C7B787C67B1B05... 10.0022 17.4%   443 0.0226  0.00 SELECT posts
#    4 0x19759A5557089FD5B718D440...  4.6673  8.1%  3388 0.0014  0.00 SELECT posts
#    5 0xC9383ACA6FF14C29E819735F...  3.4157  5.9%   443 0.0077  0.00 SELECT posts
#    6 0x950C46DB6E4968E364E3DC83...  1.7782  3.1%  3029 0.0006  0.00 SELECT posts users
#    7 0x4B0EA855D7B4E8A65F7C0087...  1.6016  2.8%  2852 0.0006  0.00 SELECT comments users
#    8 0x7A12D0C8F433684C3027353C...  1.1215  2.0%    12 0.0935  0.01 SELECT posts
#    9 0x9F2038550F51B0A3AB05CA52...  0.5521  1.0%   157 0.0035  0.00 INSERT comments
# MISC 0xMISC                         2.4358  4.2%  5153 0.0005   0.0 <17 ITEMS>

# Query 1: 488.79 QPS, 0.26x concurrency, ID 0x58CDBEF53804905081DDA03BEE24EFEE at byte 23843317
# Scores: V/M = 0.00
# Time range: 2022-07-07T16:27:31 to 2022-07-07T16:28:46
# Attribute    pct   total     min     max     avg     95%  stddev  median
# ============ === ======= ======= ======= ======= ======= ======= =======
# Count         41   36659
# Exec time     34     20s   159us    26ms   538us     2ms   890us   273us
# Lock time     42   365ms     2us     9ms     9us     4us    94us     3us
# Rows sent     29 106.78k       0       3    2.98    2.90    0.21    2.90
# Rows examine   2 213.55k       0       6    5.97    5.75    0.41    5.75
# Query size    73  14.02M     398     402  400.93  400.73       2  400.73
# String:
# Databases    isuconp
# Hosts        localhost
# Users        isuconp
# Query_time distribution
#   1us
#  10us
# 100us  ################################################################
#   1ms  ######
#  10ms  #
# 100ms
#    1s
#  10s+
# Tables
#    SHOW TABLE STATUS FROM `isuconp` LIKE 'comments'\G
#    SHOW CREATE TABLE `isuconp`.`comments`\G
#    SHOW TABLE STATUS FROM `isuconp` LIKE 'users'\G
#    SHOW CREATE TABLE `isuconp`.`users`\G
# EXPLAIN /*!50100 PARTITIONS*/
SELECT c.id AS id, c.post_id AS post_id, c.user_id AS user_id, c.comment AS comment, c.created_at AS created_at, u.id AS user_user_id, u.account_name AS user_account_name, u.passhash AS user_passhash, u.authority AS user_authority, u.del_flg AS user_del_flg, u.created_at AS user_created_at FROM `comments` c JOIN `users` u ON c.user_id = u.id WHERE c.post_id = 6081 ORDER BY c.created_at DESC LIMIT 3\G

# Query 2: 476.08 QPS, 0.16x concurrency, ID 0x422390B42D4DD86C7539A5F45EB76A80 at byte 16172535
# Scores: V/M = 0.01
# Time range: 2022-07-07T16:27:31 to 2022-07-07T16:28:46
# Attribute    pct   total     min     max     avg     95%  stddev  median
# ============ === ======= ======= ======= ======= ======= ======= =======
# Count         40   35706
# Exec time     21     12s   104us   191ms   339us     1ms     1ms   176us
# Lock time     44   377ms     2us     9ms    10us     4us   117us     3us
# Rows sent      9  34.87k       1       1       1       1       0       1
# Rows examine   3 347.01k       0      23    9.95   14.52    3.15    9.83
# Query size    11   2.21M      62      66   64.93   62.76    0.24   62.76
# String:
# Databases    isuconp
# Hosts        localhost
# Users        isuconp
# Query_time distribution
#   1us
#  10us
# 100us  ################################################################
#   1ms  ###
#  10ms  #
# 100ms  #
#    1s
#  10s+
# Tables
#    SHOW TABLE STATUS FROM `isuconp` LIKE 'comments'\G
#    SHOW CREATE TABLE `isuconp`.`comments`\G
# EXPLAIN /*!50100 PARTITIONS*/
SELECT COUNT(*) AS `count` FROM `comments` WHERE `post_id` = 3775\G

# Query 3: 7.26 QPS, 0.16x concurrency, ID 0xE83DA93257C7B787C67B1B05D2469241 at byte 8796848
# Scores: V/M = 0.00
# Time range: 2022-07-07T16:27:31 to 2022-07-07T16:28:32
# Attribute    pct   total     min     max     avg     95%  stddev  median
# ============ === ======= ======= ======= ======= ======= ======= =======
# Count          0     443
# Exec time     17     10s     6ms    68ms    23ms    40ms     9ms    20ms
# Lock time      0     3ms     2us   842us     7us     4us    42us     3us
# Rows sent      1   4.33k       3      20   10.02   14.52    2.82    9.83
# Rows examine  45   4.26M   9.77k   9.90k   9.84k   9.80k      67   9.80k
# Query size     0  49.28k     113     114  113.92  112.70       0  112.70
# String:
# Databases    isuconp
# Hosts        localhost
# Users        isuconp
# Query_time distribution
#   1us
#  10us
# 100us
#   1ms  ##
#  10ms  ################################################################
# 100ms
#    1s
#  10s+
# Tables
#    SHOW TABLE STATUS FROM `isuconp` LIKE 'posts'\G
#    SHOW CREATE TABLE `isuconp`.`posts`\G
# EXPLAIN /*!50100 PARTITIONS*/
SELECT `id`, `user_id`, `body`, `mime`, `created_at` FROM `posts` WHERE `user_id` = 892 ORDER BY `created_at` DESC\G

# Query 4: 55.54 QPS, 0.08x concurrency, ID 0x19759A5557089FD5B718D440CBBB5C55 at byte 7074571
# Scores: V/M = 0.00
# Time range: 2022-07-07T16:27:31 to 2022-07-07T16:28:32
# Attribute    pct   total     min     max     avg     95%  stddev  median
# ============ === ======= ======= ======= ======= ======= ======= =======
# Count          3    3388
# Exec time      8      5s   105us    23ms     1ms     4ms     2ms   467us
# Lock time      2    21ms     2us   980us     6us     4us    31us     3us
# Rows sent      0   3.31k       1       1       1       1       0       1
# Rows examine   0   3.31k       1       1       1       1       0       1
# Query size     0 128.84k      36      40   38.94   38.53    0.55   38.53
# String:
# Databases    isuconp
# Hosts        localhost
# Users        isuconp
# Query_time distribution
#   1us
#  10us
# 100us  ################################################################
#   1ms  ########################################
#  10ms  #
# 100ms
#    1s
#  10s+
# Tables
#    SHOW TABLE STATUS FROM `isuconp` LIKE 'posts'\G
#    SHOW CREATE TABLE `isuconp`.`posts`\G
# EXPLAIN /*!50100 PARTITIONS*/
SELECT * FROM `posts` WHERE `id` = 19\G

# Query 5: 7.26 QPS, 0.06x concurrency, ID 0xC9383ACA6FF14C29E819735F00B6DBDF at byte 9878788
# Scores: V/M = 0.00
# Time range: 2022-07-07T16:27:31 to 2022-07-07T16:28:32
# Attribute    pct   total     min     max     avg     95%  stddev  median
# ============ === ======= ======= ======= ======= ======= ======= =======
# Count          0     443
# Exec time      5      3s     2ms    40ms     8ms    16ms     4ms     6ms
# Lock time      0     2ms     2us   242us     5us     4us    13us     3us
# Rows sent      1   4.33k       3      20   10.02   14.52    2.82    9.83
# Rows examine  45   4.25M   9.77k   9.89k   9.83k   9.80k   64.50   9.80k
# Query size     0  19.86k      45      46   45.92   44.60       0   44.60
# String:
# Databases    isuconp
# Hosts        localhost
# Users        isuconp
# Query_time distribution
#   1us
#  10us
# 100us
#   1ms  ################################################################
#  10ms  #################
# 100ms
#    1s
#  10s+
# Tables
#    SHOW TABLE STATUS FROM `isuconp` LIKE 'posts'\G
#    SHOW CREATE TABLE `isuconp`.`posts`\G
# EXPLAIN /*!50100 PARTITIONS*/
SELECT `id` FROM `posts` WHERE `user_id` = 755\G

# Query 6: 49.66 QPS, 0.03x concurrency, ID 0x950C46DB6E4968E364E3DC832B2860E0 at byte 17345445
# Scores: V/M = 0.00
# Time range: 2022-07-07T16:27:31 to 2022-07-07T16:28:32
# Attribute    pct   total     min     max     avg     95%  stddev  median
# ============ === ======= ======= ======= ======= ======= ======= =======
# Count          3    3029
# Exec time      3      2s   229us    16ms   587us     1ms   789us   384us
# Lock time      2    19ms     3us     2ms     6us     4us    38us     3us
# Rows sent     16  59.16k      20      20      20      20       0      20
# Rows examine   1 119.03k      40      44   40.24   40.45    0.80   38.53
# Query size     6   1.31M     453     453     453     453       0     453
# String:
# Databases    isuconp
# Hosts        localhost
# Users        isuconp
# Query_time distribution
#   1us
#  10us
# 100us  ################################################################
#   1ms  #####
#  10ms  #
# 100ms
#    1s
#  10s+
# Tables
#    SHOW TABLE STATUS FROM `isuconp` LIKE 'posts'\G
#    SHOW CREATE TABLE `isuconp`.`posts`\G
#    SHOW TABLE STATUS FROM `isuconp` LIKE 'users'\G
#    SHOW CREATE TABLE `isuconp`.`users`\G
# EXPLAIN /*!50100 PARTITIONS*/
SELECT `posts`.`id`, `posts`.`user_id`, `posts`.`body`, `posts`.`mime`, `posts`.`created_at`, `users`.`id` AS user_user_id, `users`.`account_name` AS user_account_name, `users`.`passhash` AS user_passhash, `users`.`authority` AS user_authority, `users`.`del_flg` AS user_del_flg, `users`.`created_at` AS user_created_at FROM `posts` JOIN `users` ON `posts`.`user_id` = `users`.`id` WHERE `users`.`del_flg` = 0 ORDER BY `posts`.`created_at` DESC LIMIT 20\G

# Query 7: 46.75 QPS, 0.03x concurrency, ID 0x4B0EA855D7B4E8A65F7C008710755713 at byte 17212760
# Scores: V/M = 0.00
# Time range: 2022-07-07T16:27:31 to 2022-07-07T16:28:32
# Attribute    pct   total     min     max     avg     95%  stddev  median
# ============ === ======= ======= ======= ======= ======= ======= =======
# Count          3    2852
# Exec time      2      2s   173us    24ms   561us     1ms   816us   366us
# Lock time      3    26ms     2us     8ms     9us     4us   144us     3us
# Rows sent      7  26.74k       0      22    9.60   15.25    3.70    9.83
# Rows examine   0  53.48k       0      44   19.20   31.70    7.36   19.46
# Query size     5   1.07M     390     394  392.94  381.65       0  381.65
# String:
# Databases    isuconp
# Hosts        localhost
# Users        isuconp
# Query_time distribution
#   1us
#  10us
# 100us  ################################################################
#   1ms  #####
#  10ms  #
# 100ms
#    1s
#  10s+
# Tables
#    SHOW TABLE STATUS FROM `isuconp` LIKE 'comments'\G
#    SHOW CREATE TABLE `isuconp`.`comments`\G
#    SHOW TABLE STATUS FROM `isuconp` LIKE 'users'\G
#    SHOW CREATE TABLE `isuconp`.`users`\G
# EXPLAIN /*!50100 PARTITIONS*/
SELECT c.id AS id, c.post_id AS post_id, c.user_id AS user_id, c.comment AS comment, c.created_at AS created_at, u.id AS user_user_id, u.account_name AS user_account_name, u.passhash AS user_passhash, u.authority AS user_authority, u.del_flg AS user_del_flg, u.created_at AS user_created_at FROM `comments` c JOIN `users` u ON c.user_id = u.id WHERE c.post_id = 5260 ORDER BY c.created_at DESC\G

# Query 8: 0.24 QPS, 0.02x concurrency, ID 0x7A12D0C8F433684C3027353C36CAB572 at byte 3594002
# Scores: V/M = 0.01
# Time range: 2022-07-07T16:27:32 to 2022-07-07T16:28:22
# Attribute    pct   total     min     max     avg     95%  stddev  median
# ============ === ======= ======= ======= ======= ======= ======= =======
# Count          0      12
# Exec time      1      1s    62ms   135ms    93ms   128ms    24ms    87ms
# Lock time      0    55us     3us    16us     4us     3us     3us     3us
# Rows sent     32 117.01k   9.75k   9.76k   9.75k   9.33k       0   9.33k
# Rows examine   1 117.01k   9.75k   9.76k   9.75k   9.33k       0   9.33k
# Query size     0   1.66k     142     142     142     142       0     142
# String:
# Databases    isuconp
# Hosts        localhost
# Users        isuconp
# Query_time distribution
#   1us
#  10us
# 100us
#   1ms
#  10ms  ################################################################
# 100ms  ################################
#    1s
#  10s+
# Tables
#    SHOW TABLE STATUS FROM `isuconp` LIKE 'posts'\G
#    SHOW CREATE TABLE `isuconp`.`posts`\G
# EXPLAIN /*!50100 PARTITIONS*/
SELECT `id`, `user_id`, `body`, `mime`, `created_at` FROM `posts` WHERE `created_at` <= '2016-01-02T11:46:26+09:00' ORDER BY `created_at` DESC\G

# Query 9: 2.57 QPS, 0.01x concurrency, ID 0x9F2038550F51B0A3AB05CA526E3FEDDC at byte 8831722
# Scores: V/M = 0.00
# Time range: 2022-07-07T16:27:31 to 2022-07-07T16:28:32
# Attribute    pct   total     min     max     avg     95%  stddev  median
# ============ === ======= ======= ======= ======= ======= ======= =======
# Count          0     157
# Exec time      0   552ms     2ms    21ms     4ms     5ms     2ms     3ms
# Lock time      0   638us     2us    48us     4us     3us     3us     3us
# Rows sent      0       0       0       0       0       0       0       0
# Rows examine   0       0       0       0       0       0       0       0
# Query size     0  20.54k      90     195  133.94  174.84   23.76  130.47
# String:
# Databases    isuconp
# Hosts        localhost
# Users        isuconp
# Query_time distribution
#   1us
#  10us
# 100us
#   1ms  ################################################################
#  10ms  #
# 100ms
#    1s
#  10s+
# Tables
#    SHOW TABLE STATUS FROM `isuconp` LIKE 'comments'\G
#    SHOW CREATE TABLE `isuconp`.`comments`\G
INSERT INTO `comments` (`post_id`, `user_id`, `comment`) VALUES (12248,316,'( ´ ▽ ` )ﾉ　ﾀﾀﾞｲﾏｧ')\G
