
# 9.3s user time, 70ms system time, 38.74M rss, 45.95M vsz
# Current date: Sun Jul  3 21:19:25 2022
# Hostname: ip-172-31-43-134
# Files: /var/log/mysql/mysql-slow.log
# Overall: 84.20k total, 26 unique, 1.26k QPS, 2.94x concurrency _________
# Time range: 2022-07-03T12:17:57 to 2022-07-03T12:19:04
# Attribute          total     min     max     avg     95%  stddev  median
# ============     ======= ======= ======= ======= ======= ======= =======
# Exec time           197s     3us   381ms     2ms     3ms    18ms   176us
# Lock time          912ms       0    19ms    10us     4us   137us     3us
# Rows sent          6.14M       0   9.81k   76.45    2.90  836.30    0.99
# Rows examine      26.92M       0  97.70k  335.23   10.84   4.16k    0.99
# Query size        22.34M      10 1019.53k  278.26   80.10  12.76k   36.69

# Profile
# Rank Query ID                      Response time Calls R/Call V/M   Item
# ==== ============================= ============= ===== ====== ===== ====
#    1 0x4858CF4D8CAA743E839C127C... 91.3010 46.3%   520 0.1756  0.03 SELECT posts
#    2 0x7A12D0C8F433684C3027353C... 24.5527 12.5%   114 0.2154  0.03 SELECT posts
#    3 0xCDEB1AFF2AE2BE51B2ED5CF0... 20.4565 10.4%   128 0.1598  0.03 SELECT comments
#    4 0x396201721CD58410E070DA94... 20.0222 10.2% 41984 0.0005  0.00 SELECT users
#    5 0x19759A5557089FD5B718D440... 14.2974  7.3% 10282 0.0014  0.00 SELECT posts
#    6 0x624863D30DAC59FA16849282...  7.4358  3.8% 14184 0.0005  0.00 SELECT comments
#    7 0x422390B42D4DD86C7539A5F4...  6.8352  3.5% 15033 0.0005  0.00 SELECT comments
#    8 0xE83DA93257C7B787C67B1B05...  6.5248  3.3%   128 0.0510  0.01 SELECT posts
# MISC 0xMISC                         5.6231  2.9%  1830 0.0031   0.0 <18 ITEMS>

# Query 1: 8.39 QPS, 1.47x concurrency, ID 0x4858CF4D8CAA743E839C127C71B69E75 at byte 5694362
# Scores: V/M = 0.03
# Time range: 2022-07-03T12:18:02 to 2022-07-03T12:19:04
# Attribute    pct   total     min     max     avg     95%  stddev  median
# ============ === ======= ======= ======= ======= ======= ======= =======
# Count          0     520
# Exec time     46     91s    19ms   381ms   176ms   293ms    76ms   171ms
# Lock time      0     7ms     2us     3ms    12us     5us   140us     3us
# Rows sent     80   4.97M   9.77k   9.81k   9.79k   9.80k   22.50   9.33k
# Rows examine  36   9.94M  19.53k  19.62k  19.58k  19.40k       0  19.40k
# Query size     0  46.72k      92      92      92      92       0      92
# String:
# Databases    isuconp
# Hosts        localhost
# Users        isuconp
# Query_time distribution
#   1us
#  10us
# 100us
#   1ms
#  10ms  ##############
# 100ms  ################################################################
#    1s
#  10s+
# Tables
#    SHOW TABLE STATUS FROM `isuconp` LIKE 'posts'\G
#    SHOW CREATE TABLE `isuconp`.`posts`\G
# EXPLAIN /*!50100 PARTITIONS*/
SELECT `id`, `user_id`, `body`, `mime`, `created_at` FROM `posts` ORDER BY `created_at` DESC\G

# Query 2: 1.90 QPS, 0.41x concurrency, ID 0x7A12D0C8F433684C3027353C36CAB572 at byte 28332489
# Scores: V/M = 0.03
# Time range: 2022-07-03T12:18:04 to 2022-07-03T12:19:04
# Attribute    pct   total     min     max     avg     95%  stddev  median
# ============ === ======= ======= ======= ======= ======= ======= =======
# Count          0     114
# Exec time     12     25s    21ms   368ms   215ms   339ms    83ms   230ms
# Lock time      0     1ms     2us   465us     9us     4us    41us     3us
# Rows sent     17   1.08M   9.57k   9.76k   9.67k   9.33k    0.00   9.33k
# Rows examine   8   2.17M  19.34k  19.55k  19.45k  19.40k  107.50  19.40k
# Query size     0  15.81k     142     142     142     142       0     142
# String:
# Databases    isuconp
# Hosts        localhost
# Users        isuconp
# Query_time distribution
#   1us
#  10us
# 100us
#   1ms
#  10ms  ######
# 100ms  ################################################################
#    1s
#  10s+
# Tables
#    SHOW TABLE STATUS FROM `isuconp` LIKE 'posts'\G
#    SHOW CREATE TABLE `isuconp`.`posts`\G
# EXPLAIN /*!50100 PARTITIONS*/
SELECT `id`, `user_id`, `body`, `mime`, `created_at` FROM `posts` WHERE `created_at` <= '2016-01-02T11:44:07+09:00' ORDER BY `created_at` DESC\G

# Query 3: 2.10 QPS, 0.34x concurrency, ID 0xCDEB1AFF2AE2BE51B2ED5CF03D4E749F at byte 38913659
# Scores: V/M = 0.03
# Time range: 2022-07-03T12:18:02 to 2022-07-03T12:19:03
# Attribute    pct   total     min     max     avg     95%  stddev  median
# ============ === ======= ======= ======= ======= ======= ======= =======
# Count          0     128
# Exec time     10     20s    24ms   355ms   160ms   279ms    74ms   155ms
# Lock time      0   526us     3us    70us     4us     3us     5us     2us
# Rows sent      0     128       1       1       1       1       0       1
# Rows examine  45  12.21M  97.66k  97.70k  97.68k  97.04k       0  97.04k
# Query size     0   7.74k      61      62   61.94   59.77       0   59.77
# String:
# Databases    isuconp
# Hosts        localhost
# Users        isuconp
# Query_time distribution
#   1us
#  10us
# 100us
#   1ms
#  10ms  ######################
# 100ms  ################################################################
#    1s
#  10s+
# Tables
#    SHOW TABLE STATUS FROM `isuconp` LIKE 'comments'\G
#    SHOW CREATE TABLE `isuconp`.`comments`\G
# EXPLAIN /*!50100 PARTITIONS*/
SELECT COUNT(*) AS count FROM `comments` WHERE `user_id` = 761\G

# Query 4: 677.16 QPS, 0.32x concurrency, ID 0x396201721CD58410E070DA9421CA8C8D at byte 2745179
# Scores: V/M = 0.00
# Time range: 2022-07-03T12:18:02 to 2022-07-03T12:19:04
# Attribute    pct   total     min     max     avg     95%  stddev  median
# ============ === ======= ======= ======= ======= ======= ======= =======
# Count         49   41984
# Exec time     10     20s    81us    49ms   476us     2ms     1ms   144us
# Lock time     50   458ms     2us     9ms    10us     4us   118us     3us
# Rows sent      0  41.00k       1       1       1       1       0       1
# Rows examine   0  41.00k       1       1       1       1       0       1
# Query size     6   1.52M      36      39   37.88   36.69    0.16   36.69
# String:
# Databases    isuconp
# Hosts        localhost
# Users        isuconp
# Query_time distribution
#   1us
#  10us  #
# 100us  ################################################################
#   1ms  ######
#  10ms  #
# 100ms
#    1s
#  10s+
# Tables
#    SHOW TABLE STATUS FROM `isuconp` LIKE 'users'\G
#    SHOW CREATE TABLE `isuconp`.`users`\G
# EXPLAIN /*!50100 PARTITIONS*/
SELECT * FROM `users` WHERE `id` = 161\G

# Query 5: 165.84 QPS, 0.23x concurrency, ID 0x19759A5557089FD5B718D440CBBB5C55 at byte 20543795
# Scores: V/M = 0.00
# Time range: 2022-07-03T12:18:02 to 2022-07-03T12:19:04
# Attribute    pct   total     min     max     avg     95%  stddev  median
# ============ === ======= ======= ======= ======= ======= ======= =======
# Count         12   10282
# Exec time      7     14s   146us    52ms     1ms     6ms     3ms   403us
# Lock time      9    82ms     2us     9ms     8us     4us   100us     3us
# Rows sent      0  10.04k       1       1       1       1       0       1
# Rows examine   0  10.04k       1       1       1       1       0       1
# Query size     1 395.75k      36      40   39.41   38.53    0.28   38.53
# String:
# Databases    isuconp
# Hosts        localhost
# Users        isuconp
# Query_time distribution
#   1us
#  10us
# 100us  ################################################################
#   1ms  ##############################
#  10ms  #
# 100ms
#    1s
#  10s+
# Tables
#    SHOW TABLE STATUS FROM `isuconp` LIKE 'posts'\G
#    SHOW CREATE TABLE `isuconp`.`posts`\G
# EXPLAIN /*!50100 PARTITIONS*/
SELECT * FROM `posts` WHERE `id` = 10434\G

# Query 6: 228.77 QPS, 0.12x concurrency, ID 0x624863D30DAC59FA16849282195BE09F at byte 21128843
# Scores: V/M = 0.00
# Time range: 2022-07-03T12:18:02 to 2022-07-03T12:19:04
# Attribute    pct   total     min     max     avg     95%  stddev  median
# ============ === ======= ======= ======= ======= ======= ======= =======
# Count         16   14184
# Exec time      3      7s   104us    32ms   524us     2ms     1ms   194us
# Lock time     18   166ms     2us     7ms    11us     4us   149us     3us
# Rows sent      0  17.78k       0       3    1.28    2.90    1.44       0
# Rows examine   0  17.78k       0       3    1.28    2.90    1.44       0
# Query size     4   1.12M      79      83   82.58   80.10    0.12   80.10
# String:
# Databases    isuconp
# Hosts        localhost
# Users        isuconp
# Query_time distribution
#   1us
#  10us
# 100us  ################################################################
#   1ms  #######
#  10ms  #
# 100ms
#    1s
#  10s+
# Tables
#    SHOW TABLE STATUS FROM `isuconp` LIKE 'comments'\G
#    SHOW CREATE TABLE `isuconp`.`comments`\G
# EXPLAIN /*!50100 PARTITIONS*/
SELECT * FROM `comments` WHERE `post_id` = 9997 ORDER BY `created_at` DESC LIMIT 3\G

# Query 7: 242.47 QPS, 0.11x concurrency, ID 0x422390B42D4DD86C7539A5F45EB76A80 at byte 30165382
# Scores: V/M = 0.00
# Time range: 2022-07-03T12:18:02 to 2022-07-03T12:19:04
# Attribute    pct   total     min     max     avg     95%  stddev  median
# ============ === ======= ======= ======= ======= ======= ======= =======
# Count         17   15033
# Exec time      3      7s   104us    41ms   454us     2ms     1ms   176us
# Lock time     19   182ms     2us    19ms    12us     4us   192us     3us
# Rows sent      0  14.68k       1       1       1       1       0       1
# Rows examine   0  67.32k       0      22    4.59   13.83    5.31       0
# Query size     4 962.21k      62      66   65.54   65.89    1.56   65.89
# String:
# Databases    isuconp
# Hosts        localhost
# Users        isuconp
# Query_time distribution
#   1us
#  10us
# 100us  ################################################################
#   1ms  ######
#  10ms  #
# 100ms
#    1s
#  10s+
# Tables
#    SHOW TABLE STATUS FROM `isuconp` LIKE 'comments'\G
#    SHOW CREATE TABLE `isuconp`.`comments`\G
# EXPLAIN /*!50100 PARTITIONS*/
SELECT COUNT(*) AS `count` FROM `comments` WHERE `post_id` = 10429\G

# Query 8: 2.10 QPS, 0.11x concurrency, ID 0xE83DA93257C7B787C67B1B05D2469241 at byte 35821494
# Scores: V/M = 0.01
# Time range: 2022-07-03T12:18:02 to 2022-07-03T12:19:03
# Attribute    pct   total     min     max     avg     95%  stddev  median
# ============ === ======= ======= ======= ======= ======= ======= =======
# Count          0     128
# Exec time      3      7s     6ms   137ms    51ms   100ms    27ms    44ms
# Lock time      0     2ms     3us     2ms    19us     4us   169us     3us
# Rows sent      0   1.22k       2      20    9.79   14.52    2.89    9.83
# Rows examine   4   1.22M   9.77k   9.83k   9.80k   9.80k   26.50   9.33k
# Query size     0  14.24k     113     114  113.94  112.70       0  112.70
# String:
# Databases    isuconp
# Hosts        localhost
# Users        isuconp
# Query_time distribution
#   1us
#  10us
# 100us
#   1ms  #
#  10ms  ################################################################
# 100ms  ######
#    1s
#  10s+
# Tables
#    SHOW TABLE STATUS FROM `isuconp` LIKE 'posts'\G
#    SHOW CREATE TABLE `isuconp`.`posts`\G
# EXPLAIN /*!50100 PARTITIONS*/
SELECT `id`, `user_id`, `body`, `mime`, `created_at` FROM `posts` WHERE `user_id` = 874 ORDER BY `created_at` DESC\G
